FUNCTION EVALUATIONS = 1573
GRADIENT EVALUATIONS = 1273
MINIMUM =  0.000000  0.000000  0.000000 
FAIL     PERCENT = 0.00
FUNCTION EVALUATIONS = 1862
GRADIENT EVALUATIONS = 1514
MINIMUM =  0.000000  -0.000000  0.000000 
FAIL     PERCENT = 0.67
FUNCTION EVALUATIONS = 1802
GRADIENT EVALUATIONS = 1464
MINIMUM =  0.000000  0.000000  0.000000 
FAIL     PERCENT = 0.69
FUNCTION EVALUATIONS = 1649
GRADIENT EVALUATIONS = 1331
MINIMUM =  0.000000  0.000000  0.000000 
FAIL     PERCENT = 0.00
FUNCTION EVALUATIONS = 1789
GRADIENT EVALUATIONS = 1453
MINIMUM =  0.000000  -0.000000  0.000000 
FAIL     PERCENT = 0.00
FUNCTION EVALUATIONS = 1585
GRADIENT EVALUATIONS = 1283
MINIMUM =  -0.000000  -0.000000  0.000000 
FAIL     PERCENT = 1.57
FUNCTION EVALUATIONS = 1659
GRADIENT EVALUATIONS = 1345
MINIMUM =  -0.000000  -0.000000  0.000000 
FAIL     PERCENT = 0.00
FUNCTION EVALUATIONS = 1647
GRADIENT EVALUATIONS = 1335
MINIMUM =  0.000000  0.000000  0.000000 
FAIL     PERCENT = 0.00
FUNCTION EVALUATIONS = 1597
GRADIENT EVALUATIONS = 1293
MINIMUM =  0.000000  0.000000  0.000000 
FAIL     PERCENT = 2.33
FUNCTION EVALUATIONS = 1587
GRADIENT EVALUATIONS = 1285
MINIMUM =  -0.000000  -0.000000  0.000000 
FAIL     PERCENT = 0.79
FUNCTION EVALUATIONS = 1875
GRADIENT EVALUATIONS = 1525
MINIMUM =  0.000000  -0.000000  0.000000 
FAIL     PERCENT = 0.00
FUNCTION EVALUATIONS = 1718
GRADIENT EVALUATIONS = 1394
MINIMUM =  -0.000000  0.000000  0.000000 
FAIL     PERCENT = 0.73
FUNCTION EVALUATIONS = 1742
GRADIENT EVALUATIONS = 1414
MINIMUM =  -0.000000  0.000000  0.000000 
FAIL     PERCENT = 0.00
FUNCTION EVALUATIONS = 1647
GRADIENT EVALUATIONS = 1335
MINIMUM =  0.000000  -0.000000  0.000000 
FAIL     PERCENT = 0.00
FUNCTION EVALUATIONS = 1610
GRADIENT EVALUATIONS = 1304
MINIMUM =  0.000000  0.000000  0.000000 
FAIL     PERCENT = 0.00
FUNCTION EVALUATIONS = 1874
GRADIENT EVALUATIONS = 1524
MINIMUM =  0.000000  -0.000000  0.000000 
FAIL     PERCENT = 0.67
FUNCTION EVALUATIONS = 1647
GRADIENT EVALUATIONS = 1335
MINIMUM =  -0.000000  -0.000000  0.000000 
FAIL     PERCENT = 0.00
FUNCTION EVALUATIONS = 1680
GRADIENT EVALUATIONS = 1362
MINIMUM =  0.000000  0.000000  0.000000 
FAIL     PERCENT = 0.00
FUNCTION EVALUATIONS = 1610
GRADIENT EVALUATIONS = 1304
MINIMUM =  0.000000  -0.000000  0.000000 
FAIL     PERCENT = 0.00
FUNCTION EVALUATIONS = 1683
GRADIENT EVALUATIONS = 1365
MINIMUM =  -0.000000  0.000000  0.000000 
FAIL     PERCENT = 2.21
FUNCTION EVALUATIONS = 1813
GRADIENT EVALUATIONS = 1473
MINIMUM =  0.000000  -0.000000  0.000000 
FAIL     PERCENT = 0.00
FUNCTION EVALUATIONS = 1682
GRADIENT EVALUATIONS = 1364
MINIMUM =  0.000000  0.000000  0.000000 
FAIL     PERCENT = 0.75
FUNCTION EVALUATIONS = 1729
GRADIENT EVALUATIONS = 1403
MINIMUM =  0.000000  -0.000000  0.000000 
FAIL     PERCENT = 0.00
FUNCTION EVALUATIONS = 1601
GRADIENT EVALUATIONS = 1291
MINIMUM =  -0.000000  0.000000  0.000000 
FAIL     PERCENT = 0.00
FUNCTION EVALUATIONS = 1621
GRADIENT EVALUATIONS = 1313
MINIMUM =  -0.000000  0.000000  0.000000 
FAIL     PERCENT = 0.00
FUNCTION EVALUATIONS = 1598
GRADIENT EVALUATIONS = 1294
MINIMUM =  0.000000  -0.000000  0.000000 
FAIL     PERCENT = 0.00
FUNCTION EVALUATIONS = 1635
GRADIENT EVALUATIONS = 1325
MINIMUM =  -0.000000  -0.000000  0.000000 
FAIL     PERCENT = 0.00
FUNCTION EVALUATIONS = 1501
GRADIENT EVALUATIONS = 1213
MINIMUM =  0.000000  0.000000  0.000000 
FAIL     PERCENT = 0.00
FUNCTION EVALUATIONS = 1789
GRADIENT EVALUATIONS = 1453
MINIMUM =  -0.000000  0.000000  0.000000 
FAIL     PERCENT = 0.70
FUNCTION EVALUATIONS = 1560
GRADIENT EVALUATIONS = 1262
MINIMUM =  0.000000  0.000000  0.000000 
FAIL     PERCENT = 0.81
