FUNCTION EVALUATIONS = 1682
GRADIENT EVALUATIONS = 1364
MINIMUM =  -0.000000  -0.000000  0.000000 
FAIL     PERCENT = 0.00
FUNCTION EVALUATIONS = 1633
GRADIENT EVALUATIONS = 1323
MINIMUM =  -0.000000  -0.000000  0.000000 
FAIL     PERCENT = 0.77
FUNCTION EVALUATIONS = 1730
GRADIENT EVALUATIONS = 1404
MINIMUM =  0.000000  -0.000000  0.000000 
FAIL     PERCENT = 0.72
FUNCTION EVALUATIONS = 1694
GRADIENT EVALUATIONS = 1374
MINIMUM =  0.000000  0.000000  0.000000 
FAIL     PERCENT = 0.00
FUNCTION EVALUATIONS = 1635
GRADIENT EVALUATIONS = 1325
MINIMUM =  -0.000000  0.000000  0.000000 
FAIL     PERCENT = 0.00
FUNCTION EVALUATIONS = 1421
GRADIENT EVALUATIONS = 1141
MINIMUM =  0.000000  -0.000000  0.000000 
FAIL     PERCENT = 1.72
FUNCTION EVALUATIONS = 1706
GRADIENT EVALUATIONS = 1384
MINIMUM =  0.000000  0.000000  0.000000 
FAIL     PERCENT = 0.00
FUNCTION EVALUATIONS = 1633
GRADIENT EVALUATIONS = 1323
MINIMUM =  0.000000  0.000000  0.000000 
FAIL     PERCENT = 0.00
FUNCTION EVALUATIONS = 1514
GRADIENT EVALUATIONS = 1224
MINIMUM =  0.000000  0.000000  0.000000 
FAIL     PERCENT = 2.46
FUNCTION EVALUATIONS = 1610
GRADIENT EVALUATIONS = 1304
MINIMUM =  -0.000000  -0.000000  0.000000 
FAIL     PERCENT = 0.78
FUNCTION EVALUATIONS = 1922
GRADIENT EVALUATIONS = 1564
MINIMUM =  -0.000000  -0.000000  0.000000 
FAIL     PERCENT = 0.00
FUNCTION EVALUATIONS = 1659
GRADIENT EVALUATIONS = 1345
MINIMUM =  -0.000000  -0.000000  0.000000 
FAIL     PERCENT = 0.76
FUNCTION EVALUATIONS = 1611
GRADIENT EVALUATIONS = 1305
MINIMUM =  -0.000000  0.000000  0.000000 
FAIL     PERCENT = 0.00
FUNCTION EVALUATIONS = 1741
GRADIENT EVALUATIONS = 1413
MINIMUM =  0.000000  0.000000  0.000000 
FAIL     PERCENT = 0.00
FUNCTION EVALUATIONS = 1562
GRADIENT EVALUATIONS = 1264
MINIMUM =  0.000000  -0.000000  0.000000 
FAIL     PERCENT = 0.00
FUNCTION EVALUATIONS = 1754
GRADIENT EVALUATIONS = 1424
MINIMUM =  0.000000  0.000000  0.000000 
FAIL     PERCENT = 0.71
FUNCTION EVALUATIONS = 1682
GRADIENT EVALUATIONS = 1364
MINIMUM =  0.000000  0.000000  0.000000 
FAIL     PERCENT = 0.00
FUNCTION EVALUATIONS = 1718
GRADIENT EVALUATIONS = 1394
MINIMUM =  -0.000000  -0.000000  0.000000 
FAIL     PERCENT = 0.00
FUNCTION EVALUATIONS = 1706
GRADIENT EVALUATIONS = 1384
MINIMUM =  -0.000000  0.000000  0.000000 
FAIL     PERCENT = 0.00
FUNCTION EVALUATIONS = 1817
GRADIENT EVALUATIONS = 1471
MINIMUM =  0.000000  -0.000000  0.000000 
FAIL     PERCENT = 2.00
FUNCTION EVALUATIONS = 1730
GRADIENT EVALUATIONS = 1404
MINIMUM =  -0.000000  -0.000000  0.000000 
FAIL     PERCENT = 0.00
FUNCTION EVALUATIONS = 1730
GRADIENT EVALUATIONS = 1404
MINIMUM =  -0.000000  -0.000000  0.000000 
FAIL     PERCENT = 0.72
FUNCTION EVALUATIONS = 1646
GRADIENT EVALUATIONS = 1334
MINIMUM =  -0.000000  -0.000000  0.000000 
FAIL     PERCENT = 0.00
FUNCTION EVALUATIONS = 1707
GRADIENT EVALUATIONS = 1385
MINIMUM =  -0.000000  -0.000000  0.000000 
FAIL     PERCENT = 0.00
FUNCTION EVALUATIONS = 1850
GRADIENT EVALUATIONS = 1504
MINIMUM =  -0.000000  0.000000  0.000000 
FAIL     PERCENT = 0.00
FUNCTION EVALUATIONS = 1838
GRADIENT EVALUATIONS = 1494
MINIMUM =  0.000000  -0.000000  0.000000 
FAIL     PERCENT = 0.00
FUNCTION EVALUATIONS = 1633
GRADIENT EVALUATIONS = 1323
MINIMUM =  0.000000  0.000000  0.000000 
FAIL     PERCENT = 0.00
FUNCTION EVALUATIONS = 1682
GRADIENT EVALUATIONS = 1364
MINIMUM =  0.000000  0.000000  0.000000 
FAIL     PERCENT = 0.00
FUNCTION EVALUATIONS = 1733
GRADIENT EVALUATIONS = 1401
MINIMUM =  -0.000000  -0.000000  0.000000 
FAIL     PERCENT = 0.71
FUNCTION EVALUATIONS = 1705
GRADIENT EVALUATIONS = 1383
MINIMUM =  0.000000  0.000000  0.000000 
FAIL     PERCENT = 0.74
