FUNCTION EVALUATIONS = 1405
GRADIENT EVALUATIONS = 1133
MINIMUM =  -0.000000  0.000000  0.000000 
FAIL     PERCENT = 0.00
FUNCTION EVALUATIONS = 1610
GRADIENT EVALUATIONS = 1304
MINIMUM =  -0.000000  -0.000000  0.000000 
FAIL     PERCENT = 0.78
FUNCTION EVALUATIONS = 1645
GRADIENT EVALUATIONS = 1333
MINIMUM =  -0.000000  -0.000000  0.000000 
FAIL     PERCENT = 0.76
FUNCTION EVALUATIONS = 1481
GRADIENT EVALUATIONS = 1191
MINIMUM =  0.000000  0.000000  0.000000 
FAIL     PERCENT = 0.00
FUNCTION EVALUATIONS = 1789
GRADIENT EVALUATIONS = 1453
MINIMUM =  0.000000  0.000000  0.000000 
FAIL     PERCENT = 0.00
FUNCTION EVALUATIONS = 1538
GRADIENT EVALUATIONS = 1244
MINIMUM =  0.000000  -0.000000  0.000000 
FAIL     PERCENT = 1.63
FUNCTION EVALUATIONS = 1658
GRADIENT EVALUATIONS = 1344
MINIMUM =  0.000000  -0.000000  0.000000 
FAIL     PERCENT = 0.00
FUNCTION EVALUATIONS = 1430
GRADIENT EVALUATIONS = 1154
MINIMUM =  0.000000  -0.000000  0.000000 
FAIL     PERCENT = 0.00
FUNCTION EVALUATIONS = 1501
GRADIENT EVALUATIONS = 1213
MINIMUM =  -0.000000  0.000000  0.000000 
FAIL     PERCENT = 2.48
FUNCTION EVALUATIONS = 1633
GRADIENT EVALUATIONS = 1323
MINIMUM =  0.000000  -0.000000  0.000000 
FAIL     PERCENT = 0.77
FUNCTION EVALUATIONS = 1671
GRADIENT EVALUATIONS = 1355
MINIMUM =  -0.000000  -0.000000  0.000000 
FAIL     PERCENT = 0.00
FUNCTION EVALUATIONS = 1633
GRADIENT EVALUATIONS = 1323
MINIMUM =  -0.000000  -0.000000  0.000000 
FAIL     PERCENT = 0.77
FUNCTION EVALUATIONS = 1551
GRADIENT EVALUATIONS = 1255
MINIMUM =  -0.000000  0.000000  0.000000 
FAIL     PERCENT = 0.00
FUNCTION EVALUATIONS = 1562
GRADIENT EVALUATIONS = 1264
MINIMUM =  -0.000000  0.000000  0.000000 
FAIL     PERCENT = 0.00
FUNCTION EVALUATIONS = 1465
GRADIENT EVALUATIONS = 1183
MINIMUM =  0.000000  -0.000000  0.000000 
FAIL     PERCENT = 0.00
FUNCTION EVALUATIONS = 1621
GRADIENT EVALUATIONS = 1313
MINIMUM =  -0.000000  -0.000000  0.000000 
FAIL     PERCENT = 0.78
FUNCTION EVALUATIONS = 1599
GRADIENT EVALUATIONS = 1295
MINIMUM =  -0.000000  0.000000  0.000000 
FAIL     PERCENT = 0.00
FUNCTION EVALUATIONS = 1502
GRADIENT EVALUATIONS = 1214
MINIMUM =  0.000000  -0.000000  0.000000 
FAIL     PERCENT = 0.00
FUNCTION EVALUATIONS = 1514
GRADIENT EVALUATIONS = 1224
MINIMUM =  0.000000  0.000000  0.000000 
FAIL     PERCENT = 0.00
FUNCTION EVALUATIONS = 1562
GRADIENT EVALUATIONS = 1264
MINIMUM =  -0.000000  -0.000000  0.000000 
FAIL     PERCENT = 2.38
FUNCTION EVALUATIONS = 1586
GRADIENT EVALUATIONS = 1284
MINIMUM =  0.000000  0.000000  0.000000 
FAIL     PERCENT = 0.00
FUNCTION EVALUATIONS = 1526
GRADIENT EVALUATIONS = 1234
MINIMUM =  -0.000000  -0.000000  0.000000 
FAIL     PERCENT = 0.83
FUNCTION EVALUATIONS = 1501
GRADIENT EVALUATIONS = 1213
MINIMUM =  -0.000000  -0.000000  0.000000 
FAIL     PERCENT = 0.00
FUNCTION EVALUATIONS = 1550
GRADIENT EVALUATIONS = 1254
MINIMUM =  0.000000  -0.000000  0.000000 
FAIL     PERCENT = 0.00
FUNCTION EVALUATIONS = 1634
GRADIENT EVALUATIONS = 1324
MINIMUM =  -0.000000  0.000000  0.000000 
FAIL     PERCENT = 0.00
FUNCTION EVALUATIONS = 1633
GRADIENT EVALUATIONS = 1323
MINIMUM =  0.000000  0.000000  0.000000 
FAIL     PERCENT = 0.00
FUNCTION EVALUATIONS = 1538
GRADIENT EVALUATIONS = 1244
MINIMUM =  -0.000000  0.000000  0.000000 
FAIL     PERCENT = 0.00
FUNCTION EVALUATIONS = 1537
GRADIENT EVALUATIONS = 1243
MINIMUM =  0.000000  -0.000000  0.000000 
FAIL     PERCENT = 0.00
FUNCTION EVALUATIONS = 1550
GRADIENT EVALUATIONS = 1254
MINIMUM =  -0.000000  0.000000  0.000000 
FAIL     PERCENT = 0.81
FUNCTION EVALUATIONS = 1633
GRADIENT EVALUATIONS = 1323
MINIMUM =  0.000000  0.000000  0.000000 
FAIL     PERCENT = 0.77
