FUNCTION EVALUATIONS = 692
GRADIENT EVALUATIONS = 11
MINIMUM =  -3.141593  5.683451  0.397887 
FAIL     PERCENT = 4.41
FUNCTION EVALUATIONS = 650
GRADIENT EVALUATIONS = 11
MINIMUM =  -3.141593  5.683451  0.397887 
FAIL     PERCENT = 1.84
FUNCTION EVALUATIONS = 714
GRADIENT EVALUATIONS = 17
MINIMUM =  3.141593  5.683451  0.397887 
FAIL     PERCENT = 1.38
FUNCTION EVALUATIONS = 600
GRADIENT EVALUATIONS = 15
MINIMUM =  -3.141593  5.683451  0.397887 
FAIL     PERCENT = 3.27
FUNCTION EVALUATIONS = 638
GRADIENT EVALUATIONS = 11
MINIMUM =  -3.141593  5.683451  0.397887 
FAIL     PERCENT = 3.69
FUNCTION EVALUATIONS = 654
GRADIENT EVALUATIONS = 11
MINIMUM =  -3.141593  5.683451  0.397887 
FAIL     PERCENT = 3.59
FUNCTION EVALUATIONS = 693
GRADIENT EVALUATIONS = 16
MINIMUM =  3.141593  5.683451  0.397887 
FAIL     PERCENT = 0.32
FUNCTION EVALUATIONS = 618
GRADIENT EVALUATIONS = 15
MINIMUM =  -3.141593  5.683451  0.397887 
FAIL     PERCENT = 3.50
FUNCTION EVALUATIONS = 637
GRADIENT EVALUATIONS = 12
MINIMUM =  3.141593  5.683451  0.397887 
FAIL     PERCENT = 0.87
FUNCTION EVALUATIONS = 641
GRADIENT EVALUATIONS = 12
MINIMUM =  -3.141593  5.683451  0.397887 
FAIL     PERCENT = 3.51
FUNCTION EVALUATIONS = 624
GRADIENT EVALUATIONS = 14
MINIMUM =  -3.141593  5.683451  0.397887 
FAIL     PERCENT = 6.38
FUNCTION EVALUATIONS = 651
GRADIENT EVALUATIONS = 12
MINIMUM =  -3.141593  5.683451  0.397887 
FAIL     PERCENT = 4.40
FUNCTION EVALUATIONS = 703
GRADIENT EVALUATIONS = 16
MINIMUM =  -3.141593  5.683451  0.397887 
FAIL     PERCENT = 6.34
FUNCTION EVALUATIONS = 642
GRADIENT EVALUATIONS = 11
MINIMUM =  -3.141593  5.683451  0.397887 
FAIL     PERCENT = 3.82
FUNCTION EVALUATIONS = 620
GRADIENT EVALUATIONS = 14
MINIMUM =  -3.141593  5.683451  0.397887 
FAIL     PERCENT = 3.32
FUNCTION EVALUATIONS = 674
GRADIENT EVALUATIONS = 11
MINIMUM =  3.141593  5.683451  0.397887 
FAIL     PERCENT = 0.16
FUNCTION EVALUATIONS = 682
GRADIENT EVALUATIONS = 14
MINIMUM =  3.141593  5.683451  0.397887 
FAIL     PERCENT = 0.96
FUNCTION EVALUATIONS = 655
GRADIENT EVALUATIONS = 11
MINIMUM =  -3.141593  5.683451  0.397887 
FAIL     PERCENT = 2.79
FUNCTION EVALUATIONS = 662
GRADIENT EVALUATIONS = 12
MINIMUM =  -3.141593  5.683451  0.397887 
FAIL     PERCENT = 4.63
FUNCTION EVALUATIONS = 655
GRADIENT EVALUATIONS = 14
MINIMUM =  3.141593  5.683451  0.397887 
FAIL     PERCENT = 0.67
FUNCTION EVALUATIONS = 719
GRADIENT EVALUATIONS = 14
MINIMUM =  3.141593  5.683451  0.397887 
FAIL     PERCENT = 1.06
FUNCTION EVALUATIONS = 663
GRADIENT EVALUATIONS = 14
MINIMUM =  -3.141593  5.683451  0.397887 
FAIL     PERCENT = 3.08
FUNCTION EVALUATIONS = 866
GRADIENT EVALUATIONS = 13
MINIMUM =  -3.141593  5.683451  0.397887 
FAIL     PERCENT = 5.54
FUNCTION EVALUATIONS = 708
GRADIENT EVALUATIONS = 15
MINIMUM =  3.141593  5.683451  0.397887 
FAIL     PERCENT = 1.38
FUNCTION EVALUATIONS = 657
GRADIENT EVALUATIONS = 15
MINIMUM =  3.141593  5.683451  0.397887 
FAIL     PERCENT = 0.51
FUNCTION EVALUATIONS = 691
GRADIENT EVALUATIONS = 11
MINIMUM =  3.141593  5.683451  0.397887 
FAIL     PERCENT = 0.00
FUNCTION EVALUATIONS = 590
GRADIENT EVALUATIONS = 11
MINIMUM =  -3.141593  5.683451  0.397887 
FAIL     PERCENT = 3.83
FUNCTION EVALUATIONS = 742
GRADIENT EVALUATIONS = 12
MINIMUM =  3.141593  5.683451  0.397887 
FAIL     PERCENT = 2.31
FUNCTION EVALUATIONS = 757
GRADIENT EVALUATIONS = 14
MINIMUM =  3.141593  5.683451  0.397887 
FAIL     PERCENT = 1.29
FUNCTION EVALUATIONS = 640
GRADIENT EVALUATIONS = 13
MINIMUM =  -3.141593  5.683451  0.397887 
FAIL     PERCENT = 4.49
