FUNCTION EVALUATIONS = 669
GRADIENT EVALUATIONS = 17
MINIMUM =  -0.089842  0.712656  -1.031628 
FAIL     PERCENT = 0.00
FUNCTION EVALUATIONS = 653
GRADIENT EVALUATIONS = 17
MINIMUM =  -0.089842  0.712656  -1.031628 
FAIL     PERCENT = 0.34
FUNCTION EVALUATIONS = 625
GRADIENT EVALUATIONS = 10
MINIMUM =  0.089842  -0.712656  -1.031628 
FAIL     PERCENT = 0.18
FUNCTION EVALUATIONS = 676
GRADIENT EVALUATIONS = 14
MINIMUM =  0.089842  -0.712656  -1.031628 
FAIL     PERCENT = 0.00
FUNCTION EVALUATIONS = 742
GRADIENT EVALUATIONS = 10
MINIMUM =  0.089842  -0.712656  -1.031628 
FAIL     PERCENT = 0.15
FUNCTION EVALUATIONS = 723
GRADIENT EVALUATIONS = 14
MINIMUM =  -0.089842  0.712656  -1.031628 
FAIL     PERCENT = 0.30
FUNCTION EVALUATIONS = 666
GRADIENT EVALUATIONS = 14
MINIMUM =  -0.089842  0.712656  -1.031628 
FAIL     PERCENT = 0.00
FUNCTION EVALUATIONS = 658
GRADIENT EVALUATIONS = 13
MINIMUM =  -0.089842  0.712656  -1.031628 
FAIL     PERCENT = 0.00
FUNCTION EVALUATIONS = 719
GRADIENT EVALUATIONS = 10
MINIMUM =  0.089842  -0.712656  -1.031628 
FAIL     PERCENT = 0.45
FUNCTION EVALUATIONS = 675
GRADIENT EVALUATIONS = 12
MINIMUM =  0.089842  -0.712656  -1.031628 
FAIL     PERCENT = 0.16
FUNCTION EVALUATIONS = 693
GRADIENT EVALUATIONS = 14
MINIMUM =  0.089842  -0.712656  -1.031628 
FAIL     PERCENT = 0.00
FUNCTION EVALUATIONS = 753
GRADIENT EVALUATIONS = 9
MINIMUM =  0.089842  -0.712656  -1.031628 
FAIL     PERCENT = 0.14
FUNCTION EVALUATIONS = 694
GRADIENT EVALUATIONS = 25
MINIMUM =  0.089842  -0.712656  -1.031628 
FAIL     PERCENT = 0.00
FUNCTION EVALUATIONS = 739
GRADIENT EVALUATIONS = 10
MINIMUM =  -0.089842  0.712656  -1.031628 
FAIL     PERCENT = 0.29
FUNCTION EVALUATIONS = 647
GRADIENT EVALUATIONS = 10
MINIMUM =  -0.089842  0.712656  -1.031628 
FAIL     PERCENT = 0.00
FUNCTION EVALUATIONS = 715
GRADIENT EVALUATIONS = 19
MINIMUM =  -0.089842  0.712656  -1.031628 
FAIL     PERCENT = 0.16
FUNCTION EVALUATIONS = 614
GRADIENT EVALUATIONS = 13
MINIMUM =  0.089842  -0.712656  -1.031628 
FAIL     PERCENT = 0.00
FUNCTION EVALUATIONS = 673
GRADIENT EVALUATIONS = 17
MINIMUM =  -0.089842  0.712656  -1.031628 
FAIL     PERCENT = 0.33
FUNCTION EVALUATIONS = 662
GRADIENT EVALUATIONS = 13
MINIMUM =  -0.089842  0.712656  -1.031628 
FAIL     PERCENT = 0.00
FUNCTION EVALUATIONS = 680
GRADIENT EVALUATIONS = 30
MINIMUM =  -0.089842  0.712656  -1.031628 
FAIL     PERCENT = 0.17
FUNCTION EVALUATIONS = 703
GRADIENT EVALUATIONS = 13
MINIMUM =  -0.089842  0.712656  -1.031628 
FAIL     PERCENT = 0.16
FUNCTION EVALUATIONS = 680
GRADIENT EVALUATIONS = 10
MINIMUM =  -0.089842  0.712656  -1.031628 
FAIL     PERCENT = 0.32
FUNCTION EVALUATIONS = 647
GRADIENT EVALUATIONS = 10
MINIMUM =  0.089842  -0.712656  -1.031628 
FAIL     PERCENT = 0.00
FUNCTION EVALUATIONS = 714
GRADIENT EVALUATIONS = 10
MINIMUM =  -0.089842  0.712656  -1.031628 
FAIL     PERCENT = 0.00
FUNCTION EVALUATIONS = 642
GRADIENT EVALUATIONS = 10
MINIMUM =  0.089842  -0.712656  -1.031628 
FAIL     PERCENT = 0.00
FUNCTION EVALUATIONS = 663
GRADIENT EVALUATIONS = 11
MINIMUM =  0.089842  -0.712656  -1.031628 
FAIL     PERCENT = 0.00
FUNCTION EVALUATIONS = 680
GRADIENT EVALUATIONS = 15
MINIMUM =  -0.089842  0.712656  -1.031628 
FAIL     PERCENT = 0.00
FUNCTION EVALUATIONS = 723
GRADIENT EVALUATIONS = 17
MINIMUM =  -0.089842  0.712656  -1.031628 
FAIL     PERCENT = 0.30
FUNCTION EVALUATIONS = 621
GRADIENT EVALUATIONS = 9
MINIMUM =  -0.089842  0.712656  -1.031628 
FAIL     PERCENT = 0.88
FUNCTION EVALUATIONS = 689
GRADIENT EVALUATIONS = 9
MINIMUM =  0.089842  -0.712656  -1.031628 
FAIL     PERCENT = 0.16
