FUNCTION EVALUATIONS = 688
GRADIENT EVALUATIONS = 492
MINIMUM =  -81.681409  35.499693  -1.000000 
FAIL     PERCENT = 13.25
FUNCTION EVALUATIONS = 540
GRADIENT EVALUATIONS = 374
MINIMUM =  -50.265482  -89.184357  -1.000000 
FAIL     PERCENT = 13.64
FUNCTION EVALUATIONS = 617
GRADIENT EVALUATIONS = 441
MINIMUM =  -81.681409  53.279517  -1.000000 
FAIL     PERCENT = 11.43
FUNCTION EVALUATIONS = 640
GRADIENT EVALUATIONS = 450
MINIMUM =  -12.566371  -33.443412  -1.000000 
FAIL     PERCENT = 15.85
FUNCTION EVALUATIONS = 752
GRADIENT EVALUATIONS = 554
MINIMUM =  -81.681409  -9.357319  -1.000000 
FAIL     PERCENT = 16.09
FUNCTION EVALUATIONS = 656
GRADIENT EVALUATIONS = 474
MINIMUM =  -12.566371  -57.062576  -1.000000 
FAIL     PERCENT = 13.33
FUNCTION EVALUATIONS = 682
GRADIENT EVALUATIONS = 486
MINIMUM =  37.699112  -13.211528  -1.000000 
FAIL     PERCENT = 12.20
FUNCTION EVALUATIONS = 601
GRADIENT EVALUATIONS = 425
MINIMUM =  12.566371  62.367296  -1.000000 
FAIL     PERCENT = 7.46
FUNCTION EVALUATIONS = 711
GRADIENT EVALUATIONS = 515
MINIMUM =  37.699112  85.898279  -1.000000 
FAIL     PERCENT = 12.20
FUNCTION EVALUATIONS = 543
GRADIENT EVALUATIONS = 383
MINIMUM =  -43.982297  -35.898341  -1.000000 
FAIL     PERCENT = 8.47
FUNCTION EVALUATIONS = 630
GRADIENT EVALUATIONS = 456
MINIMUM =  -75.398224  -92.989933  -1.000000 
FAIL     PERCENT = 17.57
FUNCTION EVALUATIONS = 646
GRADIENT EVALUATIONS = 472
MINIMUM =  -69.115038  -7.161162  -1.000000 
FAIL     PERCENT = 11.59
FUNCTION EVALUATIONS = 577
GRADIENT EVALUATIONS = 407
MINIMUM =  75.398224  -92.083226  -1.000000 
FAIL     PERCENT = 10.61
FUNCTION EVALUATIONS = 732
GRADIENT EVALUATIONS = 538
MINIMUM =  -50.265482  37.217018  -1.000000 
FAIL     PERCENT = 7.79
FUNCTION EVALUATIONS = 606
GRADIENT EVALUATIONS = 434
MINIMUM =  -6.283185  29.945400  -1.000000 
FAIL     PERCENT = 16.67
FUNCTION EVALUATIONS = 664
GRADIENT EVALUATIONS = 482
MINIMUM =  -0.000000  71.169338  -1.000000 
FAIL     PERCENT = 9.72
FUNCTION EVALUATIONS = 731
GRADIENT EVALUATIONS = 535
MINIMUM =  -69.115038  -45.678128  -1.000000 
FAIL     PERCENT = 13.25
FUNCTION EVALUATIONS = 595
GRADIENT EVALUATIONS = 415
MINIMUM =  -12.566371  -35.155174  -1.000000 
FAIL     PERCENT = 9.86
FUNCTION EVALUATIONS = 524
GRADIENT EVALUATIONS = 356
MINIMUM =  18.849556  55.033681  -1.000000 
FAIL     PERCENT = 1.69
FUNCTION EVALUATIONS = 641
GRADIENT EVALUATIONS = 447
MINIMUM =  -12.566371  -81.366839  -1.000000 
FAIL     PERCENT = 19.32
FUNCTION EVALUATIONS = 594
GRADIENT EVALUATIONS = 418
MINIMUM =  43.982297  -14.435833  -1.000000 
FAIL     PERCENT = 3.12
FUNCTION EVALUATIONS = 614
GRADIENT EVALUATIONS = 438
MINIMUM =  -25.132741  -53.829508  -1.000000 
FAIL     PERCENT = 11.43
FUNCTION EVALUATIONS = 605
GRADIENT EVALUATIONS = 429
MINIMUM =  -31.415927  -9.272619  -1.000000 
FAIL     PERCENT = 16.22
FUNCTION EVALUATIONS = 648
GRADIENT EVALUATIONS = 468
MINIMUM =  81.681409  5.492401  -1.000000 
FAIL     PERCENT = 7.25
FUNCTION EVALUATIONS = 677
GRADIENT EVALUATIONS = 497
MINIMUM =  94.247780  -50.473475  -1.000000 
FAIL     PERCENT = 15.79
FUNCTION EVALUATIONS = 589
GRADIENT EVALUATIONS = 415
MINIMUM =  50.265482  -18.489730  -1.000000 
FAIL     PERCENT = 4.69
FUNCTION EVALUATIONS = 647
GRADIENT EVALUATIONS = 459
MINIMUM =  -69.115038  55.491680  -1.000000 
FAIL     PERCENT = 5.56
FUNCTION EVALUATIONS = 661
GRADIENT EVALUATIONS = 477
MINIMUM =  -69.115038  24.360745  -1.000000 
FAIL     PERCENT = 14.29
FUNCTION EVALUATIONS = 562
GRADIENT EVALUATIONS = 394
MINIMUM =  -43.982297  -66.431207  -1.000000 
FAIL     PERCENT = 21.62
FUNCTION EVALUATIONS = 664
GRADIENT EVALUATIONS = 474
MINIMUM =  25.132741  84.494654  -1.000000 
FAIL     PERCENT = 15.85
