FUNCTION EVALUATIONS = 102525
GRADIENT EVALUATIONS = 19
MINIMUM =  -0.000000  0.000000  0.000000  0.000000  -0.000000  -0.000000  -0.000000  -0.000000  0.000000  -0.000000  -0.000000  0.000000  0.000000  -0.000000  -0.000000  0.000000  0.000000  0.000000  0.000000  0.000000  -0.000000  -0.000000  0.000000  -0.000000  0.000000  0.000000  -0.000000  0.000000  -0.000000  -0.000000  -0.000000  0.000000  0.000000  0.000000  -0.000000  -0.000000  0.000000  -0.000000  0.000000  0.000000  0.000000  -0.000000  0.000000  0.000000  -0.000000  0.000000  0.000000  -0.000000  -0.000000  0.000000  0.000000  -0.000000  -0.000000  0.000000  0.000000  0.000000  -0.000000  0.000000  -0.000000  -0.000000  0.000000  0.000000  -0.000000  -0.000000  0.000000  0.000000  0.000000  0.000000  -0.000000  -0.000000  0.000000  0.000000  -0.000000  0.000000  0.000000  -0.000000  -0.000000  0.000000  -0.000000  -0.000000  -0.000000  -0.000000  0.000000  0.000000  0.000000  -0.000000  0.000000  0.000000  0.000000  0.000000  -0.000000  0.000000  0.000000  0.000000  -0.000000  -0.000000  -0.000000  0.000000  0.000000  -0.000000  -1.000000 
FAIL     PERCENT = 0.00
FUNCTION EVALUATIONS = 102528
GRADIENT EVALUATIONS = 19
MINIMUM =  0.000000  0.000000  -0.000000  -0.000000  -0.000000  -0.000000  0.000000  0.000000  -0.000000  -0.000000  0.000000  -0.000000  0.000000  -0.000000  0.000000  -0.000000  0.000000  0.000000  0.000000  -0.000000  0.000000  -0.000000  0.000000  0.000000  0.000000  -0.000000  -0.000000  -0.000000  -0.000000  0.000000  0.000000  -0.000000  -0.000000  0.000000  0.000000  0.000000  -0.000000  0.000000  -0.000000  0.000000  0.000000  -0.000000  0.000000  0.000000  -0.000000  -0.000000  -0.000000  0.000000  0.000000  0.000000  0.000000  0.000000  -0.000000  0.000000  -0.000000  -0.000000  0.000000  0.000000  -0.000000  -0.000000  0.000000  0.000000  -0.000000  -0.000000  0.000000  -0.000000  0.000000  0.000000  -0.000000  0.000000  0.000000  0.000000  -0.000000  -0.000000  -0.000000  -0.000000  0.000000  0.000000  0.000000  0.000000  0.000000  -0.000000  -0.000000  -0.000000  -0.000000  -0.000000  -0.000000  0.000000  -0.000000  -0.000000  0.000000  0.000000  -0.000000  -0.000000  -0.000000  0.000000  -0.000000  -0.000000  0.000000  0.000000  -1.000000 
FAIL     PERCENT = 0.00
FUNCTION EVALUATIONS = 102527
GRADIENT EVALUATIONS = 19
MINIMUM =  0.000000  0.000000  0.000000  -0.000000  0.000000  0.000000  -0.000000  0.000000  -0.000000  0.000000  0.000000  0.000000  -0.000000  0.000000  -0.000000  -0.000000  0.000000  0.000000  -0.000000  -0.000000  0.000000  0.000000  -0.000000  0.000000  -0.000000  0.000000  0.000000  -0.000000  -0.000000  -0.000000  -0.000000  0.000000  0.000000  0.000000  -0.000000  0.000000  -0.000000  0.000000  0.000000  -0.000000  -0.000000  -0.000000  -0.000000  -0.000000  0.000000  0.000000  -0.000000  -0.000000  0.000000  -0.000000  -0.000000  0.000000  0.000000  -0.000000  -0.000000  -0.000000  0.000000  0.000000  0.000000  0.000000  0.000000  0.000000  0.000000  0.000000  -0.000000  -0.000000  -0.000000  0.000000  -0.000000  -0.000000  0.000000  0.000000  -0.000000  0.000000  -0.000000  -0.000000  0.000000  -0.000000  0.000000  -0.000000  0.000000  0.000000  0.000000  0.000000  0.000000  -0.000000  -0.000000  -0.000000  0.000000  0.000000  -0.000000  0.000000  0.000000  0.000000  -0.000000  0.000000  -0.000000  -0.000000  -0.000000  0.000000  -1.000000 
FAIL     PERCENT = 0.00
FUNCTION EVALUATIONS = 102520
GRADIENT EVALUATIONS = 19
MINIMUM =  0.000000  0.000000  0.000000  -0.000000  -0.000000  -0.000000  -0.000000  -0.000000  0.000000  -0.000000  -0.000000  0.000000  -0.000000  0.000000  0.000000  0.000000  0.000000  0.000000  -0.000000  -0.000000  0.000000  0.000000  0.000000  -0.000000  0.000000  0.000000  0.000000  0.000000  -0.000000  -0.000000  0.000000  -0.000000  -0.000000  -0.000000  0.000000  0.000000  -0.000000  0.000000  -0.000000  -0.000000  -0.000000  -0.000000  0.000000  0.000000  -0.000000  0.000000  -0.000000  0.000000  -0.000000  -0.000000  -0.000000  0.000000  0.000000  -0.000000  -0.000000  -0.000000  -0.000000  -0.000000  -0.000000  0.000000  0.000000  0.000000  -0.000000  0.000000  0.000000  0.000000  0.000000  -0.000000  -0.000000  -0.000000  0.000000  0.000000  -0.000000  -0.000000  -0.000000  -0.000000  0.000000  0.000000  -0.000000  -0.000000  0.000000  0.000000  0.000000  -0.000000  0.000000  -0.000000  -0.000000  -0.000000  0.000000  -0.000000  -0.000000  0.000000  0.000000  0.000000  -0.000000  -0.000000  0.000000  -0.000000  0.000000  0.000000  -1.000000 
FAIL     PERCENT = 0.00
FUNCTION EVALUATIONS = 102538
GRADIENT EVALUATIONS = 19
MINIMUM =  0.000000  -0.000000  -0.000000  -0.000000  0.000000  -0.000000  -0.000000  0.000000  -0.000000  -0.000000  -0.000000  -0.000000  -0.000000  0.000000  -0.000000  -0.000000  -0.000000  0.000000  -0.000000  0.000000  0.000000  0.000000  0.000000  0.000000  -0.000000  0.000000  -0.000000  -0.000000  0.000000  -0.000000  0.000000  0.000000  -0.000000  0.000000  -0.000000  0.000000  -0.000000  -0.000000  -0.000000  0.000000  0.000000  0.000000  -0.000000  -0.000000  -0.000000  0.000000  0.000000  -0.000000  -0.000000  0.000000  0.000000  0.000000  -0.000000  -0.000000  -0.000000  -0.000000  -0.000000  -0.000000  -0.000000  -0.000000  0.000000  -0.000000  -0.000000  0.000000  -0.000000  -0.000000  0.000000  0.000000  0.000000  -0.000000  -0.000000  -0.000000  0.000000  0.000000  -0.000000  -0.000000  0.000000  -0.000000  -0.000000  0.000000  0.000000  0.000000  0.000000  -0.000000  -0.000000  0.000000  -0.000000  -0.000000  -0.000000  0.000000  -0.000000  -0.000000  -0.000000  0.000000  -0.000000  0.000000  0.000000  -0.000000  -0.000000  0.000000  -1.000000 
FAIL     PERCENT = 0.00
FUNCTION EVALUATIONS = 102522
GRADIENT EVALUATIONS = 19
MINIMUM =  0.000000  0.000000  -0.000000  0.000000  0.000000  -0.000000  -0.000000  -0.000000  0.000000  0.000000  -0.000000  -0.000000  -0.000000  -0.000000  0.000000  -0.000000  -0.000000  -0.000000  0.000000  0.000000  0.000000  0.000000  0.000000  -0.000000  -0.000000  -0.000000  0.000000  0.000000  0.000000  0.000000  -0.000000  -0.000000  0.000000  0.000000  0.000000  0.000000  0.000000  -0.000000  -0.000000  0.000000  0.000000  0.000000  0.000000  0.000000  -0.000000  -0.000000  -0.000000  -0.000000  -0.000000  0.000000  0.000000  -0.000000  0.000000  0.000000  -0.000000  0.000000  0.000000  0.000000  0.000000  -0.000000  -0.000000  0.000000  0.000000  0.000000  -0.000000  0.000000  0.000000  0.000000  0.000000  0.000000  0.000000  0.000000  0.000000  -0.000000  -0.000000  0.000000  0.000000  0.000000  0.000000  0.000000  -0.000000  -0.000000  0.000000  0.000000  0.000000  -0.000000  0.000000  0.000000  0.000000  -0.000000  -0.000000  -0.000000  -0.000000  -0.000000  0.000000  0.000000  0.000000  0.000000  -0.000000  0.000000  -1.000000 
FAIL     PERCENT = 0.00
FUNCTION EVALUATIONS = 102525
GRADIENT EVALUATIONS = 19
MINIMUM =  0.000000  -0.000000  -0.000000  0.000000  -0.000000  -0.000000  -0.000000  0.000000  -0.000000  -0.000000  -0.000000  -0.000000  0.000000  -0.000000  0.000000  0.000000  -0.000000  0.000000  0.000000  -0.000000  0.000000  0.000000  0.000000  0.000000  -0.000000  -0.000000  -0.000000  0.000000  -0.000000  -0.000000  -0.000000  0.000000  -0.000000  -0.000000  0.000000  -0.000000  0.000000  -0.000000  -0.000000  -0.000000  -0.000000  0.000000  -0.000000  -0.000000  0.000000  0.000000  -0.000000  -0.000000  0.000000  0.000000  -0.000000  -0.000000  -0.000000  0.000000  0.000000  0.000000  -0.000000  -0.000000  -0.000000  -0.000000  -0.000000  -0.000000  -0.000000  0.000000  0.000000  0.000000  -0.000000  -0.000000  0.000000  0.000000  0.000000  -0.000000  0.000000  0.000000  -0.000000  -0.000000  0.000000  0.000000  -0.000000  0.000000  -0.000000  -0.000000  -0.000000  -0.000000  -0.000000  -0.000000  0.000000  -0.000000  -0.000000  -0.000000  0.000000  0.000000  0.000000  -0.000000  -0.000000  0.000000  0.000000  0.000000  0.000000  -0.000000  -1.000000 
FAIL     PERCENT = 0.00
FUNCTION EVALUATIONS = 102520
GRADIENT EVALUATIONS = 19
MINIMUM =  -0.000000  0.000000  -0.000000  0.000000  -0.000000  -0.000000  0.000000  0.000000  -0.000000  0.000000  -0.000000  0.000000  0.000000  0.000000  0.000000  0.000000  -0.000000  -0.000000  0.000000  -0.000000  0.000000  -0.000000  0.000000  -0.000000  0.000000  0.000000  -0.000000  0.000000  0.000000  0.000000  -0.000000  0.000000  -0.000000  -0.000000  0.000000  0.000000  -0.000000  -0.000000  -0.000000  0.000000  0.000000  0.000000  -0.000000  0.000000  -0.000000  0.000000  0.000000  0.000000  0.000000  0.000000  0.000000  -0.000000  0.000000  0.000000  -0.000000  -0.000000  0.000000  0.000000  -0.000000  -0.000000  0.000000  0.000000  -0.000000  0.000000  -0.000000  0.000000  -0.000000  -0.000000  -0.000000  0.000000  -0.000000  -0.000000  -0.000000  -0.000000  0.000000  0.000000  0.000000  -0.000000  0.000000  0.000000  -0.000000  0.000000  0.000000  0.000000  0.000000  0.000000  -0.000000  -0.000000  0.000000  0.000000  0.000000  -0.000000  0.000000  -0.000000  0.000000  0.000000  0.000000  0.000000  0.000000  0.000000  -1.000000 
FAIL     PERCENT = 0.00
FUNCTION EVALUATIONS = 102520
GRADIENT EVALUATIONS = 19
MINIMUM =  -0.000000  0.000000  0.000000  -0.000000  -0.000000  -0.000000  -0.000000  0.000000  0.000000  -0.000000  -0.000000  0.000000  0.000000  -0.000000  0.000000  0.000000  0.000000  -0.000000  -0.000000  0.000000  0.000000  -0.000000  -0.000000  -0.000000  0.000000  -0.000000  -0.000000  -0.000000  -0.000000  -0.000000  0.000000  0.000000  0.000000  0.000000  -0.000000  0.000000  -0.000000  0.000000  0.000000  0.000000  0.000000  -0.000000  0.000000  0.000000  0.000000  0.000000  -0.000000  -0.000000  -0.000000  0.000000  -0.000000  0.000000  -0.000000  -0.000000  0.000000  0.000000  -0.000000  0.000000  -0.000000  0.000000  0.000000  0.000000  0.000000  0.000000  -0.000000  -0.000000  0.000000  -0.000000  -0.000000  0.000000  -0.000000  -0.000000  -0.000000  -0.000000  0.000000  -0.000000  0.000000  0.000000  0.000000  0.000000  0.000000  -0.000000  -0.000000  0.000000  0.000000  0.000000  0.000000  -0.000000  0.000000  -0.000000  0.000000  -0.000000  0.000000  0.000000  0.000000  -0.000000  0.000000  -0.000000  0.000000  -0.000000  -1.000000 
FAIL     PERCENT = 0.00
FUNCTION EVALUATIONS = 102534
GRADIENT EVALUATIONS = 19
MINIMUM =  0.000000  -0.000000  -0.000000  -0.000000  0.000000  0.000000  0.000000  -0.000000  0.000000  0.000000  0.000000  0.000000  0.000000  -0.000000  0.000000  0.000000  0.000000  0.000000  0.000000  -0.000000  -0.000000  0.000000  0.000000  -0.000000  -0.000000  0.000000  0.000000  -0.000000  0.000000  0.000000  0.000000  -0.000000  -0.000000  0.000000  -0.000000  0.000000  -0.000000  0.000000  -0.000000  -0.000000  -0.000000  -0.000000  0.000000  -0.000000  0.000000  0.000000  -0.000000  0.000000  -0.000000  0.000000  -0.000000  -0.000000  -0.000000  -0.000000  0.000000  0.000000  0.000000  0.000000  0.000000  0.000000  0.000000  0.000000  -0.000000  0.000000  -0.000000  -0.000000  -0.000000  0.000000  -0.000000  0.000000  0.000000  -0.000000  -0.000000  0.000000  0.000000  0.000000  -0.000000  -0.000000  0.000000  0.000000  0.000000  0.000000  -0.000000  -0.000000  -0.000000  -0.000000  0.000000  -0.000000  0.000000  0.000000  -0.000000  0.000000  0.000000  0.000000  -0.000000  0.000000  0.000000  -0.000000  -0.000000  -0.000000  -1.000000 
FAIL     PERCENT = 0.00
FUNCTION EVALUATIONS = 102528
GRADIENT EVALUATIONS = 19
MINIMUM =  0.000000  -0.000000  0.000000  0.000000  0.000000  -0.000000  -0.000000  0.000000  -0.000000  -0.000000  -0.000000  -0.000000  -0.000000  -0.000000  0.000000  0.000000  0.000000  0.000000  0.000000  -0.000000  -0.000000  -0.000000  0.000000  0.000000  0.000000  0.000000  -0.000000  0.000000  0.000000  0.000000  0.000000  0.000000  0.000000  0.000000  -0.000000  -0.000000  0.000000  0.000000  0.000000  0.000000  0.000000  0.000000  0.000000  -0.000000  0.000000  0.000000  0.000000  0.000000  0.000000  0.000000  0.000000  -0.000000  0.000000  -0.000000  -0.000000  -0.000000  0.000000  -0.000000  0.000000  0.000000  -0.000000  0.000000  0.000000  -0.000000  -0.000000  -0.000000  0.000000  -0.000000  -0.000000  0.000000  -0.000000  0.000000  0.000000  -0.000000  0.000000  -0.000000  0.000000  0.000000  -0.000000  -0.000000  0.000000  0.000000  0.000000  -0.000000  -0.000000  0.000000  0.000000  -0.000000  -0.000000  0.000000  0.000000  -0.000000  -0.000000  0.000000  -0.000000  0.000000  0.000000  -0.000000  0.000000  -0.000000  -1.000000 
FAIL     PERCENT = 0.00
FUNCTION EVALUATIONS = 102520
GRADIENT EVALUATIONS = 19
MINIMUM =  0.000000  0.000000  0.000000  0.000000  -0.000000  -0.000000  0.000000  -0.000000  0.000000  0.000000  0.000000  0.000000  0.000000  -0.000000  -0.000000  0.000000  -0.000000  -0.000000  0.000000  0.000000  0.000000  0.000000  -0.000000  0.000000  -0.000000  0.000000  -0.000000  -0.000000  -0.000000  -0.000000  0.000000  0.000000  -0.000000  -0.000000  -0.000000  -0.000000  0.000000  0.000000  -0.000000  -0.000000  0.000000  0.000000  0.000000  0.000000  0.000000  -0.000000  0.000000  -0.000000  -0.000000  -0.000000  -0.000000  0.000000  -0.000000  0.000000  0.000000  -0.000000  0.000000  0.000000  -0.000000  -0.000000  0.000000  0.000000  -0.000000  -0.000000  0.000000  0.000000  0.000000  -0.000000  -0.000000  0.000000  -0.000000  -0.000000  0.000000  0.000000  0.000000  0.000000  -0.000000  0.000000  -0.000000  -0.000000  -0.000000  -0.000000  0.000000  -0.000000  -0.000000  -0.000000  0.000000  0.000000  0.000000  0.000000  -0.000000  0.000000  0.000000  -0.000000  0.000000  0.000000  0.000000  -0.000000  0.000000  0.000000  -1.000000 
FAIL     PERCENT = 0.00
FUNCTION EVALUATIONS = 102539
GRADIENT EVALUATIONS = 19
MINIMUM =  0.000000  -0.000000  0.000000  -0.000000  0.000000  0.000000  0.000000  0.000000  -0.000000  0.000000  -0.000000  -0.000000  -0.000000  -0.000000  0.000000  -0.000000  -0.000000  -0.000000  0.000000  -0.000000  -0.000000  0.000000  0.000000  -0.000000  -0.000000  0.000000  -0.000000  0.000000  0.000000  0.000000  0.000000  0.000000  -0.000000  -0.000000  -0.000000  -0.000000  -0.000000  -0.000000  -0.000000  -0.000000  0.000000  -0.000000  -0.000000  0.000000  -0.000000  -0.000000  -0.000000  0.000000  0.000000  -0.000000  -0.000000  0.000000  0.000000  -0.000000  -0.000000  -0.000000  0.000000  -0.000000  0.000000  -0.000000  -0.000000  -0.000000  -0.000000  -0.000000  -0.000000  -0.000000  0.000000  0.000000  0.000000  0.000000  -0.000000  -0.000000  0.000000  -0.000000  0.000000  -0.000000  -0.000000  -0.000000  0.000000  -0.000000  0.000000  0.000000  -0.000000  0.000000  -0.000000  -0.000000  -0.000000  0.000000  -0.000000  -0.000000  -0.000000  -0.000000  -0.000000  -0.000000  0.000000  -0.000000  -0.000000  0.000000  -0.000000  -0.000000  -1.000000 
FAIL     PERCENT = 0.00
FUNCTION EVALUATIONS = 102525
GRADIENT EVALUATIONS = 19
MINIMUM =  -0.000000  0.000000  -0.000000  -0.000000  -0.000000  -0.000000  -0.000000  0.000000  0.000000  0.000000  0.000000  -0.000000  -0.000000  -0.000000  -0.000000  -0.000000  -0.000000  -0.000000  0.000000  0.000000  0.000000  0.000000  0.000000  -0.000000  -0.000000  -0.000000  0.000000  -0.000000  -0.000000  -0.000000  0.000000  -0.000000  -0.000000  -0.000000  -0.000000  -0.000000  0.000000  0.000000  -0.000000  -0.000000  0.000000  -0.000000  -0.000000  0.000000  0.000000  0.000000  0.000000  0.000000  -0.000000  -0.000000  -0.000000  -0.000000  0.000000  0.000000  -0.000000  0.000000  -0.000000  0.000000  -0.000000  -0.000000  0.000000  0.000000  -0.000000  -0.000000  -0.000000  0.000000  0.000000  -0.000000  0.000000  -0.000000  -0.000000  0.000000  0.000000  0.000000  -0.000000  -0.000000  0.000000  0.000000  -0.000000  0.000000  0.000000  0.000000  0.000000  -0.000000  0.000000  0.000000  -0.000000  -0.000000  0.000000  0.000000  -0.000000  0.000000  0.000000  -0.000000  0.000000  0.000000  -0.000000  -0.000000  0.000000  -0.000000  -1.000000 
FAIL     PERCENT = 0.00
FUNCTION EVALUATIONS = 102531
GRADIENT EVALUATIONS = 19
MINIMUM =  0.000000  -0.000000  -0.000000  -0.000000  0.000000  0.000000  0.000000  0.000000  0.000000  -0.000000  -0.000000  0.000000  0.000000  -0.000000  0.000000  0.000000  0.000000  0.000000  0.000000  -0.000000  -0.000000  -0.000000  -0.000000  0.000000  0.000000  -0.000000  -0.000000  0.000000  0.000000  0.000000  -0.000000  -0.000000  -0.000000  -0.000000  -0.000000  0.000000  -0.000000  -0.000000  0.000000  0.000000  0.000000  0.000000  0.000000  -0.000000  -0.000000  0.000000  -0.000000  0.000000  0.000000  0.000000  -0.000000  0.000000  -0.000000  -0.000000  0.000000  -0.000000  0.000000  -0.000000  0.000000  0.000000  0.000000  0.000000  0.000000  0.000000  0.000000  0.000000  0.000000  0.000000  0.000000  0.000000  0.000000  -0.000000  0.000000  -0.000000  0.000000  -0.000000  -0.000000  0.000000  0.000000  -0.000000  -0.000000  0.000000  -0.000000  -0.000000  -0.000000  0.000000  0.000000  0.000000  -0.000000  -0.000000  -0.000000  0.000000  -0.000000  -0.000000  0.000000  -0.000000  0.000000  0.000000  -0.000000  -0.000000  -1.000000 
FAIL     PERCENT = 0.00
FUNCTION EVALUATIONS = 102538
GRADIENT EVALUATIONS = 19
MINIMUM =  0.000000  -0.000000  0.000000  0.000000  -0.000000  0.000000  -0.000000  0.000000  0.000000  -0.000000  0.000000  0.000000  -0.000000  -0.000000  -0.000000  -0.000000  -0.000000  -0.000000  -0.000000  -0.000000  0.000000  0.000000  0.000000  -0.000000  -0.000000  0.000000  -0.000000  0.000000  0.000000  0.000000  -0.000000  0.000000  0.000000  0.000000  0.000000  0.000000  0.000000  0.000000  -0.000000  -0.000000  -0.000000  0.000000  -0.000000  -0.000000  -0.000000  -0.000000  -0.000000  0.000000  0.000000  -0.000000  0.000000  -0.000000  -0.000000  0.000000  0.000000  -0.000000  -0.000000  -0.000000  -0.000000  -0.000000  0.000000  0.000000  0.000000  0.000000  -0.000000  -0.000000  -0.000000  0.000000  -0.000000  0.000000  0.000000  -0.000000  0.000000  0.000000  0.000000  0.000000  -0.000000  -0.000000  -0.000000  0.000000  -0.000000  0.000000  0.000000  -0.000000  0.000000  -0.000000  0.000000  -0.000000  -0.000000  0.000000  0.000000  0.000000  -0.000000  -0.000000  -0.000000  -0.000000  0.000000  -0.000000  0.000000  -0.000000  -1.000000 
FAIL     PERCENT = 0.00
FUNCTION EVALUATIONS = 102526
GRADIENT EVALUATIONS = 19
MINIMUM =  -0.000000  -0.000000  0.000000  0.000000  -0.000000  0.000000  -0.000000  -0.000000  0.000000  -0.000000  -0.000000  0.000000  -0.000000  -0.000000  0.000000  -0.000000  0.000000  0.000000  0.000000  -0.000000  0.000000  0.000000  -0.000000  -0.000000  -0.000000  0.000000  0.000000  0.000000  -0.000000  0.000000  0.000000  -0.000000  -0.000000  0.000000  -0.000000  -0.000000  0.000000  0.000000  0.000000  0.000000  0.000000  -0.000000  0.000000  -0.000000  -0.000000  -0.000000  -0.000000  -0.000000  -0.000000  0.000000  -0.000000  0.000000  -0.000000  0.000000  0.000000  0.000000  -0.000000  -0.000000  0.000000  0.000000  0.000000  -0.000000  -0.000000  -0.000000  0.000000  0.000000  -0.000000  -0.000000  -0.000000  -0.000000  0.000000  0.000000  0.000000  0.000000  -0.000000  -0.000000  0.000000  -0.000000  0.000000  -0.000000  0.000000  -0.000000  -0.000000  0.000000  -0.000000  0.000000  -0.000000  0.000000  0.000000  0.000000  0.000000  0.000000  0.000000  -0.000000  0.000000  -0.000000  -0.000000  -0.000000  -0.000000  0.000000  -1.000000 
FAIL     PERCENT = 0.00
FUNCTION EVALUATIONS = 102520
GRADIENT EVALUATIONS = 19
MINIMUM =  0.000000  0.000000  -0.000000  0.000000  0.000000  -0.000000  -0.000000  0.000000  0.000000  -0.000000  0.000000  -0.000000  0.000000  -0.000000  -0.000000  -0.000000  0.000000  0.000000  0.000000  -0.000000  -0.000000  0.000000  0.000000  0.000000  0.000000  0.000000  0.000000  -0.000000  0.000000  -0.000000  -0.000000  0.000000  0.000000  -0.000000  0.000000  0.000000  0.000000  -0.000000  -0.000000  -0.000000  -0.000000  0.000000  -0.000000  -0.000000  0.000000  0.000000  0.000000  -0.000000  -0.000000  0.000000  -0.000000  0.000000  0.000000  0.000000  0.000000  0.000000  0.000000  -0.000000  0.000000  -0.000000  -0.000000  0.000000  0.000000  0.000000  -0.000000  0.000000  0.000000  -0.000000  -0.000000  -0.000000  0.000000  0.000000  0.000000  -0.000000  -0.000000  -0.000000  -0.000000  0.000000  -0.000000  0.000000  -0.000000  0.000000  0.000000  0.000000  -0.000000  0.000000  -0.000000  0.000000  0.000000  -0.000000  0.000000  0.000000  0.000000  0.000000  0.000000  0.000000  0.000000  -0.000000  0.000000  -0.000000  -1.000000 
FAIL     PERCENT = 0.00
FUNCTION EVALUATIONS = 102520
GRADIENT EVALUATIONS = 19
MINIMUM =  -0.000000  -0.000000  0.000000  0.000000  -0.000000  0.000000  -0.000000  0.000000  -0.000000  -0.000000  0.000000  0.000000  -0.000000  -0.000000  0.000000  -0.000000  -0.000000  0.000000  -0.000000  -0.000000  0.000000  0.000000  0.000000  0.000000  0.000000  -0.000000  -0.000000  -0.000000  0.000000  0.000000  0.000000  -0.000000  0.000000  0.000000  0.000000  0.000000  0.000000  -0.000000  -0.000000  -0.000000  -0.000000  0.000000  0.000000  -0.000000  0.000000  -0.000000  -0.000000  -0.000000  -0.000000  -0.000000  -0.000000  -0.000000  -0.000000  0.000000  0.000000  0.000000  -0.000000  0.000000  -0.000000  -0.000000  -0.000000  -0.000000  -0.000000  -0.000000  -0.000000  -0.000000  0.000000  0.000000  -0.000000  0.000000  0.000000  0.000000  -0.000000  -0.000000  -0.000000  0.000000  0.000000  0.000000  -0.000000  -0.000000  -0.000000  -0.000000  0.000000  0.000000  0.000000  0.000000  -0.000000  -0.000000  -0.000000  -0.000000  0.000000  0.000000  0.000000  -0.000000  -0.000000  -0.000000  0.000000  -0.000000  0.000000  -0.000000  -1.000000 
FAIL     PERCENT = 0.00
FUNCTION EVALUATIONS = 102527
GRADIENT EVALUATIONS = 19
MINIMUM =  0.000000  0.000000  0.000000  0.000000  -0.000000  -0.000000  -0.000000  -0.000000  0.000000  -0.000000  -0.000000  0.000000  0.000000  0.000000  0.000000  -0.000000  -0.000000  0.000000  -0.000000  -0.000000  0.000000  0.000000  -0.000000  -0.000000  0.000000  0.000000  0.000000  0.000000  -0.000000  0.000000  0.000000  0.000000  0.000000  -0.000000  -0.000000  0.000000  -0.000000  0.000000  -0.000000  0.000000  -0.000000  0.000000  0.000000  -0.000000  0.000000  -0.000000  -0.000000  -0.000000  -0.000000  -0.000000  0.000000  -0.000000  -0.000000  -0.000000  -0.000000  -0.000000  0.000000  0.000000  -0.000000  0.000000  -0.000000  -0.000000  0.000000  -0.000000  0.000000  0.000000  0.000000  0.000000  -0.000000  -0.000000  -0.000000  -0.000000  -0.000000  0.000000  -0.000000  0.000000  0.000000  0.000000  0.000000  -0.000000  -0.000000  -0.000000  0.000000  -0.000000  -0.000000  0.000000  0.000000  0.000000  0.000000  -0.000000  0.000000  0.000000  -0.000000  0.000000  -0.000000  -0.000000  0.000000  0.000000  0.000000  -0.000000  -1.000000 
FAIL     PERCENT = 0.00
FUNCTION EVALUATIONS = 102520
GRADIENT EVALUATIONS = 19
MINIMUM =  0.000000  -0.000000  -0.000000  0.000000  -0.000000  0.000000  -0.000000  0.000000  0.000000  0.000000  -0.000000  0.000000  -0.000000  -0.000000  0.000000  -0.000000  0.000000  0.000000  -0.000000  0.000000  -0.000000  0.000000  -0.000000  -0.000000  0.000000  -0.000000  0.000000  0.000000  -0.000000  -0.000000  -0.000000  0.000000  -0.000000  0.000000  -0.000000  0.000000  -0.000000  -0.000000  0.000000  -0.000000  -0.000000  0.000000  -0.000000  0.000000  0.000000  -0.000000  -0.000000  0.000000  -0.000000  -0.000000  -0.000000  -0.000000  0.000000  -0.000000  0.000000  -0.000000  0.000000  -0.000000  0.000000  -0.000000  0.000000  0.000000  0.000000  -0.000000  -0.000000  -0.000000  -0.000000  -0.000000  -0.000000  -0.000000  0.000000  0.000000  -0.000000  -0.000000  0.000000  -0.000000  0.000000  0.000000  -0.000000  0.000000  -0.000000  -0.000000  -0.000000  0.000000  0.000000  -0.000000  0.000000  -0.000000  0.000000  0.000000  -0.000000  0.000000  -0.000000  0.000000  0.000000  -0.000000  -0.000000  -0.000000  -0.000000  -0.000000  -1.000000 
FAIL     PERCENT = 0.00
FUNCTION EVALUATIONS = 102520
GRADIENT EVALUATIONS = 19
MINIMUM =  -0.000000  0.000000  -0.000000  0.000000  -0.000000  -0.000000  0.000000  -0.000000  0.000000  -0.000000  -0.000000  0.000000  -0.000000  0.000000  0.000000  0.000000  0.000000  0.000000  0.000000  0.000000  0.000000  0.000000  0.000000  0.000000  -0.000000  -0.000000  -0.000000  0.000000  -0.000000  0.000000  -0.000000  0.000000  -0.000000  0.000000  0.000000  0.000000  -0.000000  -0.000000  0.000000  0.000000  -0.000000  0.000000  -0.000000  -0.000000  -0.000000  -0.000000  0.000000  0.000000  -0.000000  0.000000  -0.000000  -0.000000  -0.000000  0.000000  0.000000  0.000000  0.000000  -0.000000  0.000000  -0.000000  -0.000000  0.000000  -0.000000  -0.000000  -0.000000  0.000000  0.000000  0.000000  0.000000  0.000000  0.000000  -0.000000  0.000000  -0.000000  0.000000  0.000000  -0.000000  -0.000000  -0.000000  0.000000  0.000000  -0.000000  0.000000  0.000000  -0.000000  0.000000  0.000000  -0.000000  -0.000000  0.000000  -0.000000  0.000000  -0.000000  -0.000000  0.000000  0.000000  -0.000000  -0.000000  -0.000000  -0.000000  -1.000000 
FAIL     PERCENT = 0.00
FUNCTION EVALUATIONS = 102530
GRADIENT EVALUATIONS = 19
MINIMUM =  -0.000000  -0.000000  0.000000  0.000000  -0.000000  0.000000  0.000000  -0.000000  -0.000000  -0.000000  0.000000  -0.000000  -0.000000  -0.000000  -0.000000  -0.000000  0.000000  -0.000000  0.000000  -0.000000  -0.000000  0.000000  -0.000000  -0.000000  0.000000  -0.000000  -0.000000  -0.000000  -0.000000  -0.000000  -0.000000  -0.000000  0.000000  0.000000  -0.000000  -0.000000  -0.000000  0.000000  0.000000  -0.000000  -0.000000  0.000000  0.000000  -0.000000  0.000000  0.000000  -0.000000  -0.000000  0.000000  -0.000000  0.000000  -0.000000  -0.000000  0.000000  -0.000000  0.000000  0.000000  -0.000000  0.000000  0.000000  -0.000000  0.000000  0.000000  0.000000  0.000000  0.000000  -0.000000  -0.000000  -0.000000  -0.000000  -0.000000  0.000000  0.000000  -0.000000  0.000000  -0.000000  -0.000000  0.000000  -0.000000  -0.000000  -0.000000  0.000000  -0.000000  -0.000000  -0.000000  0.000000  -0.000000  -0.000000  -0.000000  0.000000  -0.000000  0.000000  -0.000000  0.000000  -0.000000  -0.000000  -0.000000  -0.000000  -0.000000  -0.000000  -1.000000 
FAIL     PERCENT = 0.00
FUNCTION EVALUATIONS = 102526
GRADIENT EVALUATIONS = 19
MINIMUM =  0.000000  -0.000000  0.000000  -0.000000  -0.000000  0.000000  -0.000000  -0.000000  -0.000000  0.000000  0.000000  -0.000000  -0.000000  0.000000  0.000000  0.000000  -0.000000  0.000000  -0.000000  0.000000  -0.000000  0.000000  -0.000000  -0.000000  0.000000  0.000000  -0.000000  0.000000  0.000000  -0.000000  0.000000  -0.000000  0.000000  0.000000  0.000000  -0.000000  0.000000  -0.000000  0.000000  -0.000000  0.000000  -0.000000  -0.000000  -0.000000  -0.000000  -0.000000  -0.000000  0.000000  -0.000000  -0.000000  -0.000000  -0.000000  0.000000  0.000000  -0.000000  0.000000  0.000000  0.000000  -0.000000  -0.000000  0.000000  -0.000000  -0.000000  -0.000000  -0.000000  -0.000000  -0.000000  -0.000000  0.000000  -0.000000  -0.000000  -0.000000  0.000000  0.000000  -0.000000  -0.000000  -0.000000  0.000000  0.000000  -0.000000  0.000000  -0.000000  0.000000  -0.000000  -0.000000  -0.000000  -0.000000  -0.000000  -0.000000  -0.000000  0.000000  0.000000  -0.000000  0.000000  -0.000000  -0.000000  -0.000000  0.000000  -0.000000  0.000000  -1.000000 
FAIL     PERCENT = 0.00
FUNCTION EVALUATIONS = 102520
GRADIENT EVALUATIONS = 19
MINIMUM =  0.000000  -0.000000  -0.000000  0.000000  -0.000000  0.000000  0.000000  0.000000  0.000000  0.000000  0.000000  0.000000  -0.000000  0.000000  0.000000  -0.000000  -0.000000  -0.000000  -0.000000  -0.000000  0.000000  -0.000000  0.000000  -0.000000  -0.000000  -0.000000  -0.000000  -0.000000  -0.000000  -0.000000  0.000000  -0.000000  0.000000  0.000000  0.000000  0.000000  0.000000  0.000000  0.000000  -0.000000  -0.000000  -0.000000  -0.000000  -0.000000  -0.000000  0.000000  -0.000000  0.000000  -0.000000  0.000000  -0.000000  -0.000000  -0.000000  0.000000  -0.000000  0.000000  -0.000000  0.000000  0.000000  -0.000000  0.000000  0.000000  0.000000  0.000000  -0.000000  -0.000000  0.000000  -0.000000  -0.000000  0.000000  0.000000  -0.000000  -0.000000  0.000000  -0.000000  0.000000  -0.000000  -0.000000  0.000000  0.000000  -0.000000  0.000000  0.000000  -0.000000  0.000000  -0.000000  0.000000  0.000000  0.000000  -0.000000  -0.000000  0.000000  -0.000000  -0.000000  0.000000  -0.000000  0.000000  0.000000  -0.000000  0.000000  -1.000000 
FAIL     PERCENT = 0.00
FUNCTION EVALUATIONS = 102529
GRADIENT EVALUATIONS = 19
MINIMUM =  0.000000  -0.000000  0.000000  -0.000000  -0.000000  0.000000  -0.000000  -0.000000  0.000000  0.000000  -0.000000  0.000000  -0.000000  0.000000  0.000000  -0.000000  0.000000  -0.000000  0.000000  0.000000  0.000000  -0.000000  0.000000  -0.000000  -0.000000  -0.000000  -0.000000  0.000000  0.000000  0.000000  -0.000000  0.000000  -0.000000  0.000000  0.000000  -0.000000  0.000000  0.000000  0.000000  0.000000  -0.000000  0.000000  0.000000  0.000000  -0.000000  0.000000  0.000000  -0.000000  -0.000000  0.000000  0.000000  0.000000  0.000000  -0.000000  -0.000000  -0.000000  -0.000000  -0.000000  -0.000000  -0.000000  -0.000000  0.000000  -0.000000  -0.000000  -0.000000  -0.000000  -0.000000  -0.000000  0.000000  -0.000000  0.000000  0.000000  -0.000000  -0.000000  -0.000000  0.000000  -0.000000  -0.000000  0.000000  0.000000  -0.000000  -0.000000  -0.000000  0.000000  -0.000000  0.000000  0.000000  0.000000  0.000000  0.000000  0.000000  -0.000000  0.000000  0.000000  -0.000000  -0.000000  -0.000000  -0.000000  -0.000000  0.000000  -1.000000 
FAIL     PERCENT = 0.00
FUNCTION EVALUATIONS = 102528
GRADIENT EVALUATIONS = 19
MINIMUM =  -0.000000  -0.000000  0.000000  -0.000000  -0.000000  0.000000  -0.000000  0.000000  -0.000000  -0.000000  0.000000  -0.000000  -0.000000  0.000000  0.000000  -0.000000  0.000000  -0.000000  0.000000  -0.000000  -0.000000  -0.000000  -0.000000  0.000000  -0.000000  -0.000000  0.000000  -0.000000  -0.000000  -0.000000  0.000000  -0.000000  0.000000  -0.000000  -0.000000  0.000000  -0.000000  0.000000  -0.000000  0.000000  -0.000000  -0.000000  0.000000  0.000000  0.000000  0.000000  -0.000000  -0.000000  -0.000000  -0.000000  0.000000  0.000000  -0.000000  -0.000000  0.000000  0.000000  -0.000000  0.000000  -0.000000  -0.000000  -0.000000  -0.000000  0.000000  0.000000  -0.000000  0.000000  -0.000000  0.000000  -0.000000  0.000000  0.000000  0.000000  -0.000000  0.000000  0.000000  0.000000  0.000000  -0.000000  -0.000000  0.000000  -0.000000  -0.000000  0.000000  0.000000  0.000000  -0.000000  0.000000  -0.000000  0.000000  0.000000  0.000000  0.000000  0.000000  0.000000  0.000000  -0.000000  -0.000000  0.000000  -0.000000  0.000000  -1.000000 
FAIL     PERCENT = 0.00
FUNCTION EVALUATIONS = 102553
GRADIENT EVALUATIONS = 19
MINIMUM =  -0.000000  0.000000  -0.000000  0.000000  -0.000000  0.000000  -0.000000  0.000000  -0.000000  0.000000  -0.000000  0.000000  -0.000000  -0.000000  0.000000  -0.000000  0.000000  -0.000000  -0.000000  -0.000000  -0.000000  -0.000000  0.000000  0.000000  0.000000  0.000000  0.000000  0.000000  0.000000  -0.000000  -0.000000  -0.000000  0.000000  -0.000000  -0.000000  -0.000000  0.000000  0.000000  0.000000  0.000000  -0.000000  0.000000  0.000000  -0.000000  -0.000000  -0.000000  -0.000000  0.000000  -0.000000  -0.000000  0.000000  -0.000000  0.000000  -0.000000  0.000000  -0.000000  -0.000000  0.000000  -0.000000  -0.000000  0.000000  0.000000  0.000000  0.000000  0.000000  -0.000000  0.000000  -0.000000  0.000000  0.000000  -0.000000  -0.000000  -0.000000  0.000000  -0.000000  0.000000  0.000000  0.000000  -0.000000  0.000000  -0.000000  -0.000000  0.000000  -0.000000  -0.000000  0.000000  0.000000  0.000000  0.000000  -0.000000  0.000000  0.000000  0.000000  -0.000000  -0.000000  0.000000  -0.000000  0.000000  -0.000000  0.000000  -1.000000 
FAIL     PERCENT = 0.00
FUNCTION EVALUATIONS = 102543
GRADIENT EVALUATIONS = 19
MINIMUM =  0.000000  0.000000  0.000000  0.000000  -0.000000  0.000000  -0.000000  0.000000  0.000000  -0.000000  -0.000000  -0.000000  -0.000000  -0.000000  -0.000000  -0.000000  -0.000000  -0.000000  0.000000  0.000000  0.000000  -0.000000  0.000000  -0.000000  0.000000  0.000000  0.000000  -0.000000  0.000000  -0.000000  -0.000000  -0.000000  -0.000000  -0.000000  -0.000000  -0.000000  0.000000  0.000000  0.000000  0.000000  0.000000  -0.000000  -0.000000  -0.000000  -0.000000  -0.000000  0.000000  -0.000000  0.000000  0.000000  -0.000000  -0.000000  0.000000  -0.000000  -0.000000  0.000000  0.000000  0.000000  -0.000000  -0.000000  0.000000  -0.000000  0.000000  0.000000  -0.000000  0.000000  -0.000000  0.000000  0.000000  -0.000000  0.000000  -0.000000  -0.000000  0.000000  0.000000  0.000000  -0.000000  -0.000000  0.000000  0.000000  -0.000000  -0.000000  -0.000000  -0.000000  0.000000  -0.000000  -0.000000  -0.000000  -0.000000  0.000000  -0.000000  -0.000000  -0.000000  -0.000000  -0.000000  -0.000000  -0.000000  0.000000  -0.000000  0.000000  -1.000000 
FAIL     PERCENT = 0.00
FUNCTION EVALUATIONS = 102520
GRADIENT EVALUATIONS = 19
MINIMUM =  -0.000000  -0.000000  0.000000  -0.000000  0.000000  0.000000  -0.000000  0.000000  0.000000  0.000000  -0.000000  -0.000000  -0.000000  -0.000000  0.000000  0.000000  -0.000000  -0.000000  -0.000000  -0.000000  -0.000000  -0.000000  0.000000  -0.000000  -0.000000  -0.000000  0.000000  0.000000  -0.000000  0.000000  -0.000000  0.000000  -0.000000  -0.000000  -0.000000  -0.000000  -0.000000  0.000000  0.000000  0.000000  0.000000  -0.000000  0.000000  -0.000000  0.000000  -0.000000  0.000000  0.000000  -0.000000  -0.000000  -0.000000  -0.000000  0.000000  0.000000  0.000000  -0.000000  -0.000000  0.000000  -0.000000  0.000000  -0.000000  -0.000000  -0.000000  -0.000000  0.000000  -0.000000  -0.000000  -0.000000  -0.000000  0.000000  0.000000  -0.000000  -0.000000  -0.000000  -0.000000  -0.000000  0.000000  -0.000000  0.000000  0.000000  -0.000000  0.000000  0.000000  -0.000000  -0.000000  0.000000  0.000000  0.000000  0.000000  0.000000  -0.000000  -0.000000  -0.000000  -0.000000  -0.000000  -0.000000  0.000000  -0.000000  0.000000  -0.000000  -1.000000 
FAIL     PERCENT = 0.00
