FUNCTION EVALUATIONS = 14694
GRADIENT EVALUATIONS = 19
MINIMUM =  0.000000  0.000000  0.000000  0.000000  -0.000000  -0.000000  -0.000000  0.000000  0.000000  -0.000000  0.000000  0.000000  -0.000000  -0.000000  -0.000000  0.000000  -1.000000 
FAIL     PERCENT = 0.00
FUNCTION EVALUATIONS = 22997
GRADIENT EVALUATIONS = 19
MINIMUM =  0.000000  -0.000000  0.000000  -0.000000  0.000000  0.000000  -0.000000  0.000000  -0.000000  -0.000000  0.000000  -0.000000  0.000000  0.000000  -0.000000  0.000000  -1.000000 
FAIL     PERCENT = 0.00
FUNCTION EVALUATIONS = 21520
GRADIENT EVALUATIONS = 19
MINIMUM =  -0.000000  -0.000000  0.000000  -0.000000  0.000000  0.000000  -0.000000  -0.000000  0.000000  -0.000000  0.000000  0.000000  0.000000  0.000000  -0.000000  -0.000000  -1.000000 
FAIL     PERCENT = 0.00
FUNCTION EVALUATIONS = 13483
GRADIENT EVALUATIONS = 19
MINIMUM =  0.000000  -0.000000  0.000000  0.000000  0.000000  0.000000  -0.000000  0.000000  0.000000  -0.000000  0.000000  0.000000  -0.000000  0.000000  -0.000000  0.000000  -1.000000 
FAIL     PERCENT = 0.00
FUNCTION EVALUATIONS = 9340
GRADIENT EVALUATIONS = 19
MINIMUM =  -0.000000  -0.000000  -0.000000  0.000000  0.000000  0.000000  -0.000000  0.000000  0.000000  -0.000000  -0.000000  -0.000000  0.000000  0.000000  -0.000000  0.000000  -1.000000 
FAIL     PERCENT = 0.00
FUNCTION EVALUATIONS = 8372
GRADIENT EVALUATIONS = 19
MINIMUM =  -0.000000  0.000000  0.000000  -0.000000  -0.000000  0.000000  -0.000000  -0.000000  -0.000000  -0.000000  -0.000000  0.000000  -0.000000  -0.000000  0.000000  0.000000  -1.000000 
FAIL     PERCENT = 0.00
FUNCTION EVALUATIONS = 20773
GRADIENT EVALUATIONS = 19
MINIMUM =  0.000000  0.000000  0.000000  -0.000000  0.000000  0.000000  -0.000000  -0.000000  0.000000  0.000000  0.000000  -0.000000  0.000000  0.000000  -0.000000  -0.000000  -1.000000 
FAIL     PERCENT = 0.00
FUNCTION EVALUATIONS = 11708
GRADIENT EVALUATIONS = 19
MINIMUM =  -0.000000  0.000000  0.000000  -0.000000  -0.000000  0.000000  -0.000000  0.000000  0.000000  0.000000  -0.000000  0.000000  0.000000  -0.000000  0.000000  0.000000  -1.000000 
FAIL     PERCENT = 0.00
FUNCTION EVALUATIONS = 12245
GRADIENT EVALUATIONS = 19
MINIMUM =  -0.000000  0.000000  -0.000000  0.000000  -0.000000  0.000000  0.000000  -0.000000  -0.000000  -0.000000  -0.000000  0.000000  0.000000  -0.000000  -0.000000  -0.000000  -1.000000 
FAIL     PERCENT = 0.00
FUNCTION EVALUATIONS = 21765
GRADIENT EVALUATIONS = 19
MINIMUM =  0.000000  0.000000  -0.000000  0.000000  -0.000000  0.000000  0.000000  0.000000  -0.000000  0.000000  -0.000000  0.000000  -0.000000  0.000000  0.000000  -0.000000  -1.000000 
FAIL     PERCENT = 0.00
FUNCTION EVALUATIONS = 18213
GRADIENT EVALUATIONS = 19
MINIMUM =  0.000000  -0.000000  -0.000000  0.000000  0.000000  0.000000  0.000000  -0.000000  -0.000000  -0.000000  -0.000000  0.000000  0.000000  0.000000  -0.000000  0.000000  -1.000000 
FAIL     PERCENT = 0.00
FUNCTION EVALUATIONS = 21993
GRADIENT EVALUATIONS = 19
MINIMUM =  -0.000000  -0.000000  -0.000000  0.000000  -0.000000  0.000000  0.000000  -0.000000  0.000000  0.000000  0.000000  0.000000  0.000000  -0.000000  0.000000  0.000000  -1.000000 
FAIL     PERCENT = 0.00
FUNCTION EVALUATIONS = 11652
GRADIENT EVALUATIONS = 19
MINIMUM =  0.000000  -0.000000  0.000000  -0.000000  0.000000  0.000000  0.000000  0.000000  -0.000000  -0.000000  -0.000000  0.000000  -0.000000  -0.000000  0.000000  0.000000  -1.000000 
FAIL     PERCENT = 0.00
FUNCTION EVALUATIONS = 19134
GRADIENT EVALUATIONS = 19
MINIMUM =  0.000000  0.000000  0.000000  0.000000  -0.000000  0.000000  0.000000  0.000000  0.000000  -0.000000  0.000000  0.000000  -0.000000  0.000000  -0.000000  -0.000000  -1.000000 
FAIL     PERCENT = 0.00
FUNCTION EVALUATIONS = 12011
GRADIENT EVALUATIONS = 19
MINIMUM =  -0.000000  0.000000  0.000000  0.000000  -0.000000  0.000000  -0.000000  0.000000  0.000000  -0.000000  -0.000000  0.000000  -0.000000  -0.000000  -0.000000  -0.000000  -1.000000 
FAIL     PERCENT = 0.00
FUNCTION EVALUATIONS = 8158
GRADIENT EVALUATIONS = 19
MINIMUM =  0.000000  0.000000  0.000000  0.000000  0.000000  0.000000  -0.000000  -0.000000  0.000000  0.000000  0.000000  0.000000  -0.000000  -0.000000  -0.000000  0.000000  -1.000000 
FAIL     PERCENT = 0.00
FUNCTION EVALUATIONS = 19139
GRADIENT EVALUATIONS = 19
MINIMUM =  0.000000  0.000000  0.000000  -0.000000  -0.000000  0.000000  0.000000  -0.000000  -0.000000  0.000000  0.000000  -0.000000  -0.000000  -0.000000  -0.000000  0.000000  -1.000000 
FAIL     PERCENT = 0.00
FUNCTION EVALUATIONS = 10072
GRADIENT EVALUATIONS = 19
MINIMUM =  -0.000000  -0.000000  -0.000000  0.000000  -0.000000  0.000000  -0.000000  0.000000  -0.000000  -0.000000  0.000000  -0.000000  0.000000  -0.000000  -0.000000  0.000000  -1.000000 
FAIL     PERCENT = 0.00
FUNCTION EVALUATIONS = 9150
GRADIENT EVALUATIONS = 19
MINIMUM =  -0.000000  0.000000  -0.000000  -0.000000  0.000000  0.000000  0.000000  -0.000000  0.000000  -0.000000  0.000000  -0.000000  0.000000  -0.000000  -0.000000  0.000000  -1.000000 
FAIL     PERCENT = 0.00
FUNCTION EVALUATIONS = 14898
GRADIENT EVALUATIONS = 19
MINIMUM =  -0.000000  0.000000  -0.000000  0.000000  -0.000000  0.000000  0.000000  -0.000000  0.000000  -0.000000  0.000000  0.000000  0.000000  0.000000  0.000000  -0.000000  -1.000000 
FAIL     PERCENT = 0.00
FUNCTION EVALUATIONS = 15895
GRADIENT EVALUATIONS = 19
MINIMUM =  -0.000000  -0.000000  0.000000  0.000000  -0.000000  0.000000  -0.000000  0.000000  0.000000  0.000000  -0.000000  0.000000  0.000000  0.000000  0.000000  -0.000000  -1.000000 
FAIL     PERCENT = 0.00
FUNCTION EVALUATIONS = 10327
GRADIENT EVALUATIONS = 19
MINIMUM =  0.000000  -0.000000  0.000000  0.000000  0.000000  0.000000  0.000000  0.000000  -0.000000  0.000000  0.000000  -0.000000  -0.000000  -0.000000  0.000000  0.000000  -1.000000 
FAIL     PERCENT = 0.00
FUNCTION EVALUATIONS = 11187
GRADIENT EVALUATIONS = 19
MINIMUM =  -0.000000  -0.000000  -0.000000  0.000000  0.000000  -0.000000  -0.000000  0.000000  0.000000  -0.000000  0.000000  0.000000  -0.000000  0.000000  -0.000000  -0.000000  -1.000000 
FAIL     PERCENT = 0.00
FUNCTION EVALUATIONS = 20967
GRADIENT EVALUATIONS = 19
MINIMUM =  0.000000  0.000000  -0.000000  -0.000000  0.000000  0.000000  -0.000000  0.000000  -0.000000  -0.000000  0.000000  0.000000  0.000000  0.000000  -0.000000  0.000000  -1.000000 
FAIL     PERCENT = 0.00
FUNCTION EVALUATIONS = 10307
GRADIENT EVALUATIONS = 19
MINIMUM =  -0.000000  -0.000000  -0.000000  -0.000000  0.000000  0.000000  -0.000000  0.000000  0.000000  -0.000000  0.000000  0.000000  0.000000  -0.000000  -0.000000  0.000000  -1.000000 
FAIL     PERCENT = 0.00
FUNCTION EVALUATIONS = 9516
GRADIENT EVALUATIONS = 19
MINIMUM =  -0.000000  0.000000  0.000000  0.000000  -0.000000  0.000000  0.000000  -0.000000  0.000000  -0.000000  -0.000000  -0.000000  -0.000000  0.000000  0.000000  0.000000  -1.000000 
FAIL     PERCENT = 0.00
FUNCTION EVALUATIONS = 13662
GRADIENT EVALUATIONS = 19
MINIMUM =  0.000000  0.000000  0.000000  0.000000  -0.000000  -0.000000  0.000000  -0.000000  -0.000000  0.000000  0.000000  0.000000  0.000000  0.000000  0.000000  -0.000000  -1.000000 
FAIL     PERCENT = 0.00
FUNCTION EVALUATIONS = 16314
GRADIENT EVALUATIONS = 19
MINIMUM =  -0.000000  0.000000  -0.000000  0.000000  -0.000000  -0.000000  -0.000000  -0.000000  0.000000  -0.000000  0.000000  0.000000  0.000000  0.000000  0.000000  0.000000  -1.000000 
FAIL     PERCENT = 0.00
FUNCTION EVALUATIONS = 15994
GRADIENT EVALUATIONS = 19
MINIMUM =  0.000000  -0.000000  -0.000000  0.000000  0.000000  -0.000000  0.000000  0.000000  -0.000000  0.000000  -0.000000  -0.000000  -0.000000  0.000000  0.000000  0.000000  -1.000000 
FAIL     PERCENT = 0.00
FUNCTION EVALUATIONS = 11439
GRADIENT EVALUATIONS = 19
MINIMUM =  0.000000  0.000000  -0.000000  -0.000000  0.000000  -0.000000  0.000000  0.000000  0.000000  0.000000  -0.000000  -0.000000  -0.000000  0.000000  0.000000  -0.000000  -1.000000 
FAIL     PERCENT = 0.00
