FUNCTION EVALUATIONS = 617
GRADIENT EVALUATIONS = 465
MINIMUM =  0.000000  0.000000  -1.000000 
FAIL     PERCENT = 0.00
FUNCTION EVALUATIONS = 668
GRADIENT EVALUATIONS = 516
MINIMUM =  0.000000  0.000000  -1.000000 
FAIL     PERCENT = 1.96
FUNCTION EVALUATIONS = 617
GRADIENT EVALUATIONS = 465
MINIMUM =  0.000000  0.000000  -1.000000 
FAIL     PERCENT = 1.96
FUNCTION EVALUATIONS = 617
GRADIENT EVALUATIONS = 465
MINIMUM =  -0.000000  0.000000  -1.000000 
FAIL     PERCENT = 0.00
FUNCTION EVALUATIONS = 626
GRADIENT EVALUATIONS = 474
MINIMUM =  0.000000  0.000000  -1.000000 
FAIL     PERCENT = 0.00
FUNCTION EVALUATIONS = 659
GRADIENT EVALUATIONS = 507
MINIMUM =  0.000000  0.000000  -1.000000 
FAIL     PERCENT = 3.85
FUNCTION EVALUATIONS = 653
GRADIENT EVALUATIONS = 501
MINIMUM =  0.000000  0.000000  -1.000000 
FAIL     PERCENT = 0.00
FUNCTION EVALUATIONS = 644
GRADIENT EVALUATIONS = 492
MINIMUM =  0.000000  -0.000000  -1.000000 
FAIL     PERCENT = 0.00
FUNCTION EVALUATIONS = 668
GRADIENT EVALUATIONS = 516
MINIMUM =  0.000000  0.000000  -1.000000 
FAIL     PERCENT = 7.41
FUNCTION EVALUATIONS = 617
GRADIENT EVALUATIONS = 465
MINIMUM =  0.000000  -0.000000  -1.000000 
FAIL     PERCENT = 1.96
FUNCTION EVALUATIONS = 659
GRADIENT EVALUATIONS = 507
MINIMUM =  0.000000  0.000000  -1.000000 
FAIL     PERCENT = 0.00
FUNCTION EVALUATIONS = 635
GRADIENT EVALUATIONS = 483
MINIMUM =  0.000000  -0.000000  -1.000000 
FAIL     PERCENT = 1.96
FUNCTION EVALUATIONS = 635
GRADIENT EVALUATIONS = 483
MINIMUM =  0.000000  0.000000  -1.000000 
FAIL     PERCENT = 0.00
FUNCTION EVALUATIONS = 635
GRADIENT EVALUATIONS = 483
MINIMUM =  0.000000  0.000000  -1.000000 
FAIL     PERCENT = 0.00
FUNCTION EVALUATIONS = 668
GRADIENT EVALUATIONS = 516
MINIMUM =  0.000000  0.000000  -1.000000 
FAIL     PERCENT = 0.00
FUNCTION EVALUATIONS = 644
GRADIENT EVALUATIONS = 492
MINIMUM =  0.000000  -0.000000  -1.000000 
FAIL     PERCENT = 1.96
FUNCTION EVALUATIONS = 626
GRADIENT EVALUATIONS = 474
MINIMUM =  0.000000  0.000000  -1.000000 
FAIL     PERCENT = 0.00
FUNCTION EVALUATIONS = 608
GRADIENT EVALUATIONS = 456
MINIMUM =  0.000000  0.000000  -1.000000 
FAIL     PERCENT = 0.00
FUNCTION EVALUATIONS = 626
GRADIENT EVALUATIONS = 474
MINIMUM =  -0.000000  0.000000  -1.000000 
FAIL     PERCENT = 0.00
FUNCTION EVALUATIONS = 653
GRADIENT EVALUATIONS = 501
MINIMUM =  -0.000000  -0.000000  -1.000000 
FAIL     PERCENT = 3.85
FUNCTION EVALUATIONS = 626
GRADIENT EVALUATIONS = 474
MINIMUM =  0.000000  0.000000  -1.000000 
FAIL     PERCENT = 0.00
FUNCTION EVALUATIONS = 653
GRADIENT EVALUATIONS = 501
MINIMUM =  -0.000000  -0.000000  -1.000000 
FAIL     PERCENT = 1.96
FUNCTION EVALUATIONS = 668
GRADIENT EVALUATIONS = 516
MINIMUM =  0.000000  0.000000  -1.000000 
FAIL     PERCENT = 0.00
FUNCTION EVALUATIONS = 626
GRADIENT EVALUATIONS = 474
MINIMUM =  0.000000  0.000000  -1.000000 
FAIL     PERCENT = 0.00
FUNCTION EVALUATIONS = 668
GRADIENT EVALUATIONS = 516
MINIMUM =  0.000000  0.000000  -1.000000 
FAIL     PERCENT = 0.00
FUNCTION EVALUATIONS = 668
GRADIENT EVALUATIONS = 516
MINIMUM =  0.000000  0.000000  -1.000000 
FAIL     PERCENT = 0.00
FUNCTION EVALUATIONS = 668
GRADIENT EVALUATIONS = 516
MINIMUM =  0.000000  0.000000  -1.000000 
FAIL     PERCENT = 0.00
FUNCTION EVALUATIONS = 644
GRADIENT EVALUATIONS = 492
MINIMUM =  0.000000  0.000000  -1.000000 
FAIL     PERCENT = 0.00
FUNCTION EVALUATIONS = 653
GRADIENT EVALUATIONS = 501
MINIMUM =  0.000000  0.000000  -1.000000 
FAIL     PERCENT = 1.96
FUNCTION EVALUATIONS = 659
GRADIENT EVALUATIONS = 507
MINIMUM =  0.000000  0.000000  -1.000000 
FAIL     PERCENT = 1.96
