FUNCTION EVALUATIONS = 10418
GRADIENT EVALUATIONS = 8016
MINIMUM =  0.000000  0.000000  0.000000  0.000000  0.000000  0.000000  0.000000  0.000000  0.000000  0.000000  0.000000  0.000000  0.000000  0.000000  0.000000  0.000000  0.000000  0.000000  0.000000  0.000000  0.000000  0.000000  0.000000  0.000000  0.000000  0.000000  0.000000  0.000000  0.000000  0.000000  0.000000  0.000000  -1.000000 
FAIL     PERCENT = 0.00
FUNCTION EVALUATIONS = 10418
GRADIENT EVALUATIONS = 8016
MINIMUM =  0.000000  0.000000  0.000000  0.000000  0.000000  0.000000  0.000000  0.000000  0.000000  0.000000  0.000000  0.000000  0.000000  0.000000  0.000000  0.000000  0.000000  0.000000  0.000000  0.000000  0.000000  0.000000  0.000000  0.000000  0.000000  0.000000  0.000000  0.000000  0.000000  0.000000  0.000000  0.000000  -1.000000 
FAIL     PERCENT = 0.00
FUNCTION EVALUATIONS = 10418
GRADIENT EVALUATIONS = 8016
MINIMUM =  0.000000  0.000000  0.000000  0.000000  0.000000  0.000000  0.000000  0.000000  0.000000  0.000000  0.000000  0.000000  0.000000  0.000000  0.000000  0.000000  0.000000  0.000000  0.000000  0.000000  0.000000  0.000000  0.000000  0.000000  0.000000  0.000000  0.000000  0.000000  0.000000  0.000000  0.000000  0.000000  -1.000000 
FAIL     PERCENT = 0.00
FUNCTION EVALUATIONS = 10418
GRADIENT EVALUATIONS = 8016
MINIMUM =  0.000000  0.000000  0.000000  0.000000  0.000000  0.000000  0.000000  0.000000  0.000000  0.000000  0.000000  0.000000  0.000000  0.000000  0.000000  0.000000  0.000000  0.000000  0.000000  0.000000  0.000000  0.000000  0.000000  0.000000  0.000000  0.000000  0.000000  0.000000  0.000000  0.000000  0.000000  0.000000  -1.000000 
FAIL     PERCENT = 0.00
FUNCTION EVALUATIONS = 10418
GRADIENT EVALUATIONS = 8016
MINIMUM =  0.000000  0.000000  0.000000  0.000000  0.000000  0.000000  0.000000  0.000000  0.000000  0.000000  0.000000  0.000000  0.000000  0.000000  0.000000  0.000000  0.000000  0.000000  0.000000  0.000000  0.000000  0.000000  0.000000  0.000000  0.000000  0.000000  0.000000  0.000000  0.000000  0.000000  0.000000  0.000000  -1.000000 
FAIL     PERCENT = 0.00
FUNCTION EVALUATIONS = 10418
GRADIENT EVALUATIONS = 8016
MINIMUM =  0.000000  0.000000  0.000000  0.000000  0.000000  0.000000  0.000000  0.000000  0.000000  0.000000  0.000000  0.000000  0.000000  0.000000  0.000000  0.000000  0.000000  0.000000  0.000000  0.000000  0.000000  0.000000  0.000000  0.000000  0.000000  0.000000  0.000000  0.000000  0.000000  0.000000  0.000000  0.000000  -1.000000 
FAIL     PERCENT = 0.00
FUNCTION EVALUATIONS = 10403
GRADIENT EVALUATIONS = 8001
MINIMUM =  -0.000000  -0.000000  0.000000  -0.000000  -0.000000  0.000000  0.000000  0.000000  -0.000000  -0.000000  0.000000  -0.000000  -0.000000  0.000000  -0.000000  0.000000  0.000000  0.000000  0.000000  0.000000  -0.000000  0.000000  0.000000  0.000000  0.000000  -0.000000  -0.000000  0.000000  0.000000  0.000000  0.000000  0.000000  -1.000000 
FAIL     PERCENT = 0.00
FUNCTION EVALUATIONS = 10418
GRADIENT EVALUATIONS = 8016
MINIMUM =  0.000000  0.000000  0.000000  0.000000  0.000000  0.000000  0.000000  0.000000  0.000000  0.000000  0.000000  0.000000  0.000000  0.000000  0.000000  0.000000  0.000000  0.000000  0.000000  0.000000  0.000000  0.000000  0.000000  0.000000  0.000000  0.000000  0.000000  0.000000  0.000000  0.000000  0.000000  0.000000  -1.000000 
FAIL     PERCENT = 0.00
FUNCTION EVALUATIONS = 10418
GRADIENT EVALUATIONS = 8016
MINIMUM =  0.000000  0.000000  0.000000  0.000000  0.000000  0.000000  0.000000  0.000000  0.000000  0.000000  0.000000  0.000000  0.000000  0.000000  0.000000  0.000000  0.000000  0.000000  0.000000  0.000000  0.000000  0.000000  0.000000  0.000000  0.000000  0.000000  0.000000  0.000000  0.000000  0.000000  0.000000  0.000000  -1.000000 
FAIL     PERCENT = 0.00
FUNCTION EVALUATIONS = 10403
GRADIENT EVALUATIONS = 8001
MINIMUM =  -0.000000  0.000000  -0.000000  0.000000  0.000000  0.000000  -0.000000  0.000000  0.000000  -0.000000  -0.000000  0.000000  0.000000  0.000000  -0.000000  -0.000000  0.000000  -0.000000  -0.000000  0.000000  -0.000000  0.000000  -0.000000  0.000000  -0.000000  0.000000  0.000000  0.000000  -0.000000  0.000000  0.000000  -0.000000  -1.000000 
FAIL     PERCENT = 0.00
FUNCTION EVALUATIONS = 10403
GRADIENT EVALUATIONS = 8001
MINIMUM =  -0.000000  -0.000000  0.000000  -0.000000  -0.000000  0.000000  0.000000  -0.000000  -0.000000  0.000000  0.000000  0.000000  0.000000  0.000000  0.000000  -0.000000  -0.000000  -0.000000  0.000000  -0.000000  0.000000  -0.000000  0.000000  0.000000  0.000000  -0.000000  0.000000  0.000000  0.000000  0.000000  0.000000  -0.000000  -1.000000 
FAIL     PERCENT = 0.00
FUNCTION EVALUATIONS = 10418
GRADIENT EVALUATIONS = 8016
MINIMUM =  0.000000  0.000000  0.000000  0.000000  0.000000  0.000000  0.000000  0.000000  0.000000  0.000000  0.000000  0.000000  0.000000  0.000000  0.000000  0.000000  0.000000  0.000000  0.000000  0.000000  0.000000  0.000000  0.000000  0.000000  0.000000  0.000000  0.000000  0.000000  0.000000  0.000000  0.000000  0.000000  -1.000000 
FAIL     PERCENT = 0.00
FUNCTION EVALUATIONS = 10418
GRADIENT EVALUATIONS = 8016
MINIMUM =  0.000000  0.000000  0.000000  0.000000  0.000000  0.000000  0.000000  0.000000  0.000000  0.000000  0.000000  0.000000  0.000000  0.000000  0.000000  0.000000  0.000000  0.000000  0.000000  0.000000  0.000000  0.000000  0.000000  0.000000  0.000000  0.000000  0.000000  0.000000  0.000000  0.000000  0.000000  0.000000  -1.000000 
FAIL     PERCENT = 0.00
FUNCTION EVALUATIONS = 10418
GRADIENT EVALUATIONS = 8016
MINIMUM =  0.000000  0.000000  0.000000  0.000000  0.000000  0.000000  0.000000  0.000000  0.000000  0.000000  0.000000  0.000000  0.000000  0.000000  0.000000  0.000000  0.000000  0.000000  0.000000  0.000000  0.000000  0.000000  0.000000  0.000000  0.000000  0.000000  0.000000  0.000000  0.000000  0.000000  0.000000  0.000000  -1.000000 
FAIL     PERCENT = 0.00
FUNCTION EVALUATIONS = 10418
GRADIENT EVALUATIONS = 8016
MINIMUM =  0.000000  0.000000  0.000000  0.000000  0.000000  0.000000  0.000000  0.000000  0.000000  0.000000  0.000000  0.000000  0.000000  0.000000  0.000000  0.000000  0.000000  0.000000  0.000000  0.000000  0.000000  0.000000  0.000000  0.000000  0.000000  0.000000  0.000000  0.000000  0.000000  0.000000  0.000000  0.000000  -1.000000 
FAIL     PERCENT = 0.00
FUNCTION EVALUATIONS = 10418
GRADIENT EVALUATIONS = 8016
MINIMUM =  0.000000  0.000000  0.000000  0.000000  0.000000  0.000000  0.000000  0.000000  0.000000  0.000000  0.000000  0.000000  0.000000  0.000000  0.000000  0.000000  0.000000  0.000000  0.000000  0.000000  0.000000  0.000000  0.000000  0.000000  0.000000  0.000000  0.000000  0.000000  0.000000  0.000000  0.000000  0.000000  -1.000000 
FAIL     PERCENT = 0.00
FUNCTION EVALUATIONS = 10418
GRADIENT EVALUATIONS = 8016
MINIMUM =  0.000000  0.000000  0.000000  0.000000  0.000000  0.000000  0.000000  0.000000  0.000000  0.000000  0.000000  0.000000  0.000000  0.000000  0.000000  0.000000  0.000000  0.000000  0.000000  0.000000  0.000000  0.000000  0.000000  0.000000  0.000000  0.000000  0.000000  0.000000  0.000000  0.000000  0.000000  0.000000  -1.000000 
FAIL     PERCENT = 0.00
FUNCTION EVALUATIONS = 10418
GRADIENT EVALUATIONS = 8016
MINIMUM =  0.000000  0.000000  0.000000  0.000000  0.000000  0.000000  0.000000  0.000000  0.000000  0.000000  0.000000  0.000000  0.000000  0.000000  0.000000  0.000000  0.000000  0.000000  0.000000  0.000000  0.000000  0.000000  0.000000  0.000000  0.000000  0.000000  0.000000  0.000000  0.000000  0.000000  0.000000  0.000000  -1.000000 
FAIL     PERCENT = 0.00
FUNCTION EVALUATIONS = 10403
GRADIENT EVALUATIONS = 8001
MINIMUM =  -0.000000  -0.000000  -0.000000  -0.000000  0.000000  -0.000000  0.000000  0.000000  -0.000000  -0.000000  -0.000000  -0.000000  -0.000000  0.000000  0.000000  0.000000  -0.000000  0.000000  -0.000000  0.000000  0.000000  0.000000  0.000000  -0.000000  0.000000  -0.000000  -0.000000  0.000000  -0.000000  -0.000000  -0.000000  -0.000000  -1.000000 
FAIL     PERCENT = 0.00
FUNCTION EVALUATIONS = 10418
GRADIENT EVALUATIONS = 8016
MINIMUM =  0.000000  0.000000  0.000000  0.000000  0.000000  0.000000  0.000000  0.000000  0.000000  0.000000  0.000000  0.000000  0.000000  0.000000  0.000000  0.000000  0.000000  0.000000  0.000000  0.000000  0.000000  0.000000  0.000000  0.000000  0.000000  0.000000  0.000000  0.000000  0.000000  0.000000  0.000000  0.000000  -1.000000 
FAIL     PERCENT = 0.00
FUNCTION EVALUATIONS = 10418
GRADIENT EVALUATIONS = 8016
MINIMUM =  0.000000  0.000000  0.000000  0.000000  0.000000  0.000000  0.000000  0.000000  0.000000  0.000000  0.000000  0.000000  0.000000  0.000000  0.000000  0.000000  0.000000  0.000000  0.000000  0.000000  0.000000  0.000000  0.000000  0.000000  0.000000  0.000000  0.000000  0.000000  0.000000  0.000000  0.000000  0.000000  -1.000000 
FAIL     PERCENT = 0.00
FUNCTION EVALUATIONS = 10403
GRADIENT EVALUATIONS = 8001
MINIMUM =  -0.000000  -0.000000  0.000000  -0.000000  0.000000  -0.000000  -0.000000  -0.000000  0.000000  0.000000  -0.000000  0.000000  0.000000  -0.000000  -0.000000  -0.000000  -0.000000  -0.000000  -0.000000  0.000000  0.000000  0.000000  -0.000000  -0.000000  0.000000  -0.000000  -0.000000  -0.000000  -0.000000  -0.000000  -0.000000  -0.000000  -1.000000 
FAIL     PERCENT = 0.00
FUNCTION EVALUATIONS = 10418
GRADIENT EVALUATIONS = 8016
MINIMUM =  0.000000  0.000000  0.000000  0.000000  0.000000  0.000000  0.000000  0.000000  0.000000  0.000000  0.000000  0.000000  0.000000  0.000000  0.000000  0.000000  0.000000  0.000000  0.000000  0.000000  0.000000  0.000000  0.000000  0.000000  0.000000  0.000000  0.000000  0.000000  0.000000  0.000000  0.000000  0.000000  -1.000000 
FAIL     PERCENT = 0.00
FUNCTION EVALUATIONS = 10418
GRADIENT EVALUATIONS = 8016
MINIMUM =  0.000000  0.000000  0.000000  0.000000  0.000000  0.000000  0.000000  0.000000  0.000000  0.000000  0.000000  0.000000  0.000000  0.000000  0.000000  0.000000  0.000000  0.000000  0.000000  0.000000  0.000000  0.000000  0.000000  0.000000  0.000000  0.000000  0.000000  0.000000  0.000000  0.000000  0.000000  0.000000  -1.000000 
FAIL     PERCENT = 0.00
FUNCTION EVALUATIONS = 10418
GRADIENT EVALUATIONS = 8016
MINIMUM =  0.000000  0.000000  0.000000  0.000000  0.000000  0.000000  0.000000  0.000000  0.000000  0.000000  0.000000  0.000000  0.000000  0.000000  0.000000  0.000000  0.000000  0.000000  0.000000  0.000000  0.000000  0.000000  0.000000  0.000000  0.000000  0.000000  0.000000  0.000000  0.000000  0.000000  0.000000  0.000000  -1.000000 
FAIL     PERCENT = 0.00
FUNCTION EVALUATIONS = 10409
GRADIENT EVALUATIONS = 8007
MINIMUM =  0.000000  0.000000  0.000000  0.000000  0.000000  0.000000  0.000000  0.000000  0.000000  0.000000  0.000000  0.000000  0.000000  0.000000  0.000000  0.000000  0.000000  0.000000  0.000000  0.000000  0.000000  0.000000  0.000000  0.000000  0.000000  0.000000  0.000000  0.000000  0.000000  0.000000  0.000000  0.000000  -1.000000 
FAIL     PERCENT = 0.00
FUNCTION EVALUATIONS = 10403
GRADIENT EVALUATIONS = 8001
MINIMUM =  -0.000000  -0.000000  -0.000000  0.000000  -0.000000  -0.000000  -0.000000  0.000000  0.000000  -0.000000  0.000000  0.000000  -0.000000  0.000000  -0.000000  0.000000  -0.000000  -0.000000  0.000000  0.000000  -0.000000  0.000000  -0.000000  -0.000000  -0.000000  -0.000000  0.000000  -0.000000  -0.000000  -0.000000  -0.000000  -0.000000  -1.000000 
FAIL     PERCENT = 0.00
FUNCTION EVALUATIONS = 10403
GRADIENT EVALUATIONS = 8001
MINIMUM =  -0.000000  -0.000000  -0.000000  -0.000000  -0.000000  0.000000  0.000000  -0.000000  0.000000  0.000000  0.000000  0.000000  -0.000000  0.000000  0.000000  0.000000  -0.000000  -0.000000  -0.000000  -0.000000  -0.000000  0.000000  -0.000000  -0.000000  -0.000000  -0.000000  0.000000  -0.000000  0.000000  0.000000  -0.000000  -0.000000  -1.000000 
FAIL     PERCENT = 0.00
FUNCTION EVALUATIONS = 10418
GRADIENT EVALUATIONS = 8016
MINIMUM =  0.000000  0.000000  0.000000  0.000000  0.000000  0.000000  0.000000  0.000000  0.000000  0.000000  0.000000  0.000000  0.000000  0.000000  0.000000  0.000000  0.000000  0.000000  0.000000  0.000000  0.000000  0.000000  0.000000  0.000000  0.000000  0.000000  0.000000  0.000000  0.000000  0.000000  0.000000  0.000000  -1.000000 
FAIL     PERCENT = 0.00
FUNCTION EVALUATIONS = 10418
GRADIENT EVALUATIONS = 8016
MINIMUM =  0.000000  0.000000  0.000000  0.000000  0.000000  0.000000  0.000000  0.000000  0.000000  0.000000  0.000000  0.000000  0.000000  0.000000  0.000000  0.000000  0.000000  0.000000  0.000000  0.000000  0.000000  0.000000  0.000000  0.000000  0.000000  0.000000  0.000000  0.000000  0.000000  0.000000  0.000000  0.000000  -1.000000 
FAIL     PERCENT = 0.00
