FUNCTION EVALUATIONS = 942
GRADIENT EVALUATIONS = 18
MINIMUM =  0.000000  -0.000000  -0.000000  -0.000000  -1.000000 
FAIL     PERCENT = 0.00
FUNCTION EVALUATIONS = 1187
GRADIENT EVALUATIONS = 18
MINIMUM =  -0.000000  -0.000000  -0.000000  0.000000  -1.000000 
FAIL     PERCENT = 0.00
FUNCTION EVALUATIONS = 794
GRADIENT EVALUATIONS = 32
MINIMUM =  0.000000  -0.000000  0.000000  0.000000  -1.000000 
FAIL     PERCENT = 0.00
FUNCTION EVALUATIONS = 1029
GRADIENT EVALUATIONS = 18
MINIMUM =  0.000000  0.000000  -0.000000  0.000000  -1.000000 
FAIL     PERCENT = 0.00
FUNCTION EVALUATIONS = 910
GRADIENT EVALUATIONS = 32
MINIMUM =  0.000000  0.000000  0.000000  0.000000  -1.000000 
FAIL     PERCENT = 0.00
FUNCTION EVALUATIONS = 1070
GRADIENT EVALUATIONS = 18
MINIMUM =  0.000000  0.000000  -0.000000  -0.000000  -1.000000 
FAIL     PERCENT = 0.00
FUNCTION EVALUATIONS = 1050
GRADIENT EVALUATIONS = 18
MINIMUM =  -0.000000  -0.000000  -0.000000  -0.000000  -1.000000 
FAIL     PERCENT = 0.00
FUNCTION EVALUATIONS = 1066
GRADIENT EVALUATIONS = 18
MINIMUM =  0.000000  -0.000000  0.000000  0.000000  -1.000000 
FAIL     PERCENT = 0.00
FUNCTION EVALUATIONS = 1111
GRADIENT EVALUATIONS = 18
MINIMUM =  0.000000  -0.000000  0.000000  0.000000  -1.000000 
FAIL     PERCENT = 0.00
FUNCTION EVALUATIONS = 922
GRADIENT EVALUATIONS = 32
MINIMUM =  -0.000000  0.000000  -0.000000  -0.000000  -1.000000 
FAIL     PERCENT = 0.00
FUNCTION EVALUATIONS = 813
GRADIENT EVALUATIONS = 32
MINIMUM =  -0.000000  0.000000  0.000000  0.000000  -1.000000 
FAIL     PERCENT = 0.00
FUNCTION EVALUATIONS = 1003
GRADIENT EVALUATIONS = 18
MINIMUM =  -0.000000  -0.000000  -0.000000  0.000000  -1.000000 
FAIL     PERCENT = 0.00
FUNCTION EVALUATIONS = 1107
GRADIENT EVALUATIONS = 18
MINIMUM =  -0.000000  -0.000000  -0.000000  0.000000  -1.000000 
FAIL     PERCENT = 0.00
FUNCTION EVALUATIONS = 968
GRADIENT EVALUATIONS = 32
MINIMUM =  0.000000  -0.000000  0.000000  -0.000000  -1.000000 
FAIL     PERCENT = 0.00
FUNCTION EVALUATIONS = 1046
GRADIENT EVALUATIONS = 18
MINIMUM =  0.000000  0.000000  -0.000000  -0.000000  -1.000000 
FAIL     PERCENT = 0.00
FUNCTION EVALUATIONS = 984
GRADIENT EVALUATIONS = 18
MINIMUM =  -0.000000  0.000000  -0.000000  0.000000  -1.000000 
FAIL     PERCENT = 0.00
FUNCTION EVALUATIONS = 853
GRADIENT EVALUATIONS = 32
MINIMUM =  0.000000  -0.000000  -0.000000  0.000000  -1.000000 
FAIL     PERCENT = 0.00
FUNCTION EVALUATIONS = 870
GRADIENT EVALUATIONS = 32
MINIMUM =  0.000000  0.000000  0.000000  0.000000  -1.000000 
FAIL     PERCENT = 0.00
FUNCTION EVALUATIONS = 1020
GRADIENT EVALUATIONS = 18
MINIMUM =  -0.000000  0.000000  -0.000000  -0.000000  -1.000000 
FAIL     PERCENT = 0.00
FUNCTION EVALUATIONS = 783
GRADIENT EVALUATIONS = 32
MINIMUM =  0.000000  -0.000000  0.000000  -0.000000  -1.000000 
FAIL     PERCENT = 0.00
FUNCTION EVALUATIONS = 987
GRADIENT EVALUATIONS = 18
MINIMUM =  -0.000000  0.000000  0.000000  -0.000000  -1.000000 
FAIL     PERCENT = 0.00
FUNCTION EVALUATIONS = 964
GRADIENT EVALUATIONS = 18
MINIMUM =  -0.000000  -0.000000  -0.000000  0.000000  -1.000000 
FAIL     PERCENT = 0.00
FUNCTION EVALUATIONS = 789
GRADIENT EVALUATIONS = 32
MINIMUM =  0.000000  -0.000000  -0.000000  0.000000  -1.000000 
FAIL     PERCENT = 0.00
FUNCTION EVALUATIONS = 895
GRADIENT EVALUATIONS = 32
MINIMUM =  0.000000  0.000000  -0.000000  0.000000  -1.000000 
FAIL     PERCENT = 0.00
FUNCTION EVALUATIONS = 778
GRADIENT EVALUATIONS = 32
MINIMUM =  0.000000  0.000000  0.000000  0.000000  -1.000000 
FAIL     PERCENT = 0.00
FUNCTION EVALUATIONS = 1252
GRADIENT EVALUATIONS = 18
MINIMUM =  0.000000  0.000000  -0.000000  -0.000000  -1.000000 
FAIL     PERCENT = 0.00
FUNCTION EVALUATIONS = 829
GRADIENT EVALUATIONS = 32
MINIMUM =  0.000000  0.000000  0.000000  0.000000  -1.000000 
FAIL     PERCENT = 0.00
FUNCTION EVALUATIONS = 1044
GRADIENT EVALUATIONS = 18
MINIMUM =  0.000000  -0.000000  0.000000  0.000000  -1.000000 
FAIL     PERCENT = 0.00
FUNCTION EVALUATIONS = 1305
GRADIENT EVALUATIONS = 18
MINIMUM =  0.000000  -0.000000  0.000000  0.000000  -1.000000 
FAIL     PERCENT = 0.00
FUNCTION EVALUATIONS = 1165
GRADIENT EVALUATIONS = 18
MINIMUM =  -0.000000  0.000000  -0.000000  0.000000  -1.000000 
FAIL     PERCENT = 0.00
