FUNCTION EVALUATIONS = 13606
GRADIENT EVALUATIONS = 10006
MINIMUM =  0.000000  0.000000  0.000000  0.000000  0.000000  0.000000  0.000000  0.000000  0.000000  0.000000  0.000000  0.000000  0.000000  0.000000  0.000000  0.000000  0.000000  0.000000  0.000000  0.000000  0.000000  0.000000  0.000000  0.000000  0.000000  0.000000  0.000000  0.000000  0.000000  0.000000  0.000000  0.000000  0.000000  0.000000  0.000000  0.000000  0.000000  0.000000  0.000000  0.000000  0.000000  0.000000  0.000000  0.000000  0.000000  0.000000  0.000000  0.000000  0.000000  0.000000  0.000000  0.000000  0.000000  0.000000  0.000000  0.000000  0.000000  0.000000  0.000000  0.000000  0.000000  0.000000  0.000000  0.000000  -1.000000 
FAIL     PERCENT = 0.00
FUNCTION EVALUATIONS = 13606
GRADIENT EVALUATIONS = 10006
MINIMUM =  0.000000  0.000000  0.000000  0.000000  0.000000  0.000000  0.000000  0.000000  0.000000  0.000000  0.000000  0.000000  0.000000  0.000000  0.000000  0.000000  0.000000  0.000000  0.000000  0.000000  0.000000  0.000000  0.000000  0.000000  0.000000  0.000000  0.000000  0.000000  0.000000  0.000000  0.000000  0.000000  0.000000  0.000000  0.000000  0.000000  0.000000  0.000000  0.000000  0.000000  0.000000  0.000000  0.000000  0.000000  0.000000  0.000000  0.000000  0.000000  0.000000  0.000000  0.000000  0.000000  0.000000  0.000000  0.000000  0.000000  0.000000  0.000000  0.000000  0.000000  0.000000  0.000000  0.000000  0.000000  -1.000000 
FAIL     PERCENT = 0.00
FUNCTION EVALUATIONS = 13606
GRADIENT EVALUATIONS = 10006
MINIMUM =  0.000000  0.000000  0.000000  0.000000  0.000000  0.000000  0.000000  0.000000  0.000000  0.000000  0.000000  0.000000  0.000000  0.000000  0.000000  0.000000  0.000000  0.000000  0.000000  0.000000  0.000000  0.000000  0.000000  0.000000  0.000000  0.000000  0.000000  0.000000  0.000000  0.000000  0.000000  0.000000  0.000000  0.000000  0.000000  0.000000  0.000000  0.000000  0.000000  0.000000  0.000000  0.000000  0.000000  0.000000  0.000000  0.000000  0.000000  0.000000  0.000000  0.000000  0.000000  0.000000  0.000000  0.000000  0.000000  0.000000  0.000000  0.000000  0.000000  0.000000  0.000000  0.000000  0.000000  0.000000  -1.000000 
FAIL     PERCENT = 0.00
FUNCTION EVALUATIONS = 13606
GRADIENT EVALUATIONS = 10006
MINIMUM =  0.000000  0.000000  0.000000  0.000000  0.000000  0.000000  0.000000  0.000000  0.000000  0.000000  0.000000  0.000000  0.000000  0.000000  0.000000  0.000000  0.000000  0.000000  0.000000  0.000000  0.000000  0.000000  0.000000  0.000000  0.000000  0.000000  0.000000  0.000000  0.000000  0.000000  0.000000  0.000000  0.000000  0.000000  0.000000  0.000000  0.000000  0.000000  0.000000  0.000000  0.000000  0.000000  0.000000  0.000000  0.000000  0.000000  0.000000  0.000000  0.000000  0.000000  0.000000  0.000000  0.000000  0.000000  0.000000  0.000000  0.000000  0.000000  0.000000  0.000000  0.000000  0.000000  0.000000  0.000000  -1.000000 
FAIL     PERCENT = 0.00
FUNCTION EVALUATIONS = 13591
GRADIENT EVALUATIONS = 9991
MINIMUM =  0.000000  -0.000000  0.000000  0.000000  0.000000  0.000000  -0.000000  -0.000000  0.000000  -0.000000  0.000000  -0.000000  -0.000000  0.000000  0.000000  -0.000000  0.000000  0.000000  0.000000  0.000000  -0.000000  -0.000000  0.000000  -0.000000  0.000000  -0.000000  -0.000000  0.000000  -0.000000  -0.000000  -0.000000  -0.000000  -0.000000  -0.000000  -0.000000  0.000000  0.000000  -0.000000  0.000000  0.000000  0.000000  0.000000  -0.000000  -0.000000  -0.000000  -0.000000  -0.000000  0.000000  0.000000  0.000000  0.000000  0.000000  -0.000000  -0.000000  -0.000000  0.000000  0.000000  0.000000  0.000000  0.000000  -0.000000  -0.000000  -0.000000  -0.000000  -1.000000 
FAIL     PERCENT = 0.00
FUNCTION EVALUATIONS = 13606
GRADIENT EVALUATIONS = 10006
MINIMUM =  0.000000  0.000000  0.000000  0.000000  0.000000  0.000000  0.000000  0.000000  0.000000  0.000000  0.000000  0.000000  0.000000  0.000000  0.000000  0.000000  0.000000  0.000000  0.000000  0.000000  0.000000  0.000000  0.000000  0.000000  0.000000  0.000000  0.000000  0.000000  0.000000  0.000000  0.000000  0.000000  0.000000  0.000000  0.000000  0.000000  0.000000  0.000000  0.000000  0.000000  0.000000  0.000000  0.000000  0.000000  0.000000  0.000000  0.000000  0.000000  0.000000  0.000000  0.000000  0.000000  0.000000  0.000000  0.000000  0.000000  0.000000  0.000000  0.000000  0.000000  0.000000  0.000000  0.000000  0.000000  -1.000000 
FAIL     PERCENT = 0.00
FUNCTION EVALUATIONS = 13606
GRADIENT EVALUATIONS = 10006
MINIMUM =  0.000000  0.000000  0.000000  0.000000  0.000000  0.000000  0.000000  0.000000  0.000000  0.000000  0.000000  0.000000  0.000000  0.000000  0.000000  0.000000  0.000000  0.000000  0.000000  0.000000  0.000000  0.000000  0.000000  0.000000  0.000000  0.000000  0.000000  0.000000  0.000000  0.000000  0.000000  0.000000  0.000000  0.000000  0.000000  0.000000  0.000000  0.000000  0.000000  0.000000  0.000000  0.000000  0.000000  0.000000  0.000000  0.000000  0.000000  0.000000  0.000000  0.000000  0.000000  0.000000  0.000000  0.000000  0.000000  0.000000  0.000000  0.000000  0.000000  0.000000  0.000000  0.000000  0.000000  0.000000  -1.000000 
FAIL     PERCENT = 0.00
FUNCTION EVALUATIONS = 13606
GRADIENT EVALUATIONS = 10006
MINIMUM =  0.000000  0.000000  0.000000  0.000000  0.000000  0.000000  0.000000  0.000000  0.000000  0.000000  0.000000  0.000000  0.000000  0.000000  0.000000  0.000000  0.000000  0.000000  0.000000  0.000000  0.000000  0.000000  0.000000  0.000000  0.000000  0.000000  0.000000  0.000000  0.000000  0.000000  0.000000  0.000000  0.000000  0.000000  0.000000  0.000000  0.000000  0.000000  0.000000  0.000000  0.000000  0.000000  0.000000  0.000000  0.000000  0.000000  0.000000  0.000000  0.000000  0.000000  0.000000  0.000000  0.000000  0.000000  0.000000  0.000000  0.000000  0.000000  0.000000  0.000000  0.000000  0.000000  0.000000  0.000000  -1.000000 
FAIL     PERCENT = 0.00
FUNCTION EVALUATIONS = 13606
GRADIENT EVALUATIONS = 10006
MINIMUM =  0.000000  0.000000  0.000000  0.000000  0.000000  0.000000  0.000000  0.000000  0.000000  0.000000  0.000000  0.000000  0.000000  0.000000  0.000000  0.000000  0.000000  0.000000  0.000000  0.000000  0.000000  0.000000  0.000000  0.000000  0.000000  0.000000  0.000000  0.000000  0.000000  0.000000  0.000000  0.000000  0.000000  0.000000  0.000000  0.000000  0.000000  0.000000  0.000000  0.000000  0.000000  0.000000  0.000000  0.000000  0.000000  0.000000  0.000000  0.000000  0.000000  0.000000  0.000000  0.000000  0.000000  0.000000  0.000000  0.000000  0.000000  0.000000  0.000000  0.000000  0.000000  0.000000  0.000000  0.000000  -1.000000 
FAIL     PERCENT = 0.00
FUNCTION EVALUATIONS = 13591
GRADIENT EVALUATIONS = 9991
MINIMUM =  0.000000  0.000000  0.000000  0.000000  0.000000  0.000000  -0.000000  0.000000  -0.000000  0.000000  -0.000000  0.000000  -0.000000  -0.000000  -0.000000  0.000000  -0.000000  0.000000  0.000000  -0.000000  -0.000000  -0.000000  0.000000  -0.000000  -0.000000  -0.000000  -0.000000  0.000000  0.000000  -0.000000  0.000000  -0.000000  0.000000  -0.000000  -0.000000  0.000000  -0.000000  0.000000  -0.000000  0.000000  -0.000000  -0.000000  -0.000000  0.000000  0.000000  -0.000000  0.000000  -0.000000  0.000000  0.000000  0.000000  0.000000  0.000000  0.000000  0.000000  -0.000000  -0.000000  -0.000000  -0.000000  -0.000000  -0.000000  0.000000  0.000000  -0.000000  -1.000000 
FAIL     PERCENT = 0.00
FUNCTION EVALUATIONS = 13591
GRADIENT EVALUATIONS = 9991
MINIMUM =  0.000000  -0.000000  0.000000  -0.000000  -0.000000  0.000000  0.000000  0.000000  -0.000000  0.000000  -0.000000  -0.000000  -0.000000  0.000000  -0.000000  0.000000  0.000000  -0.000000  0.000000  -0.000000  0.000000  -0.000000  -0.000000  0.000000  -0.000000  -0.000000  0.000000  0.000000  0.000000  0.000000  0.000000  0.000000  0.000000  -0.000000  -0.000000  -0.000000  -0.000000  -0.000000  -0.000000  -0.000000  -0.000000  0.000000  -0.000000  -0.000000  -0.000000  -0.000000  0.000000  0.000000  0.000000  0.000000  -0.000000  0.000000  -0.000000  0.000000  -0.000000  -0.000000  0.000000  -0.000000  0.000000  -0.000000  0.000000  -0.000000  -0.000000  -0.000000  -1.000000 
FAIL     PERCENT = 0.00
FUNCTION EVALUATIONS = 13606
GRADIENT EVALUATIONS = 10006
MINIMUM =  0.000000  0.000000  0.000000  0.000000  0.000000  0.000000  0.000000  0.000000  0.000000  0.000000  0.000000  0.000000  0.000000  0.000000  0.000000  0.000000  0.000000  0.000000  0.000000  0.000000  0.000000  0.000000  0.000000  0.000000  0.000000  0.000000  0.000000  0.000000  0.000000  0.000000  0.000000  0.000000  0.000000  0.000000  0.000000  0.000000  0.000000  0.000000  0.000000  0.000000  0.000000  0.000000  0.000000  0.000000  0.000000  0.000000  0.000000  0.000000  0.000000  0.000000  0.000000  0.000000  0.000000  0.000000  0.000000  0.000000  0.000000  0.000000  0.000000  0.000000  0.000000  0.000000  0.000000  0.000000  -1.000000 
FAIL     PERCENT = 0.00
FUNCTION EVALUATIONS = 13606
GRADIENT EVALUATIONS = 10006
MINIMUM =  0.000000  0.000000  0.000000  0.000000  0.000000  0.000000  0.000000  0.000000  0.000000  0.000000  0.000000  0.000000  0.000000  0.000000  0.000000  0.000000  0.000000  0.000000  0.000000  0.000000  0.000000  0.000000  0.000000  0.000000  0.000000  0.000000  0.000000  0.000000  0.000000  0.000000  0.000000  0.000000  0.000000  0.000000  0.000000  0.000000  0.000000  0.000000  0.000000  0.000000  0.000000  0.000000  0.000000  0.000000  0.000000  0.000000  0.000000  0.000000  0.000000  0.000000  0.000000  0.000000  0.000000  0.000000  0.000000  0.000000  0.000000  0.000000  0.000000  0.000000  0.000000  0.000000  0.000000  0.000000  -1.000000 
FAIL     PERCENT = 0.00
FUNCTION EVALUATIONS = 13606
GRADIENT EVALUATIONS = 10006
MINIMUM =  0.000000  0.000000  0.000000  0.000000  0.000000  0.000000  0.000000  0.000000  0.000000  0.000000  0.000000  0.000000  0.000000  0.000000  0.000000  0.000000  0.000000  0.000000  0.000000  0.000000  0.000000  0.000000  0.000000  0.000000  0.000000  0.000000  0.000000  0.000000  0.000000  0.000000  0.000000  0.000000  0.000000  0.000000  0.000000  0.000000  0.000000  0.000000  0.000000  0.000000  0.000000  0.000000  0.000000  0.000000  0.000000  0.000000  0.000000  0.000000  0.000000  0.000000  0.000000  0.000000  0.000000  0.000000  0.000000  0.000000  0.000000  0.000000  0.000000  0.000000  0.000000  0.000000  0.000000  0.000000  -1.000000 
FAIL     PERCENT = 0.00
FUNCTION EVALUATIONS = 13606
GRADIENT EVALUATIONS = 10006
MINIMUM =  0.000000  0.000000  0.000000  0.000000  0.000000  0.000000  0.000000  0.000000  0.000000  0.000000  0.000000  0.000000  0.000000  0.000000  0.000000  0.000000  0.000000  0.000000  0.000000  0.000000  0.000000  0.000000  0.000000  0.000000  0.000000  0.000000  0.000000  0.000000  0.000000  0.000000  0.000000  0.000000  0.000000  0.000000  0.000000  0.000000  0.000000  0.000000  0.000000  0.000000  0.000000  0.000000  0.000000  0.000000  0.000000  0.000000  0.000000  0.000000  0.000000  0.000000  0.000000  0.000000  0.000000  0.000000  0.000000  0.000000  0.000000  0.000000  0.000000  0.000000  0.000000  0.000000  0.000000  0.000000  -1.000000 
FAIL     PERCENT = 0.00
FUNCTION EVALUATIONS = 13606
GRADIENT EVALUATIONS = 10006
MINIMUM =  0.000000  0.000000  0.000000  0.000000  0.000000  0.000000  0.000000  0.000000  0.000000  0.000000  0.000000  0.000000  0.000000  0.000000  0.000000  0.000000  0.000000  0.000000  0.000000  0.000000  0.000000  0.000000  0.000000  0.000000  0.000000  0.000000  0.000000  0.000000  0.000000  0.000000  0.000000  0.000000  0.000000  0.000000  0.000000  0.000000  0.000000  0.000000  0.000000  0.000000  0.000000  0.000000  0.000000  0.000000  0.000000  0.000000  0.000000  0.000000  0.000000  0.000000  0.000000  0.000000  0.000000  0.000000  0.000000  0.000000  0.000000  0.000000  0.000000  0.000000  0.000000  0.000000  0.000000  0.000000  -1.000000 
FAIL     PERCENT = 0.00
FUNCTION EVALUATIONS = 13606
GRADIENT EVALUATIONS = 10006
MINIMUM =  0.000000  0.000000  0.000000  0.000000  0.000000  0.000000  0.000000  0.000000  0.000000  0.000000  0.000000  0.000000  0.000000  0.000000  0.000000  0.000000  0.000000  0.000000  0.000000  0.000000  0.000000  0.000000  0.000000  0.000000  0.000000  0.000000  0.000000  0.000000  0.000000  0.000000  0.000000  0.000000  0.000000  0.000000  0.000000  0.000000  0.000000  0.000000  0.000000  0.000000  0.000000  0.000000  0.000000  0.000000  0.000000  0.000000  0.000000  0.000000  0.000000  0.000000  0.000000  0.000000  0.000000  0.000000  0.000000  0.000000  0.000000  0.000000  0.000000  0.000000  0.000000  0.000000  0.000000  0.000000  -1.000000 
FAIL     PERCENT = 0.00
FUNCTION EVALUATIONS = 13591
GRADIENT EVALUATIONS = 9991
MINIMUM =  0.000000  -0.000000  -0.000000  0.000000  0.000000  -0.000000  0.000000  0.000000  0.000000  0.000000  0.000000  0.000000  0.000000  0.000000  -0.000000  0.000000  0.000000  0.000000  0.000000  -0.000000  -0.000000  -0.000000  0.000000  0.000000  0.000000  -0.000000  0.000000  -0.000000  -0.000000  -0.000000  -0.000000  -0.000000  -0.000000  0.000000  0.000000  0.000000  -0.000000  0.000000  -0.000000  0.000000  -0.000000  -0.000000  0.000000  0.000000  0.000000  0.000000  -0.000000  -0.000000  -0.000000  0.000000  -0.000000  -0.000000  -0.000000  0.000000  -0.000000  0.000000  -0.000000  0.000000  0.000000  -0.000000  0.000000  0.000000  0.000000  0.000000  -1.000000 
FAIL     PERCENT = 0.00
FUNCTION EVALUATIONS = 13606
GRADIENT EVALUATIONS = 10006
MINIMUM =  0.000000  0.000000  0.000000  0.000000  0.000000  0.000000  0.000000  0.000000  0.000000  0.000000  0.000000  0.000000  0.000000  0.000000  0.000000  0.000000  0.000000  0.000000  0.000000  0.000000  0.000000  0.000000  0.000000  0.000000  0.000000  0.000000  0.000000  0.000000  0.000000  0.000000  0.000000  0.000000  0.000000  0.000000  0.000000  0.000000  0.000000  0.000000  0.000000  0.000000  0.000000  0.000000  0.000000  0.000000  0.000000  0.000000  0.000000  0.000000  0.000000  0.000000  0.000000  0.000000  0.000000  0.000000  0.000000  0.000000  0.000000  0.000000  0.000000  0.000000  0.000000  0.000000  0.000000  0.000000  -1.000000 
FAIL     PERCENT = 0.00
FUNCTION EVALUATIONS = 13606
GRADIENT EVALUATIONS = 10006
MINIMUM =  0.000000  0.000000  0.000000  0.000000  0.000000  0.000000  0.000000  0.000000  0.000000  0.000000  0.000000  0.000000  0.000000  0.000000  0.000000  0.000000  0.000000  0.000000  0.000000  0.000000  0.000000  0.000000  0.000000  0.000000  0.000000  0.000000  0.000000  0.000000  0.000000  0.000000  0.000000  0.000000  0.000000  0.000000  0.000000  0.000000  0.000000  0.000000  0.000000  0.000000  0.000000  0.000000  0.000000  0.000000  0.000000  0.000000  0.000000  0.000000  0.000000  0.000000  0.000000  0.000000  0.000000  0.000000  0.000000  0.000000  0.000000  0.000000  0.000000  0.000000  0.000000  0.000000  0.000000  0.000000  -1.000000 
FAIL     PERCENT = 0.00
FUNCTION EVALUATIONS = 13606
GRADIENT EVALUATIONS = 10006
MINIMUM =  0.000000  0.000000  0.000000  0.000000  0.000000  0.000000  0.000000  0.000000  0.000000  0.000000  0.000000  0.000000  0.000000  0.000000  0.000000  0.000000  0.000000  0.000000  0.000000  0.000000  0.000000  0.000000  0.000000  0.000000  0.000000  0.000000  0.000000  0.000000  0.000000  0.000000  0.000000  0.000000  0.000000  0.000000  0.000000  0.000000  0.000000  0.000000  0.000000  0.000000  0.000000  0.000000  0.000000  0.000000  0.000000  0.000000  0.000000  0.000000  0.000000  0.000000  0.000000  0.000000  0.000000  0.000000  0.000000  0.000000  0.000000  0.000000  0.000000  0.000000  0.000000  0.000000  0.000000  0.000000  -1.000000 
FAIL     PERCENT = 0.00
FUNCTION EVALUATIONS = 13591
GRADIENT EVALUATIONS = 9991
MINIMUM =  0.000000  0.000000  -0.000000  -0.000000  -0.000000  -0.000000  -0.000000  -0.000000  -0.000000  -0.000000  -0.000000  -0.000000  -0.000000  -0.000000  0.000000  0.000000  -0.000000  0.000000  0.000000  -0.000000  -0.000000  0.000000  0.000000  0.000000  -0.000000  -0.000000  -0.000000  -0.000000  -0.000000  -0.000000  0.000000  0.000000  0.000000  -0.000000  0.000000  -0.000000  0.000000  0.000000  -0.000000  0.000000  0.000000  0.000000  -0.000000  0.000000  -0.000000  -0.000000  -0.000000  0.000000  -0.000000  0.000000  0.000000  -0.000000  0.000000  -0.000000  -0.000000  0.000000  0.000000  0.000000  -0.000000  -0.000000  -0.000000  -0.000000  0.000000  0.000000  -1.000000 
FAIL     PERCENT = 0.00
FUNCTION EVALUATIONS = 13606
GRADIENT EVALUATIONS = 10006
MINIMUM =  0.000000  0.000000  0.000000  0.000000  0.000000  0.000000  0.000000  0.000000  0.000000  0.000000  0.000000  0.000000  0.000000  0.000000  0.000000  0.000000  0.000000  0.000000  0.000000  0.000000  0.000000  0.000000  0.000000  0.000000  0.000000  0.000000  0.000000  0.000000  0.000000  0.000000  0.000000  0.000000  0.000000  0.000000  0.000000  0.000000  0.000000  0.000000  0.000000  0.000000  0.000000  0.000000  0.000000  0.000000  0.000000  0.000000  0.000000  0.000000  0.000000  0.000000  0.000000  0.000000  0.000000  0.000000  0.000000  0.000000  0.000000  0.000000  0.000000  0.000000  0.000000  0.000000  0.000000  0.000000  -1.000000 
FAIL     PERCENT = 0.00
FUNCTION EVALUATIONS = 13606
GRADIENT EVALUATIONS = 10006
MINIMUM =  0.000000  0.000000  0.000000  0.000000  0.000000  0.000000  0.000000  0.000000  0.000000  0.000000  0.000000  0.000000  0.000000  0.000000  0.000000  0.000000  0.000000  0.000000  0.000000  0.000000  0.000000  0.000000  0.000000  0.000000  0.000000  0.000000  0.000000  0.000000  0.000000  0.000000  0.000000  0.000000  0.000000  0.000000  0.000000  0.000000  0.000000  0.000000  0.000000  0.000000  0.000000  0.000000  0.000000  0.000000  0.000000  0.000000  0.000000  0.000000  0.000000  0.000000  0.000000  0.000000  0.000000  0.000000  0.000000  0.000000  0.000000  0.000000  0.000000  0.000000  0.000000  0.000000  0.000000  0.000000  -1.000000 
FAIL     PERCENT = 0.00
FUNCTION EVALUATIONS = 13591
GRADIENT EVALUATIONS = 9991
MINIMUM =  -0.000000  -0.000000  0.000000  -0.000000  0.000000  -0.000000  -0.000000  -0.000000  -0.000000  0.000000  0.000000  -0.000000  0.000000  0.000000  0.000000  -0.000000  -0.000000  -0.000000  -0.000000  -0.000000  -0.000000  -0.000000  0.000000  -0.000000  -0.000000  0.000000  0.000000  0.000000  0.000000  -0.000000  -0.000000  0.000000  -0.000000  0.000000  0.000000  0.000000  -0.000000  -0.000000  0.000000  0.000000  -0.000000  -0.000000  -0.000000  0.000000  0.000000  0.000000  -0.000000  -0.000000  -0.000000  -0.000000  0.000000  0.000000  0.000000  0.000000  0.000000  -0.000000  -0.000000  -0.000000  0.000000  0.000000  0.000000  -0.000000  -0.000000  -0.000000  -1.000000 
FAIL     PERCENT = 0.00
FUNCTION EVALUATIONS = 13606
GRADIENT EVALUATIONS = 10006
MINIMUM =  0.000000  0.000000  0.000000  0.000000  0.000000  0.000000  0.000000  0.000000  0.000000  0.000000  0.000000  0.000000  0.000000  0.000000  0.000000  0.000000  0.000000  0.000000  0.000000  0.000000  0.000000  0.000000  0.000000  0.000000  0.000000  0.000000  0.000000  0.000000  0.000000  0.000000  0.000000  0.000000  0.000000  0.000000  0.000000  0.000000  0.000000  0.000000  0.000000  0.000000  0.000000  0.000000  0.000000  0.000000  0.000000  0.000000  0.000000  0.000000  0.000000  0.000000  0.000000  0.000000  0.000000  0.000000  0.000000  0.000000  0.000000  0.000000  0.000000  0.000000  0.000000  0.000000  0.000000  0.000000  -1.000000 
FAIL     PERCENT = 0.00
FUNCTION EVALUATIONS = 13591
GRADIENT EVALUATIONS = 9991
MINIMUM =  -0.000000  0.000000  0.000000  0.000000  0.000000  -0.000000  -0.000000  0.000000  0.000000  0.000000  0.000000  0.000000  -0.000000  0.000000  0.000000  -0.000000  0.000000  0.000000  0.000000  0.000000  0.000000  -0.000000  0.000000  0.000000  0.000000  0.000000  -0.000000  0.000000  0.000000  0.000000  -0.000000  -0.000000  0.000000  -0.000000  -0.000000  -0.000000  -0.000000  0.000000  0.000000  -0.000000  0.000000  -0.000000  -0.000000  -0.000000  -0.000000  0.000000  0.000000  0.000000  -0.000000  -0.000000  0.000000  0.000000  -0.000000  -0.000000  -0.000000  0.000000  -0.000000  -0.000000  0.000000  -0.000000  -0.000000  -0.000000  -0.000000  -0.000000  -1.000000 
FAIL     PERCENT = 0.00
FUNCTION EVALUATIONS = 13591
GRADIENT EVALUATIONS = 9991
MINIMUM =  -0.000000  0.000000  -0.000000  -0.000000  -0.000000  -0.000000  -0.000000  -0.000000  -0.000000  -0.000000  0.000000  -0.000000  -0.000000  0.000000  -0.000000  0.000000  -0.000000  0.000000  0.000000  0.000000  -0.000000  -0.000000  0.000000  -0.000000  0.000000  0.000000  0.000000  0.000000  -0.000000  -0.000000  0.000000  -0.000000  0.000000  -0.000000  0.000000  -0.000000  0.000000  -0.000000  -0.000000  -0.000000  -0.000000  0.000000  0.000000  0.000000  -0.000000  0.000000  0.000000  -0.000000  -0.000000  0.000000  -0.000000  -0.000000  -0.000000  -0.000000  -0.000000  -0.000000  0.000000  0.000000  -0.000000  -0.000000  -0.000000  0.000000  0.000000  0.000000  -1.000000 
FAIL     PERCENT = 0.00
FUNCTION EVALUATIONS = 13606
GRADIENT EVALUATIONS = 10006
MINIMUM =  0.000000  0.000000  0.000000  0.000000  0.000000  0.000000  0.000000  0.000000  0.000000  0.000000  0.000000  0.000000  0.000000  0.000000  0.000000  0.000000  0.000000  0.000000  0.000000  0.000000  0.000000  0.000000  0.000000  0.000000  0.000000  0.000000  0.000000  0.000000  0.000000  0.000000  0.000000  0.000000  0.000000  0.000000  0.000000  0.000000  0.000000  0.000000  0.000000  0.000000  0.000000  0.000000  0.000000  0.000000  0.000000  0.000000  0.000000  0.000000  0.000000  0.000000  0.000000  0.000000  0.000000  0.000000  0.000000  0.000000  0.000000  0.000000  0.000000  0.000000  0.000000  0.000000  0.000000  0.000000  -1.000000 
FAIL     PERCENT = 0.00
FUNCTION EVALUATIONS = 13606
GRADIENT EVALUATIONS = 10006
MINIMUM =  0.000000  0.000000  0.000000  0.000000  0.000000  0.000000  0.000000  0.000000  0.000000  0.000000  0.000000  0.000000  0.000000  0.000000  0.000000  0.000000  0.000000  0.000000  0.000000  0.000000  0.000000  0.000000  0.000000  0.000000  0.000000  0.000000  0.000000  0.000000  0.000000  0.000000  0.000000  0.000000  0.000000  0.000000  0.000000  0.000000  0.000000  0.000000  0.000000  0.000000  0.000000  0.000000  0.000000  0.000000  0.000000  0.000000  0.000000  0.000000  0.000000  0.000000  0.000000  0.000000  0.000000  0.000000  0.000000  0.000000  0.000000  0.000000  0.000000  0.000000  0.000000  0.000000  0.000000  0.000000  -1.000000 
FAIL     PERCENT = 0.00
