FUNCTION EVALUATIONS = 2618
GRADIENT EVALUATIONS = 2016
MINIMUM =  0.000000  0.000000  0.000000  0.000000  0.000000  0.000000  0.000000  0.000000  -1.000000 
FAIL     PERCENT = 0.00
FUNCTION EVALUATIONS = 2594
GRADIENT EVALUATIONS = 1992
MINIMUM =  0.000000  0.000000  0.000000  -0.000000  -0.000000  -0.000000  -0.000000  0.000000  -1.000000 
FAIL     PERCENT = 0.00
FUNCTION EVALUATIONS = 2585
GRADIENT EVALUATIONS = 1983
MINIMUM =  -0.000000  -0.000000  0.000000  -0.000000  -0.000000  0.000000  0.000000  0.000000  -1.000000 
FAIL     PERCENT = 0.00
FUNCTION EVALUATIONS = 2594
GRADIENT EVALUATIONS = 1992
MINIMUM =  0.000000  -0.000000  -0.000000  -0.000000  -0.000000  -0.000000  0.000000  0.000000  -1.000000 
FAIL     PERCENT = 0.00
FUNCTION EVALUATIONS = 2594
GRADIENT EVALUATIONS = 1992
MINIMUM =  0.000000  -0.000000  -0.000000  -0.000000  -0.000000  0.000000  0.000000  0.000000  -1.000000 
FAIL     PERCENT = 0.00
FUNCTION EVALUATIONS = 2603
GRADIENT EVALUATIONS = 2001
MINIMUM =  -0.000000  0.000000  0.000000  0.000000  0.000000  0.000000  0.000000  0.000000  -1.000000 
FAIL     PERCENT = 0.00
FUNCTION EVALUATIONS = 2594
GRADIENT EVALUATIONS = 1992
MINIMUM =  0.000000  0.000000  -0.000000  -0.000000  0.000000  0.000000  0.000000  0.000000  -1.000000 
FAIL     PERCENT = 0.00
FUNCTION EVALUATIONS = 2585
GRADIENT EVALUATIONS = 1983
MINIMUM =  0.000000  0.000000  0.000000  0.000000  -0.000000  -0.000000  0.000000  0.000000  -1.000000 
FAIL     PERCENT = 0.00
FUNCTION EVALUATIONS = 2594
GRADIENT EVALUATIONS = 1992
MINIMUM =  0.000000  0.000000  -0.000000  -0.000000  -0.000000  -0.000000  -0.000000  0.000000  -1.000000 
FAIL     PERCENT = 0.00
FUNCTION EVALUATIONS = 2618
GRADIENT EVALUATIONS = 2016
MINIMUM =  0.000000  0.000000  0.000000  0.000000  0.000000  0.000000  0.000000  0.000000  -1.000000 
FAIL     PERCENT = 0.00
FUNCTION EVALUATIONS = 2618
GRADIENT EVALUATIONS = 2016
MINIMUM =  0.000000  0.000000  0.000000  0.000000  0.000000  0.000000  0.000000  0.000000  -1.000000 
FAIL     PERCENT = 0.00
FUNCTION EVALUATIONS = 2594
GRADIENT EVALUATIONS = 1992
MINIMUM =  -0.000000  0.000000  0.000000  0.000000  0.000000  -0.000000  -0.000000  0.000000  -1.000000 
FAIL     PERCENT = 0.00
FUNCTION EVALUATIONS = 2603
GRADIENT EVALUATIONS = 2001
MINIMUM =  0.000000  0.000000  0.000000  -0.000000  0.000000  0.000000  0.000000  -0.000000  -1.000000 
FAIL     PERCENT = 0.00
FUNCTION EVALUATIONS = 2594
GRADIENT EVALUATIONS = 1992
MINIMUM =  0.000000  0.000000  0.000000  0.000000  0.000000  0.000000  0.000000  0.000000  -1.000000 
FAIL     PERCENT = 0.00
FUNCTION EVALUATIONS = 2618
GRADIENT EVALUATIONS = 2016
MINIMUM =  0.000000  0.000000  0.000000  0.000000  0.000000  0.000000  0.000000  0.000000  -1.000000 
FAIL     PERCENT = 0.00
FUNCTION EVALUATIONS = 2600
GRADIENT EVALUATIONS = 1998
MINIMUM =  0.000000  0.000000  0.000000  0.000000  0.000000  0.000000  0.000000  0.000000  -1.000000 
FAIL     PERCENT = 0.00
FUNCTION EVALUATIONS = 2600
GRADIENT EVALUATIONS = 1998
MINIMUM =  0.000000  0.000000  0.000000  0.000000  0.000000  0.000000  0.000000  0.000000  -1.000000 
FAIL     PERCENT = 0.00
FUNCTION EVALUATIONS = 2603
GRADIENT EVALUATIONS = 2001
MINIMUM =  0.000000  0.000000  0.000000  0.000000  0.000000  0.000000  0.000000  0.000000  -1.000000 
FAIL     PERCENT = 0.00
FUNCTION EVALUATIONS = 2618
GRADIENT EVALUATIONS = 2016
MINIMUM =  0.000000  0.000000  0.000000  0.000000  0.000000  0.000000  0.000000  0.000000  -1.000000 
FAIL     PERCENT = 0.00
FUNCTION EVALUATIONS = 2576
GRADIENT EVALUATIONS = 1974
MINIMUM =  -0.000000  0.000000  -0.000000  0.000000  -0.000000  0.000000  -0.000000  -0.000000  -1.000000 
FAIL     PERCENT = 0.00
FUNCTION EVALUATIONS = 2603
GRADIENT EVALUATIONS = 2001
MINIMUM =  0.000000  0.000000  0.000000  0.000000  0.000000  0.000000  0.000000  0.000000  -1.000000 
FAIL     PERCENT = 0.00
FUNCTION EVALUATIONS = 2585
GRADIENT EVALUATIONS = 1983
MINIMUM =  -0.000000  -0.000000  0.000000  0.000000  -0.000000  0.000000  0.000000  0.000000  -1.000000 
FAIL     PERCENT = 0.00
FUNCTION EVALUATIONS = 2618
GRADIENT EVALUATIONS = 2016
MINIMUM =  0.000000  0.000000  0.000000  0.000000  0.000000  0.000000  0.000000  0.000000  -1.000000 
FAIL     PERCENT = 0.00
FUNCTION EVALUATIONS = 2618
GRADIENT EVALUATIONS = 2016
MINIMUM =  0.000000  0.000000  0.000000  0.000000  0.000000  0.000000  0.000000  0.000000  -1.000000 
FAIL     PERCENT = 0.00
FUNCTION EVALUATIONS = 2594
GRADIENT EVALUATIONS = 1992
MINIMUM =  0.000000  -0.000000  -0.000000  0.000000  0.000000  0.000000  -0.000000  0.000000  -1.000000 
FAIL     PERCENT = 0.00
FUNCTION EVALUATIONS = 2603
GRADIENT EVALUATIONS = 2001
MINIMUM =  -0.000000  0.000000  0.000000  0.000000  -0.000000  -0.000000  0.000000  0.000000  -1.000000 
FAIL     PERCENT = 0.00
FUNCTION EVALUATIONS = 2600
GRADIENT EVALUATIONS = 1998
MINIMUM =  0.000000  0.000000  0.000000  0.000000  0.000000  0.000000  0.000000  0.000000  -1.000000 
FAIL     PERCENT = 0.00
FUNCTION EVALUATIONS = 2618
GRADIENT EVALUATIONS = 2016
MINIMUM =  0.000000  0.000000  0.000000  0.000000  0.000000  0.000000  0.000000  0.000000  -1.000000 
FAIL     PERCENT = 0.00
FUNCTION EVALUATIONS = 2585
GRADIENT EVALUATIONS = 1983
MINIMUM =  -0.000000  0.000000  0.000000  0.000000  -0.000000  -0.000000  0.000000  0.000000  -1.000000 
FAIL     PERCENT = 0.00
FUNCTION EVALUATIONS = 2594
GRADIENT EVALUATIONS = 1992
MINIMUM =  0.000000  0.000000  -0.000000  -0.000000  0.000000  0.000000  -0.000000  0.000000  -1.000000 
FAIL     PERCENT = 0.00
