FUNCTION EVALUATIONS = 2183
GRADIENT EVALUATIONS = 1686
MINIMUM =  0.006579  -0.291979  0.082807  -1.000000 
FAIL     PERCENT = 0.00
FUNCTION EVALUATIONS = 2111
GRADIENT EVALUATIONS = 1624
MINIMUM =  0.006579  -0.291979  0.082807  -1.000000 
FAIL     PERCENT = 0.49
FUNCTION EVALUATIONS = 2050
GRADIENT EVALUATIONS = 1593
MINIMUM =  0.006579  -0.291979  0.082807  -1.000000 
FAIL     PERCENT = 0.00
FUNCTION EVALUATIONS = 1780
GRADIENT EVALUATIONS = 1325
MINIMUM =  0.432157  -0.898267  -0.076346  -0.194379 
FAIL     PERCENT = 4.06
FUNCTION EVALUATIONS = 2232
GRADIENT EVALUATIONS = 1715
MINIMUM =  0.006579  -0.291979  0.082807  -1.000000 
FAIL     PERCENT = 0.00
FUNCTION EVALUATIONS = 2033
GRADIENT EVALUATIONS = 1568
MINIMUM =  0.006579  -0.291979  0.082807  -1.000000 
FAIL     PERCENT = 0.51
FUNCTION EVALUATIONS = 2134
GRADIENT EVALUATIONS = 1635
MINIMUM =  0.006579  -0.291979  0.082807  -1.000000 
FAIL     PERCENT = 0.47
FUNCTION EVALUATIONS = 2285
GRADIENT EVALUATIONS = 1762
MINIMUM =  0.006579  -0.291979  0.082807  -1.000000 
FAIL     PERCENT = 0.45
FUNCTION EVALUATIONS = 1935
GRADIENT EVALUATIONS = 1502
MINIMUM =  0.006579  -0.291979  0.082807  -1.000000 
FAIL     PERCENT = 0.56
FUNCTION EVALUATIONS = 2080
GRADIENT EVALUATIONS = 1601
MINIMUM =  0.006579  -0.291979  0.082807  -1.000000 
FAIL     PERCENT = 0.50
FUNCTION EVALUATIONS = 2157
GRADIENT EVALUATIONS = 1680
MINIMUM =  0.006579  -0.291979  0.082807  -1.000000 
FAIL     PERCENT = 0.50
FUNCTION EVALUATIONS = 2323
GRADIENT EVALUATIONS = 1772
MINIMUM =  0.006579  -0.291979  0.082807  -1.000000 
FAIL     PERCENT = 0.00
FUNCTION EVALUATIONS = 2101
GRADIENT EVALUATIONS = 1618
MINIMUM =  0.006579  -0.291979  0.082807  -1.000000 
FAIL     PERCENT = 0.00
FUNCTION EVALUATIONS = 2045
GRADIENT EVALUATIONS = 1582
MINIMUM =  0.006579  -0.291979  0.082807  -1.000000 
FAIL     PERCENT = 0.52
FUNCTION EVALUATIONS = 2010
GRADIENT EVALUATIONS = 1543
MINIMUM =  0.006579  -0.291979  0.082807  -1.000000 
FAIL     PERCENT = 0.51
FUNCTION EVALUATIONS = 2075
GRADIENT EVALUATIONS = 1602
MINIMUM =  0.006579  -0.291979  0.082807  -1.000000 
FAIL     PERCENT = 1.00
FUNCTION EVALUATIONS = 2157
GRADIENT EVALUATIONS = 1676
MINIMUM =  0.006579  -0.291979  0.082807  -1.000000 
FAIL     PERCENT = 0.00
FUNCTION EVALUATIONS = 2162
GRADIENT EVALUATIONS = 1659
MINIMUM =  0.006579  -0.291979  0.082807  -1.000000 
FAIL     PERCENT = 0.47
FUNCTION EVALUATIONS = 2073
GRADIENT EVALUATIONS = 1604
MINIMUM =  0.006579  -0.291979  0.082807  -1.000000 
FAIL     PERCENT = 1.01
FUNCTION EVALUATIONS = 2118
GRADIENT EVALUATIONS = 1633
MINIMUM =  0.006579  -0.291979  0.082807  -1.000000 
FAIL     PERCENT = 0.00
FUNCTION EVALUATIONS = 1969
GRADIENT EVALUATIONS = 1518
MINIMUM =  0.006579  -0.291979  0.082807  -1.000000 
FAIL     PERCENT = 0.00
FUNCTION EVALUATIONS = 1995
GRADIENT EVALUATIONS = 1552
MINIMUM =  0.006579  -0.291979  0.082807  -1.000000 
FAIL     PERCENT = 0.54
FUNCTION EVALUATIONS = 2253
GRADIENT EVALUATIONS = 1738
MINIMUM =  0.006579  -0.291979  0.082807  -1.000000 
FAIL     PERCENT = 0.00
FUNCTION EVALUATIONS = 2096
GRADIENT EVALUATIONS = 1615
MINIMUM =  0.006579  -0.291979  0.082807  -1.000000 
FAIL     PERCENT = 1.46
FUNCTION EVALUATIONS = 2075
GRADIENT EVALUATIONS = 1612
MINIMUM =  0.006579  -0.291979  0.082807  -1.000000 
FAIL     PERCENT = 0.00
FUNCTION EVALUATIONS = 2121
GRADIENT EVALUATIONS = 1630
MINIMUM =  0.006579  -0.291979  0.082807  -1.000000 
FAIL     PERCENT = 0.00
FUNCTION EVALUATIONS = 1983
GRADIENT EVALUATIONS = 1524
MINIMUM =  0.006579  -0.291979  0.082807  -1.000000 
FAIL     PERCENT = 0.00
FUNCTION EVALUATIONS = 2012
GRADIENT EVALUATIONS = 1533
MINIMUM =  0.006579  -0.291979  0.082807  -1.000000 
FAIL     PERCENT = 0.50
FUNCTION EVALUATIONS = 2110
GRADIENT EVALUATIONS = 1637
MINIMUM =  0.006579  -0.291979  0.082807  -1.000000 
FAIL     PERCENT = 1.49
FUNCTION EVALUATIONS = 1984
GRADIENT EVALUATIONS = 1525
MINIMUM =  0.006579  -0.291979  0.082807  -1.000000 
FAIL     PERCENT = 0.00
