FUNCTION EVALUATIONS = 777
GRADIENT EVALUATIONS = 33
MINIMUM =  0.000000  -1.000000  3.000000 
FAIL     PERCENT = 0.14
FUNCTION EVALUATIONS = 731
GRADIENT EVALUATIONS = 26
MINIMUM =  -0.000000  -1.000000  3.000000 
FAIL     PERCENT = 0.61
FUNCTION EVALUATIONS = 743
GRADIENT EVALUATIONS = 28
MINIMUM =  0.000000  -1.000000  3.000000 
FAIL     PERCENT = 0.45
FUNCTION EVALUATIONS = 732
GRADIENT EVALUATIONS = 31
MINIMUM =  0.000000  -1.000000  3.000000 
FAIL     PERCENT = 0.15
FUNCTION EVALUATIONS = 772
GRADIENT EVALUATIONS = 34
MINIMUM =  -0.000000  -1.000000  3.000000 
FAIL     PERCENT = 0.00
FUNCTION EVALUATIONS = 722
GRADIENT EVALUATIONS = 25
MINIMUM =  0.000000  -1.000000  3.000000 
FAIL     PERCENT = 0.15
FUNCTION EVALUATIONS = 758
GRADIENT EVALUATIONS = 25
MINIMUM =  -0.000000  -1.000000  3.000000 
FAIL     PERCENT = 0.15
FUNCTION EVALUATIONS = 735
GRADIENT EVALUATIONS = 26
MINIMUM =  -0.000000  -1.000000  3.000000 
FAIL     PERCENT = 0.45
FUNCTION EVALUATIONS = 753
GRADIENT EVALUATIONS = 27
MINIMUM =  0.000000  -1.000000  3.000000 
FAIL     PERCENT = 0.15
FUNCTION EVALUATIONS = 780
GRADIENT EVALUATIONS = 26
MINIMUM =  0.000000  -1.000000  3.000000 
FAIL     PERCENT = 0.28
FUNCTION EVALUATIONS = 704
GRADIENT EVALUATIONS = 24
MINIMUM =  -0.000000  -1.000000  3.000000 
FAIL     PERCENT = 0.16
FUNCTION EVALUATIONS = 768
GRADIENT EVALUATIONS = 28
MINIMUM =  -0.000000  -1.000000  3.000000 
FAIL     PERCENT = 0.86
FUNCTION EVALUATIONS = 738
GRADIENT EVALUATIONS = 51
MINIMUM =  -0.000000  -1.000000  3.000000 
FAIL     PERCENT = 0.78
FUNCTION EVALUATIONS = 797
GRADIENT EVALUATIONS = 47
MINIMUM =  0.000000  -1.000000  3.000000 
FAIL     PERCENT = 0.29
FUNCTION EVALUATIONS = 705
GRADIENT EVALUATIONS = 31
MINIMUM =  0.000000  -1.000000  3.000000 
FAIL     PERCENT = 0.64
FUNCTION EVALUATIONS = 758
GRADIENT EVALUATIONS = 36
MINIMUM =  -0.000000  -1.000000  3.000000 
FAIL     PERCENT = 0.45
FUNCTION EVALUATIONS = 733
GRADIENT EVALUATIONS = 51
MINIMUM =  0.000000  -1.000000  3.000000 
FAIL     PERCENT = 0.16
FUNCTION EVALUATIONS = 705
GRADIENT EVALUATIONS = 39
MINIMUM =  0.000000  -1.000000  3.000000 
FAIL     PERCENT = 0.49
FUNCTION EVALUATIONS = 748
GRADIENT EVALUATIONS = 32
MINIMUM =  0.000000  -1.000000  3.000000 
FAIL     PERCENT = 0.30
FUNCTION EVALUATIONS = 726
GRADIENT EVALUATIONS = 33
MINIMUM =  -0.000000  -1.000000  3.000000 
FAIL     PERCENT = 0.93
FUNCTION EVALUATIONS = 801
GRADIENT EVALUATIONS = 76
MINIMUM =  -0.000000  -1.000000  3.000000 
FAIL     PERCENT = 0.00
FUNCTION EVALUATIONS = 764
GRADIENT EVALUATIONS = 29
MINIMUM =  0.000000  -1.000000  3.000000 
FAIL     PERCENT = 0.00
FUNCTION EVALUATIONS = 761
GRADIENT EVALUATIONS = 37
MINIMUM =  0.000000  -1.000000  3.000000 
FAIL     PERCENT = 0.88
FUNCTION EVALUATIONS = 766
GRADIENT EVALUATIONS = 32
MINIMUM =  0.000000  -1.000000  3.000000 
FAIL     PERCENT = 0.15
FUNCTION EVALUATIONS = 763
GRADIENT EVALUATIONS = 50
MINIMUM =  0.000000  -1.000000  3.000000 
FAIL     PERCENT = 0.15
FUNCTION EVALUATIONS = 659
GRADIENT EVALUATIONS = 27
MINIMUM =  0.000000  -1.000000  3.000000 
FAIL     PERCENT = 0.34
FUNCTION EVALUATIONS = 809
GRADIENT EVALUATIONS = 41
MINIMUM =  0.000000  -1.000000  3.000000 
FAIL     PERCENT = 0.14
FUNCTION EVALUATIONS = 726
GRADIENT EVALUATIONS = 25
MINIMUM =  0.000000  -1.000000  3.000000 
FAIL     PERCENT = 0.31
FUNCTION EVALUATIONS = 720
GRADIENT EVALUATIONS = 30
MINIMUM =  0.000000  -1.000000  3.000000 
FAIL     PERCENT = 1.09
FUNCTION EVALUATIONS = 727
GRADIENT EVALUATIONS = 25
MINIMUM =  -0.000000  -1.000000  3.000000 
FAIL     PERCENT = 0.15
