FUNCTION EVALUATIONS = 14284
GRADIENT EVALUATIONS = 67
MINIMUM =  15.700110  -0.000000  -0.000000  -0.000000  7.007289  0.000000  0.000000  -0.000000  -18.765097  0.000000  0.162389 
FAIL     PERCENT = 0.00
FUNCTION EVALUATIONS = 24296796
GRADIENT EVALUATIONS = 56
MINIMUM =  15.700105  -13.315319  0.000000  25.082532  14.014557  -7.672258  16.565711  8.850328  -9.382513  -9.885112  0.462771 
FAIL     PERCENT = 0.00
FUNCTION EVALUATIONS = 24991399
GRADIENT EVALUATIONS = 29
MINIMUM =  15.700089  17.753723  -21.732894  12.541210  -7.007242  -15.344425  -24.848406  17.700521  -37.529874  9.885011  0.981344 
FAIL     PERCENT = 0.00
FUNCTION EVALUATIONS = 13486
GRADIENT EVALUATIONS = 89
MINIMUM =  0.000000  -0.000000  0.000000  -0.000000  0.000000  0.000000  -0.000000  0.000000  0.000000  0.000000  0.000000 
FAIL     PERCENT = 0.00
FUNCTION EVALUATIONS = 12306
GRADIENT EVALUATIONS = 61
MINIMUM =  -3.140019  4.438434  16.299687  6.270614  -14.014511  -15.344459  -16.565635  -35.401235  -0.000000  -19.770119  0.673650 
FAIL     PERCENT = 0.00
