FUNCTION EVALUATIONS = 934
GRADIENT EVALUATIONS = 36
MINIMUM =  -0.000000  0.000000  0.000000 
FAIL     PERCENT = 0.12
FUNCTION EVALUATIONS = 1008
GRADIENT EVALUATIONS = 37
MINIMUM =  -0.000000  -0.000000  0.000000 
FAIL     PERCENT = 0.11
FUNCTION EVALUATIONS = 935
GRADIENT EVALUATIONS = 36
MINIMUM =  -0.000000  0.000000  0.000000 
FAIL     PERCENT = 0.24
FUNCTION EVALUATIONS = 955
GRADIENT EVALUATIONS = 35
MINIMUM =  0.000000  0.000000  0.000000 
FAIL     PERCENT = 0.00
FUNCTION EVALUATIONS = 907
GRADIENT EVALUATIONS = 36
MINIMUM =  -0.000000  0.000000  0.000000 
FAIL     PERCENT = 0.00
FUNCTION EVALUATIONS = 1009
GRADIENT EVALUATIONS = 36
MINIMUM =  0.000000  0.000000  0.000000 
FAIL     PERCENT = 0.22
FUNCTION EVALUATIONS = 881
GRADIENT EVALUATIONS = 37
MINIMUM =  -0.000000  -0.000000  0.000000 
FAIL     PERCENT = 0.00
FUNCTION EVALUATIONS = 1058
GRADIENT EVALUATIONS = 36
MINIMUM =  0.000000  -0.000000  0.000000 
FAIL     PERCENT = 0.00
FUNCTION EVALUATIONS = 973
GRADIENT EVALUATIONS = 37
MINIMUM =  0.000000  0.000000  0.000000 
FAIL     PERCENT = 0.11
FUNCTION EVALUATIONS = 879
GRADIENT EVALUATIONS = 36
MINIMUM =  -0.000000  -0.000000  0.000000 
FAIL     PERCENT = 0.13
FUNCTION EVALUATIONS = 876
GRADIENT EVALUATIONS = 36
MINIMUM =  -0.000000  -0.000000  0.000000 
FAIL     PERCENT = 0.00
FUNCTION EVALUATIONS = 1022
GRADIENT EVALUATIONS = 36
MINIMUM =  0.000000  0.000000  0.000000 
FAIL     PERCENT = 0.00
FUNCTION EVALUATIONS = 936
GRADIENT EVALUATIONS = 37
MINIMUM =  0.000000  -0.000000  0.000000 
FAIL     PERCENT = 0.00
FUNCTION EVALUATIONS = 934
GRADIENT EVALUATIONS = 34
MINIMUM =  0.000000  0.000000  0.000000 
FAIL     PERCENT = 0.12
FUNCTION EVALUATIONS = 947
GRADIENT EVALUATIONS = 36
MINIMUM =  -0.000000  0.000000  0.000000 
FAIL     PERCENT = 0.00
FUNCTION EVALUATIONS = 847
GRADIENT EVALUATIONS = 36
MINIMUM =  0.000000  -0.000000  0.000000 
FAIL     PERCENT = 0.13
FUNCTION EVALUATIONS = 899
GRADIENT EVALUATIONS = 37
MINIMUM =  0.000000  -0.000000  0.000000 
FAIL     PERCENT = 0.00
FUNCTION EVALUATIONS = 1000
GRADIENT EVALUATIONS = 36
MINIMUM =  -0.000000  0.000000  0.000000 
FAIL     PERCENT = 0.00
FUNCTION EVALUATIONS = 928
GRADIENT EVALUATIONS = 35
MINIMUM =  -0.000000  0.000000  0.000000 
FAIL     PERCENT = 0.00
FUNCTION EVALUATIONS = 909
GRADIENT EVALUATIONS = 36
MINIMUM =  -0.000000  -0.000000  0.000000 
FAIL     PERCENT = 0.24
FUNCTION EVALUATIONS = 907
GRADIENT EVALUATIONS = 36
MINIMUM =  -0.000000  -0.000000  0.000000 
FAIL     PERCENT = 0.00
FUNCTION EVALUATIONS = 974
GRADIENT EVALUATIONS = 34
MINIMUM =  0.000000  -0.000000  0.000000 
FAIL     PERCENT = 0.22
FUNCTION EVALUATIONS = 1059
GRADIENT EVALUATIONS = 36
MINIMUM =  -0.000000  0.000000  0.000000 
FAIL     PERCENT = 0.21
FUNCTION EVALUATIONS = 1013
GRADIENT EVALUATIONS = 36
MINIMUM =  0.000000  -0.000000  0.000000 
FAIL     PERCENT = 0.00
FUNCTION EVALUATIONS = 861
GRADIENT EVALUATIONS = 36
MINIMUM =  0.000000  -0.000000  0.000000 
FAIL     PERCENT = 0.00
FUNCTION EVALUATIONS = 828
GRADIENT EVALUATIONS = 23
MINIMUM =  3.110424  -4.355672  0.145619 
FAIL     PERCENT = 0.00
FUNCTION EVALUATIONS = 1013
GRADIENT EVALUATIONS = 36
MINIMUM =  0.000000  0.000000  0.000000 
FAIL     PERCENT = 0.00
FUNCTION EVALUATIONS = 901
GRADIENT EVALUATIONS = 36
MINIMUM =  -0.000000  -0.000000  0.000000 
FAIL     PERCENT = 0.00
FUNCTION EVALUATIONS = 1001
GRADIENT EVALUATIONS = 35
MINIMUM =  -0.000000  0.000000  0.000000 
FAIL     PERCENT = 0.11
FUNCTION EVALUATIONS = 1051
GRADIENT EVALUATIONS = 37
MINIMUM =  0.000000  -0.000000  0.000000 
FAIL     PERCENT = 0.10
