FUNCTION EVALUATIONS = 10713
GRADIENT EVALUATIONS = 8725
MINIMUM =  0.583530  0.433536  0.833521  0.833521  0.833521  0.833521  0.833521  0.833521  0.833521  0.433536  -26.473074 
FAIL     PERCENT = 0.00
FUNCTION EVALUATIONS = 10102
GRADIENT EVALUATIONS = 8216
MINIMUM =  0.583530  0.433536  0.833521  0.833521  0.833521  0.833521  0.833521  0.833521  0.833521  0.433536  -26.473074 
FAIL     PERCENT = 0.00
FUNCTION EVALUATIONS = 10763
GRADIENT EVALUATIONS = 8767
MINIMUM =  0.583530  0.433536  0.833521  0.833521  0.833521  0.833521  0.833521  0.833521  0.833521  0.433536  -26.473074 
FAIL     PERCENT = 0.00
FUNCTION EVALUATIONS = 10846
GRADIENT EVALUATIONS = 8836
MINIMUM =  0.583530  0.433536  0.833521  0.833521  0.833521  0.833521  0.833521  0.833521  0.833521  0.433536  -26.473074 
FAIL     PERCENT = 0.00
FUNCTION EVALUATIONS = 10502
GRADIENT EVALUATIONS = 8550
MINIMUM =  0.583530  0.433536  0.833521  0.833521  0.833521  0.833521  0.833521  0.833521  0.833521  0.433536  -26.473074 
FAIL     PERCENT = 0.00
FUNCTION EVALUATIONS = 10808
GRADIENT EVALUATIONS = 8804
MINIMUM =  0.583530  0.433536  0.833521  0.833521  0.833521  0.833521  0.833521  0.833521  0.833521  0.433536  -26.473074 
FAIL     PERCENT = 0.00
FUNCTION EVALUATIONS = 10857
GRADIENT EVALUATIONS = 8845
MINIMUM =  0.583530  0.433536  0.833521  0.833521  0.833521  0.833521  0.833521  0.833521  0.833521  0.433536  -26.473074 
FAIL     PERCENT = 0.00
FUNCTION EVALUATIONS = 10331
GRADIENT EVALUATIONS = 8407
MINIMUM =  0.583530  0.433536  0.833521  0.833521  0.833521  0.833521  0.833521  0.833521  0.833521  0.433536  -26.473074 
FAIL     PERCENT = 0.00
FUNCTION EVALUATIONS = 10514
GRADIENT EVALUATIONS = 8560
MINIMUM =  0.583530  0.433536  0.833521  0.833521  0.833521  0.833521  0.833521  0.833521  0.833521  0.433536  -26.473074 
FAIL     PERCENT = 0.00
FUNCTION EVALUATIONS = 10519
GRADIENT EVALUATIONS = 8563
MINIMUM =  0.583530  0.433536  0.833521  0.833521  0.833521  0.833521  0.833521  0.833521  0.833521  0.433536  -26.473074 
FAIL     PERCENT = 0.00
FUNCTION EVALUATIONS = 10488
GRADIENT EVALUATIONS = 8538
MINIMUM =  0.583530  0.433536  0.833521  0.833521  0.833521  0.833521  0.833521  0.833521  0.833521  0.433536  -26.473074 
FAIL     PERCENT = 0.00
FUNCTION EVALUATIONS = 10406
GRADIENT EVALUATIONS = 8470
MINIMUM =  0.583530  0.433536  0.833521  0.833521  0.833521  0.833521  0.833521  0.833521  0.833521  0.433536  -26.473074 
FAIL     PERCENT = 0.00
FUNCTION EVALUATIONS = 10727
GRADIENT EVALUATIONS = 8737
MINIMUM =  0.583530  0.433536  0.833521  0.833521  0.833521  0.833521  0.833521  0.833521  0.833521  0.433536  -26.473074 
FAIL     PERCENT = 0.00
FUNCTION EVALUATIONS = 10761
GRADIENT EVALUATIONS = 8767
MINIMUM =  0.583530  0.433536  0.833521  0.833521  0.833521  0.833521  0.833521  0.833521  0.833521  0.433536  -26.473074 
FAIL     PERCENT = 0.00
FUNCTION EVALUATIONS = 10182
GRADIENT EVALUATIONS = 8282
MINIMUM =  0.583530  0.433536  0.833521  0.833521  0.833521  0.833521  0.833521  0.833521  0.833521  0.433536  -26.473074 
FAIL     PERCENT = 0.00
FUNCTION EVALUATIONS = 10571
GRADIENT EVALUATIONS = 8607
MINIMUM =  0.583530  0.433536  0.833521  0.833521  0.833521  0.833521  0.833521  0.833521  0.833521  0.433536  -26.473074 
FAIL     PERCENT = 0.00
FUNCTION EVALUATIONS = 10530
GRADIENT EVALUATIONS = 8576
MINIMUM =  0.583530  0.433536  0.833521  0.833521  0.833521  0.833521  0.833521  0.833521  0.833521  0.433536  -26.473074 
FAIL     PERCENT = 0.00
FUNCTION EVALUATIONS = 10807
GRADIENT EVALUATIONS = 8803
MINIMUM =  0.583530  0.433536  0.833521  0.833521  0.833521  0.833521  0.833521  0.833521  0.833521  0.433536  -26.473074 
FAIL     PERCENT = 0.00
FUNCTION EVALUATIONS = 10385
GRADIENT EVALUATIONS = 8453
MINIMUM =  0.583530  0.433536  0.833521  0.833521  0.833521  0.833521  0.833521  0.833521  0.833521  0.433536  -26.473074 
FAIL     PERCENT = 0.00
FUNCTION EVALUATIONS = 10661
GRADIENT EVALUATIONS = 8681
MINIMUM =  0.583530  0.433536  0.833521  0.833521  0.833521  0.833521  0.833521  0.833521  0.833521  0.433536  -26.473074 
FAIL     PERCENT = 0.00
FUNCTION EVALUATIONS = 10462
GRADIENT EVALUATIONS = 8516
MINIMUM =  0.583530  0.433536  0.833521  0.833521  0.833521  0.833521  0.833521  0.833521  0.833521  0.433536  -26.473074 
FAIL     PERCENT = 0.00
FUNCTION EVALUATIONS = 10474
GRADIENT EVALUATIONS = 8526
MINIMUM =  0.583530  0.433536  0.833521  0.833521  0.833521  0.833521  0.833521  0.833521  0.833521  0.433536  -26.473074 
FAIL     PERCENT = 0.00
FUNCTION EVALUATIONS = 10390
GRADIENT EVALUATIONS = 8456
MINIMUM =  0.583530  0.433536  0.833521  0.833521  0.833521  0.833521  0.833521  0.833521  0.833521  0.433536  -26.473074 
FAIL     PERCENT = 0.00
FUNCTION EVALUATIONS = 10736
GRADIENT EVALUATIONS = 8744
MINIMUM =  0.583530  0.433536  0.833521  0.833521  0.833521  0.833521  0.833521  0.833521  0.833521  0.433536  -26.473074 
FAIL     PERCENT = 0.00
FUNCTION EVALUATIONS = 10812
GRADIENT EVALUATIONS = 8808
MINIMUM =  0.583530  0.433536  0.833521  0.833521  0.833521  0.833521  0.833521  0.833521  0.833521  0.433536  -26.473074 
FAIL     PERCENT = 0.00
FUNCTION EVALUATIONS = 10376
GRADIENT EVALUATIONS = 8444
MINIMUM =  0.583530  0.433536  0.833521  0.833521  0.833521  0.833521  0.833521  0.833521  0.833521  0.433536  -26.473074 
FAIL     PERCENT = 0.00
FUNCTION EVALUATIONS = 10894
GRADIENT EVALUATIONS = 8876
MINIMUM =  0.583530  0.433536  0.833521  0.833521  0.833521  0.833521  0.833521  0.833521  0.833521  0.433536  -26.473074 
FAIL     PERCENT = 0.00
FUNCTION EVALUATIONS = 10715
GRADIENT EVALUATIONS = 8727
MINIMUM =  0.583530  0.433536  0.833521  0.833521  0.833521  0.833521  0.833521  0.833521  0.833521  0.433536  -26.473074 
FAIL     PERCENT = 0.00
FUNCTION EVALUATIONS = 10256
GRADIENT EVALUATIONS = 8344
MINIMUM =  0.583530  0.433536  0.833521  0.833521  0.833521  0.833521  0.833521  0.833521  0.833521  0.433536  -26.473074 
FAIL     PERCENT = 0.00
FUNCTION EVALUATIONS = 10253
GRADIENT EVALUATIONS = 8343
MINIMUM =  0.583530  0.433536  0.833521  0.833521  0.833521  0.833521  0.833521  0.833521  0.833521  0.433536  -26.473074 
FAIL     PERCENT = 0.00
