FUNCTION EVALUATIONS = 6884
GRADIENT EVALUATIONS = 5696
MINIMUM =  -7.589893  -1.425128  -176.541793 
FAIL     PERCENT = 10.97
FUNCTION EVALUATIONS = 5988
GRADIENT EVALUATIONS = 4948
MINIMUM =  -7.589893  -7.708314  -176.541793 
FAIL     PERCENT = 21.06
FUNCTION EVALUATIONS = 7505
GRADIENT EVALUATIONS = 6215
MINIMUM =  -1.306708  4.858057  -176.541793 
FAIL     PERCENT = 2.52
FUNCTION EVALUATIONS = 6689
GRADIENT EVALUATIONS = 5535
MINIMUM =  -7.589893  -1.425128  -176.541793 
FAIL     PERCENT = 14.46
FUNCTION EVALUATIONS = 8832
GRADIENT EVALUATIONS = 7318
MINIMUM =  -7.589893  4.858057  -176.541793 
FAIL     PERCENT = 14.42
FUNCTION EVALUATIONS = 6891
GRADIENT EVALUATIONS = 5699
MINIMUM =  -7.589893  -7.708314  -176.541793 
FAIL     PERCENT = 20.84
FUNCTION EVALUATIONS = 7478
GRADIENT EVALUATIONS = 6190
MINIMUM =  -7.589893  4.858057  -176.541793 
FAIL     PERCENT = 16.91
FUNCTION EVALUATIONS = 7632
GRADIENT EVALUATIONS = 6320
MINIMUM =  -1.306708  -7.708314  -176.541793 
FAIL     PERCENT = 11.67
FUNCTION EVALUATIONS = 7810
GRADIENT EVALUATIONS = 6470
MINIMUM =  -7.589893  -1.425128  -176.541793 
FAIL     PERCENT = 11.57
FUNCTION EVALUATIONS = 7389
GRADIENT EVALUATIONS = 6119
MINIMUM =  -7.589893  -1.425128  -176.541793 
FAIL     PERCENT = 15.10
FUNCTION EVALUATIONS = 9286
GRADIENT EVALUATIONS = 7698
MINIMUM =  -1.306708  -7.708314  -176.541793 
FAIL     PERCENT = 6.46
FUNCTION EVALUATIONS = 8943
GRADIENT EVALUATIONS = 7411
MINIMUM =  -7.589893  -1.425128  -176.541793 
FAIL     PERCENT = 12.11
FUNCTION EVALUATIONS = 8514
GRADIENT EVALUATIONS = 7052
MINIMUM =  -1.306708  4.858057  -176.541793 
FAIL     PERCENT = 4.73
FUNCTION EVALUATIONS = 8931
GRADIENT EVALUATIONS = 7401
MINIMUM =  -1.306708  4.858057  -176.541793 
FAIL     PERCENT = 3.90
FUNCTION EVALUATIONS = 10318
GRADIENT EVALUATIONS = 8558
MINIMUM =  4.976478  4.858057  -176.541793 
FAIL     PERCENT = 2.62
FUNCTION EVALUATIONS = 7909
GRADIENT EVALUATIONS = 6551
MINIMUM =  -7.589893  -7.708314  -176.541793 
FAIL     PERCENT = 16.20
FUNCTION EVALUATIONS = 7337
GRADIENT EVALUATIONS = 6075
MINIMUM =  -1.306708  -7.708314  -176.541793 
FAIL     PERCENT = 11.31
FUNCTION EVALUATIONS = 6090
GRADIENT EVALUATIONS = 5032
MINIMUM =  -7.589893  -7.708314  -176.541793 
FAIL     PERCENT = 20.13
FUNCTION EVALUATIONS = 6041
GRADIENT EVALUATIONS = 4993
MINIMUM =  4.976478  -7.708314  -176.541793 
FAIL     PERCENT = 11.70
FUNCTION EVALUATIONS = 8950
GRADIENT EVALUATIONS = 7418
MINIMUM =  -7.589893  -1.425128  -176.541793 
FAIL     PERCENT = 14.32
FUNCTION EVALUATIONS = 8746
GRADIENT EVALUATIONS = 7250
MINIMUM =  4.976478  -1.425128  -176.541793 
FAIL     PERCENT = 2.30
FUNCTION EVALUATIONS = 9248
GRADIENT EVALUATIONS = 7666
MINIMUM =  -1.306708  -7.708314  -176.541793 
FAIL     PERCENT = 13.57
FUNCTION EVALUATIONS = 9220
GRADIENT EVALUATIONS = 7642
MINIMUM =  -1.306708  -1.425128  -176.541793 
FAIL     PERCENT = 2.93
FUNCTION EVALUATIONS = 5990
GRADIENT EVALUATIONS = 4952
MINIMUM =  4.976478  -7.708314  -176.541793 
FAIL     PERCENT = 13.38
FUNCTION EVALUATIONS = 6356
GRADIENT EVALUATIONS = 5254
MINIMUM =  -1.306708  -7.708314  -176.541793 
FAIL     PERCENT = 11.78
FUNCTION EVALUATIONS = 7666
GRADIENT EVALUATIONS = 6346
MINIMUM =  -7.589893  -1.425128  -176.541793 
FAIL     PERCENT = 13.15
FUNCTION EVALUATIONS = 6541
GRADIENT EVALUATIONS = 5411
MINIMUM =  4.976478  -1.425128  -176.541793 
FAIL     PERCENT = 4.94
FUNCTION EVALUATIONS = 8058
GRADIENT EVALUATIONS = 6676
MINIMUM =  -1.306708  4.858057  -176.541793 
FAIL     PERCENT = 4.32
FUNCTION EVALUATIONS = 9259
GRADIENT EVALUATIONS = 7677
MINIMUM =  4.976478  -1.425128  -176.541793 
FAIL     PERCENT = 8.17
FUNCTION EVALUATIONS = 5459
GRADIENT EVALUATIONS = 4509
MINIMUM =  -1.306708  4.858057  -176.541793 
FAIL     PERCENT = 3.44
