FUNCTION EVALUATIONS = 341516
GRADIENT EVALUATIONS = 65
MINIMUM =  -0.536410  0.458376  -0.814387  -0.426072  0.293138  0.287963  0.467699  0.204268  -0.387952  -0.343266  -0.573337  -0.423340  0.335317  -0.508997  0.465501  -9.103852 
FAIL     PERCENT = 66.72
FUNCTION EVALUATIONS = 341009
GRADIENT EVALUATIONS = 61
MINIMUM =  0.606740  0.811434  -0.249218  -0.456265  -0.428767  0.566715  0.493595  0.158457  0.653816  -0.412434  0.619286  0.173884  0.144552  -0.203741  -0.351454  -9.103852 
FAIL     PERCENT = 66.80
FUNCTION EVALUATIONS = 327321
GRADIENT EVALUATIONS = 63
MINIMUM =  -0.743808  -0.133274  0.678717  0.236334  0.320865  0.382520  -0.549682  0.118807  -0.395258  0.530670  -0.065018  -0.626992  -0.006359  -0.737110  0.090326  -9.103852 
FAIL     PERCENT = 68.06
FUNCTION EVALUATIONS = 303288
GRADIENT EVALUATIONS = 63
MINIMUM =  -0.480620  0.294945  -0.166903  0.499067  0.145029  0.363497  -0.303091  -0.633583  0.433905  0.477423  0.604454  -0.657832  0.243050  -0.483668  -0.532484  -9.103852 
FAIL     PERCENT = 70.42
FUNCTION EVALUATIONS = 322045
GRADIENT EVALUATIONS = 55
MINIMUM =  -0.528622  -0.281133  0.293679  0.378334  -0.600670  0.868117  -0.339386  0.723594  -0.163885  0.497922  -0.015633  -0.079555  0.089122  0.481152  0.842223  -9.103852 
FAIL     PERCENT = 68.58
FUNCTION EVALUATIONS = 327438
GRADIENT EVALUATIONS = 48
MINIMUM =  0.675537  0.136490  -0.741518  0.627299  -0.339279  0.271383  0.049175  0.601768  0.062123  -0.267193  -0.368675  -0.408769  -0.402683  -0.207281  0.691343  -9.103852 
FAIL     PERCENT = 68.04
FUNCTION EVALUATIONS = 335129
GRADIENT EVALUATIONS = 67
MINIMUM =  -0.826195  -0.373239  0.419254  0.678626  0.342797  -0.326825  -0.390215  0.541858  -0.057372  -0.077522  -0.479670  -0.407072  0.246385  -0.107850  0.603087  -9.103852 
FAIL     PERCENT = 67.32
