FUNCTION EVALUATIONS = 9412
GRADIENT EVALUATIONS = 31
MINIMUM =  -0.274631  -0.122503  -0.324638  -0.779752  0.861253  -0.132287  0.266978  0.837459  -0.536901  -3.000000 
FAIL     PERCENT = 0.00
FUNCTION EVALUATIONS = 10930
GRADIENT EVALUATIONS = 31
MINIMUM =  -0.611151  -1.064073  0.181459  -0.398383  -0.244911  0.918768  0.260003  -0.375134  0.019052  -3.000000 
FAIL     PERCENT = 0.00
FUNCTION EVALUATIONS = 10682
GRADIENT EVALUATIONS = 34
MINIMUM =  -0.485198  0.393319  -1.319428  0.151010  0.779126  -0.479003  -0.658368  0.029539  -0.271765  -3.000000 
FAIL     PERCENT = 0.00
FUNCTION EVALUATIONS = 10811
GRADIENT EVALUATIONS = 30
MINIMUM =  -0.082896  1.238910  -0.048199  0.684701  0.736871  -0.695248  -0.399325  0.463454  -0.795503  -3.000000 
FAIL     PERCENT = 0.00
FUNCTION EVALUATIONS = 11425
GRADIENT EVALUATIONS = 30
MINIMUM =  0.223220  -0.432584  0.577885  0.099410  -0.423733  1.693462  -0.389705  0.369816  1.068188  -3.000000 
FAIL     PERCENT = 0.00
FUNCTION EVALUATIONS = 11749
GRADIENT EVALUATIONS = 27
MINIMUM =  1.413674  -0.322999  0.334377  0.353562  0.026670  0.451912  1.113626  0.263429  1.243220  -3.000000 
FAIL     PERCENT = 0.00
FUNCTION EVALUATIONS = 11159
GRADIENT EVALUATIONS = 31
MINIMUM =  0.227118  -0.758927  -0.462279  -0.091697  -0.523879  0.587973  -0.825163  -0.427049  -0.256167  -3.000000 
FAIL     PERCENT = 0.00
FUNCTION EVALUATIONS = 12589
GRADIENT EVALUATIONS = 36
MINIMUM =  -0.176676  -0.470029  0.168737  -0.783575  0.457741  0.344340  0.276281  0.540236  -0.015967  -3.000000 
FAIL     PERCENT = 0.00
FUNCTION EVALUATIONS = 10846
GRADIENT EVALUATIONS = 31
MINIMUM =  -0.199525  0.373735  -0.090489  0.181446  -0.633650  -0.406650  -0.206401  -0.482123  0.635720  -3.000000 
FAIL     PERCENT = 0.00
FUNCTION EVALUATIONS = 12967
GRADIENT EVALUATIONS = 29
MINIMUM =  1.208597  0.130316  0.724475  0.275629  -0.143580  0.163697  1.207120  -0.756906  0.036903  -3.000000 
FAIL     PERCENT = 0.00
FUNCTION EVALUATIONS = 13156
GRADIENT EVALUATIONS = 33
MINIMUM =  0.032971  0.169885  0.969203  0.642479  -0.695687  0.596099  -0.343345  -0.455236  0.116249  -3.000000 
FAIL     PERCENT = 0.00
FUNCTION EVALUATIONS = 7666
GRADIENT EVALUATIONS = 26
MINIMUM =  -0.788070  -0.343088  -0.283700  0.198542  0.070972  -0.622922  0.114979  -1.008374  -0.326357  -3.000000 
FAIL     PERCENT = 0.00
FUNCTION EVALUATIONS = 11749
GRADIENT EVALUATIONS = 30
MINIMUM =  -0.143788  -0.406118  -0.026082  0.318168  0.532281  -0.433420  0.152916  0.421855  0.671306  -3.000000 
FAIL     PERCENT = 0.00
FUNCTION EVALUATIONS = 11764
GRADIENT EVALUATIONS = 41
MINIMUM =  1.029297  -0.240144  0.006842  0.143505  -0.498444  0.646040  0.119856  -0.707109  -0.456603  -3.000000 
FAIL     PERCENT = 0.00
FUNCTION EVALUATIONS = 11374
GRADIENT EVALUATIONS = 28
MINIMUM =  0.372729  -0.234636  -0.345665  -0.047761  0.680224  0.150461  -0.423615  -0.337414  0.438677  -3.000000 
FAIL     PERCENT = 0.00
FUNCTION EVALUATIONS = 10853
GRADIENT EVALUATIONS = 29
MINIMUM =  -0.407038  -0.319126  -0.932606  0.296315  0.554488  -0.977494  0.521196  -0.312930  -0.301523  -3.000000 
FAIL     PERCENT = 0.00
FUNCTION EVALUATIONS = 11290
GRADIENT EVALUATIONS = 25
MINIMUM =  0.344753  -0.444089  -0.387623  -0.584114  -0.112889  0.148505  -0.314977  0.342458  -0.841518  -3.000000 
FAIL     PERCENT = 0.00
FUNCTION EVALUATIONS = 12858
GRADIENT EVALUATIONS = 31
MINIMUM =  0.474523  0.682237  -0.717065  -0.098748  -0.239087  -0.429934  1.022459  -0.236456  -0.376930  -3.000000 
FAIL     PERCENT = 0.00
FUNCTION EVALUATIONS = 12044
GRADIENT EVALUATIONS = 29
MINIMUM =  -0.326580  -0.755519  -0.790166  0.574013  -0.085582  -0.796313  0.012240  -0.261953  0.159315  -3.000000 
FAIL     PERCENT = 0.00
FUNCTION EVALUATIONS = 8379
GRADIENT EVALUATIONS = 29
MINIMUM =  0.103355  0.688520  -0.304854  -0.457158  -0.199858  0.090784  0.626550  -0.060114  0.347630  -3.000000 
FAIL     PERCENT = 0.00
FUNCTION EVALUATIONS = 13179
GRADIENT EVALUATIONS = 34
MINIMUM =  0.435927  0.620090  -0.413252  0.072809  0.579113  0.648062  0.384760  -0.363666  0.124827  -3.000000 
FAIL     PERCENT = 0.00
FUNCTION EVALUATIONS = 24879
GRADIENT EVALUATIONS = 27
MINIMUM =  -0.087495  0.102571  1.310301  0.140613  -0.468051  0.371005  0.468072  0.600837  0.471852  -3.000000 
FAIL     PERCENT = 0.00
FUNCTION EVALUATIONS = 8436
GRADIENT EVALUATIONS = 29
MINIMUM =  0.396338  0.820094  0.020808  -0.306486  -0.030342  0.227492  0.771019  -0.105877  0.532778  -3.000000 
FAIL     PERCENT = 0.00
FUNCTION EVALUATIONS = 11156
GRADIENT EVALUATIONS = 30
MINIMUM =  -0.854973  -0.226261  -0.011882  0.255301  -0.068059  0.034857  -0.409493  0.737172  -0.376938  -3.000000 
FAIL     PERCENT = 0.00
FUNCTION EVALUATIONS = 10163
GRADIENT EVALUATIONS = 29
MINIMUM =  0.452928  0.563635  0.338070  0.013785  -0.464503  0.238041  -0.652010  0.437670  0.185866  -3.000000 
FAIL     PERCENT = 0.00
FUNCTION EVALUATIONS = 8758
GRADIENT EVALUATIONS = 30
MINIMUM =  0.073878  -0.272819  -0.090135  0.720226  0.077224  -0.938442  -0.391821  0.223147  -0.982919  -3.000000 
FAIL     PERCENT = 0.00
FUNCTION EVALUATIONS = 10977
GRADIENT EVALUATIONS = 27
MINIMUM =  -0.048819  1.446974  -0.044509  -0.124287  1.049839  -1.091653  -0.547716  0.459836  -0.235776  -3.000000 
FAIL     PERCENT = 0.00
FUNCTION EVALUATIONS = 12052
GRADIENT EVALUATIONS = 35
MINIMUM =  -1.064961  0.670788  1.445135  0.025467  0.576888  1.195997  -0.621546  -0.339369  1.238044  -3.000000 
FAIL     PERCENT = 0.00
FUNCTION EVALUATIONS = 16979
GRADIENT EVALUATIONS = 35
MINIMUM =  -1.606529  -1.050131  0.351922  -0.810696  -0.512528  -0.229071  -1.755517  0.022291  0.055891  -3.000000 
FAIL     PERCENT = 0.00
FUNCTION EVALUATIONS = 14679
GRADIENT EVALUATIONS = 34
MINIMUM =  0.142208  -0.806205  0.838901  0.562261  -0.437341  -0.134451  1.230866  -0.950639  0.606773  -3.000000 
FAIL     PERCENT = 0.00
