FUNCTION EVALUATIONS = 4733509
GRADIENT EVALUATIONS = 93
MINIMUM =  0.000000  0.000000  0.000000  -1.000000  0.000000  0.000000  0.459937  1.000000  0.000000  -0.530285  0.865888  0.501546  0.546859  0.323967  -0.880696  -0.511649  -0.159708  0.980322  -0.443369  -0.242632  -0.973687  1.000000  0.051375  0.186311  -0.454573  0.804126  -0.608385  0.385286  0.484409  0.986159  -26.754139 
FAIL     PERCENT = 0.00
FUNCTION EVALUATIONS = 7214273
GRADIENT EVALUATIONS = 103
MINIMUM =  0.000000  0.000000  0.000000  1.000000  0.000000  0.000000  -0.355262  -1.000000  0.000000  -0.745227  0.734080  -0.307541  -0.404439  0.648473  0.783061  -1.000000  -0.168249  0.320785  0.386063  -0.640758  -0.782865  -0.144516  -0.452301  0.981076  0.136928  0.442161  -0.980190  -0.706480  -0.285332  -0.783932  -25.716165 
FAIL     PERCENT = 0.00
FUNCTION EVALUATIONS = 6476131
GRADIENT EVALUATIONS = 220
MINIMUM =  0.000000  0.000000  0.000000  -1.000000  0.000000  0.000000  1.000000  0.254760  0.000000  0.655696  -0.821430  -0.309674  0.638813  -0.487660  0.759398  -0.390017  -0.643780  -0.778391  -0.520997  0.469581  -0.878112  -0.518604  0.981886  0.142593  0.372445  1.000000  -0.499378  0.495675  0.022484  -1.000000  -25.917440 
FAIL     PERCENT = 0.00
FUNCTION EVALUATIONS = 2983940
GRADIENT EVALUATIONS = 102
MINIMUM =  0.000000  0.000000  0.000000  1.000000  0.000000  0.000000  -0.465094  1.000000  0.000000  0.500480  0.841085  0.548140  0.486378  0.818626  -0.569439  0.508119  -0.182547  0.987005  -0.447818  -0.703934  0.738065  -0.447548  0.394379  0.939690  0.499457  -0.978151  0.204325  -0.467777  -0.935525  -0.357662  -26.668514 
FAIL     PERCENT = 0.00
FUNCTION EVALUATIONS = 3248937
GRADIENT EVALUATIONS = 117
MINIMUM =  0.000000  0.000000  0.000000  -1.000000  0.000000  0.000000  0.459937  -1.000000  0.000000  0.546859  -0.323967  -0.880696  -0.530285  -0.865888  0.501546  1.000000  -0.051375  0.186311  -0.454573  -0.804126  -0.608385  -0.443369  0.242632  -0.973687  0.385286  -0.484409  0.986159  -0.511649  0.159708  0.980322  -26.754139 
FAIL     PERCENT = 0.00
FUNCTION EVALUATIONS = 5884483
GRADIENT EVALUATIONS = 117
MINIMUM =  0.000000  0.000000  0.000000  1.000000  0.000000  0.000000  -0.440586  1.000000  0.000000  -0.374534  -0.599774  -0.885535  -0.311018  0.521157  -1.000000  0.597715  -0.093044  -1.000000  0.569170  0.897160  -0.466881  -1.000000  0.081133  -0.287630  0.468004  0.773642  0.633288  0.496911  -0.953604  -0.287829  -27.090068 
FAIL     PERCENT = 0.00
FUNCTION EVALUATIONS = 2321675
GRADIENT EVALUATIONS = 104
MINIMUM =  0.000000  0.000000  0.000000  1.000000  0.000000  0.000000  -0.440586  1.000000  0.000000  0.496911  -0.953604  0.287829  0.468004  0.773643  -0.633288  -0.374534  -0.599774  0.885535  0.569170  0.897160  0.466881  -1.000000  0.081133  0.287630  0.597715  -0.093044  1.000000  -0.311018  0.521157  1.000000  -27.090068 
FAIL     PERCENT = 0.00
FUNCTION EVALUATIONS = 3032863
GRADIENT EVALUATIONS = 130
MINIMUM =  0.000000  0.000000  0.000000  -1.000000  0.000000  0.000000  0.440586  1.000000  0.000000  1.000000  0.081133  0.287630  0.374534  -0.599774  0.885535  -0.496911  -0.953604  0.287829  -0.597715  -0.093044  1.000000  0.311018  0.521157  1.000000  -0.569170  0.897160  0.466881  -0.468004  0.773643  -0.633288  -27.090068 
FAIL     PERCENT = 0.00
FUNCTION EVALUATIONS = 3281807
GRADIENT EVALUATIONS = 121
MINIMUM =  0.000000  0.000000  0.000000  -1.000000  0.000000  0.000000  1.000000  0.273285  0.000000  -0.507155  0.261120  0.959968  0.476065  0.016926  -0.986791  -0.452477  -0.614102  -0.792365  0.339025  1.000000  -0.470939  -0.540243  0.487142  -0.882508  -0.594201  1.000000  0.113596  0.358835  0.879658  0.649081  -27.027614 
FAIL     PERCENT = 0.00
FUNCTION EVALUATIONS = 1912266
GRADIENT EVALUATIONS = 112
MINIMUM =  0.000000  0.000000  0.000000  -1.000000  0.000000  0.000000  -0.595543  -1.000000  0.000000  -0.473203  0.703058  -0.709884  0.432879  0.097315  -1.000000  0.307341  -0.960968  -0.622193  -0.492213  -0.375218  0.923358  1.000000  -0.286910  -0.126912  -0.570492  -0.382204  -0.936836  0.378924  -0.937290  0.507794  -27.100377 
FAIL     PERCENT = 0.00
FUNCTION EVALUATIONS = 5077855
GRADIENT EVALUATIONS = 112
MINIMUM =  0.000000  0.000000  0.000000  -1.000000  0.000000  0.000000  1.000000  -0.273285  0.000000  0.339025  -1.000000  0.470939  0.358835  -0.879658  -0.649081  -0.594201  -1.000000  -0.113596  0.476065  -0.016926  0.986791  -0.507155  -0.261120  -0.959968  -0.452477  0.614102  0.792365  -0.540243  -0.487142  0.882508  -27.027614 
FAIL     PERCENT = 0.00
FUNCTION EVALUATIONS = 2628541
GRADIENT EVALUATIONS = 113
MINIMUM =  0.000000  0.000000  0.000000  -1.000000  0.000000  0.000000  0.462173  1.000000  0.000000  -0.495996  0.832905  -0.560138  0.451192  0.396379  0.938937  0.461208  -0.701830  0.718531  0.460338  0.384445  -0.932905  -0.499541  0.838043  0.552306  -0.491126  -0.206804  -0.974993  -0.500950  -0.193117  0.980336  -26.663311 
FAIL     PERCENT = 0.00
FUNCTION EVALUATIONS = 2878293
GRADIENT EVALUATIONS = 106
MINIMUM =  0.000000  0.000000  0.000000  -1.000000  0.000000  0.000000  0.459937  -1.000000  0.000000  0.385286  -0.484409  -0.986159  -0.454573  -0.804126  0.608385  -0.443369  0.242632  0.973687  0.546859  -0.323967  0.880696  -0.530285  -0.865888  -0.501546  1.000000  -0.051375  -0.186311  -0.511649  0.159708  -0.980322  -26.754139 
FAIL     PERCENT = 0.00
FUNCTION EVALUATIONS = 4092549
GRADIENT EVALUATIONS = 99
MINIMUM =  0.000000  0.000000  0.000000  -1.000000  0.000000  0.000000  0.478960  1.000000  0.000000  -0.402369  0.758343  -0.662165  -0.476250  -0.958342  0.272969  0.356039  0.537425  1.000000  -0.533943  0.891012  0.447406  1.000000  0.042181  0.265816  0.651318  0.290736  -0.827083  -0.532275  -0.104929  0.992206  -25.957154 
FAIL     PERCENT = 0.00
FUNCTION EVALUATIONS = 3824589
GRADIENT EVALUATIONS = 91
MINIMUM =  0.000000  0.000000  0.000000  -1.000000  0.000000  0.000000  0.462173  1.000000  0.000000  0.451192  0.396379  0.938937  0.460338  0.384445  -0.932905  -0.491126  -0.206804  -0.974993  -0.500950  -0.193117  0.980336  -0.495996  0.832905  -0.560138  -0.499541  0.838043  0.552306  0.461208  -0.701830  0.718531  -26.663311 
FAIL     PERCENT = 0.00
FUNCTION EVALUATIONS = 1875159
GRADIENT EVALUATIONS = 132
MINIMUM =  0.000000  0.000000  0.000000  -1.000000  0.000000  0.000000  0.440586  1.000000  0.000000  -0.496911  -0.953604  -0.287829  1.000000  0.081133  -0.287630  0.374534  -0.599774  -0.885535  0.311018  0.521157  -1.000000  -0.468004  0.773643  0.633288  -0.597715  -0.093044  -1.000000  -0.569170  0.897160  -0.466881  -27.090068 
FAIL     PERCENT = 0.00
FUNCTION EVALUATIONS = 4651509
GRADIENT EVALUATIONS = 149
MINIMUM =  0.000000  0.000000  0.000000  -1.000000  0.000000  0.000000  1.000000  -0.273285  0.000000  0.358835  -0.879658  -0.649081  -0.507155  -0.261120  -0.959968  0.339025  -1.000000  0.470939  0.476065  -0.016926  0.986791  -0.540243  -0.487142  0.882508  -0.594201  -1.000000  -0.113596  -0.452477  0.614102  0.792365  -27.027614 
FAIL     PERCENT = 0.00
FUNCTION EVALUATIONS = 3068471
GRADIENT EVALUATIONS = 163
MINIMUM =  0.000000  0.000000  0.000000  1.000000  0.000000  0.000000  -0.468731  -1.000000  0.000000  -0.563669  -0.333366  0.882226  -0.346487  -0.431240  -0.965769  0.395590  0.280481  0.972394  -0.575494  0.734172  0.577540  0.533116  -0.888595  -0.468706  -1.000000  -0.032581  -0.158953  0.440889  -0.782674  0.635392  -26.688462 
FAIL     PERCENT = 0.00
FUNCTION EVALUATIONS = 2113469
GRADIENT EVALUATIONS = 115
MINIMUM =  0.000000  0.000000  0.000000  -1.000000  0.000000  0.000000  0.440586  -1.000000  0.000000  0.311018  -0.521157  -1.000000  -0.496911  0.953604  -0.287829  1.000000  -0.081133  -0.287630  0.374534  0.599774  -0.885535  -0.569170  -0.897160  -0.466881  -0.597715  0.093044  -1.000000  -0.468004  -0.773643  0.633288  -27.090068 
FAIL     PERCENT = 0.00
