FUNCTION EVALUATIONS = 2678
GRADIENT EVALUATIONS = 2182
MINIMUM =  0.000000  0.000000  -2.000000 
FAIL     PERCENT = 1.33
FUNCTION EVALUATIONS = 2707
GRADIENT EVALUATIONS = 2203
MINIMUM =  0.000000  0.000000  -2.000000 
FAIL     PERCENT = 2.59
FUNCTION EVALUATIONS = 3347
GRADIENT EVALUATIONS = 2733
MINIMUM =  0.000000  0.000000  -2.000000 
FAIL     PERCENT = 1.06
FUNCTION EVALUATIONS = 2825
GRADIENT EVALUATIONS = 2303
MINIMUM =  0.000000  0.000000  -2.000000 
FAIL     PERCENT = 0.42
FUNCTION EVALUATIONS = 3166
GRADIENT EVALUATIONS = 2584
MINIMUM =  -0.000000  -0.000000  -2.000000 
FAIL     PERCENT = 2.57
FUNCTION EVALUATIONS = 3117
GRADIENT EVALUATIONS = 2543
MINIMUM =  -0.000000  -0.000000  -2.000000 
FAIL     PERCENT = 2.97
FUNCTION EVALUATIONS = 3352
GRADIENT EVALUATIONS = 2740
MINIMUM =  0.000000  0.000000  -2.000000 
FAIL     PERCENT = 0.36
FUNCTION EVALUATIONS = 3011
GRADIENT EVALUATIONS = 2459
MINIMUM =  0.000000  0.000000  -2.000000 
FAIL     PERCENT = 0.79
FUNCTION EVALUATIONS = 3389
GRADIENT EVALUATIONS = 2767
MINIMUM =  0.000000  0.000000  -2.000000 
FAIL     PERCENT = 2.40
FUNCTION EVALUATIONS = 2871
GRADIENT EVALUATIONS = 2343
MINIMUM =  0.000000  -0.000000  -2.000000 
FAIL     PERCENT = 1.65
FUNCTION EVALUATIONS = 2704
GRADIENT EVALUATIONS = 2204
MINIMUM =  -0.000000  -0.000000  -2.000000 
FAIL     PERCENT = 1.32
FUNCTION EVALUATIONS = 3324
GRADIENT EVALUATIONS = 2716
MINIMUM =  0.000000  -0.000000  -2.000000 
FAIL     PERCENT = 3.47
FUNCTION EVALUATIONS = 3336
GRADIENT EVALUATIONS = 2718
MINIMUM =  -0.000000  -0.000000  -2.000000 
FAIL     PERCENT = 1.39
FUNCTION EVALUATIONS = 2900
GRADIENT EVALUATIONS = 2364
MINIMUM =  0.000000  -0.000000  -2.000000 
FAIL     PERCENT = 0.82
FUNCTION EVALUATIONS = 3077
GRADIENT EVALUATIONS = 2513
MINIMUM =  -0.000000  0.000000  -2.000000 
FAIL     PERCENT = 4.48
FUNCTION EVALUATIONS = 2581
GRADIENT EVALUATIONS = 2105
MINIMUM =  -0.000000  -0.000000  -2.000000 
FAIL     PERCENT = 1.85
FUNCTION EVALUATIONS = 2639
GRADIENT EVALUATIONS = 2151
MINIMUM =  -0.000000  -0.000000  -2.000000 
FAIL     PERCENT = 1.80
FUNCTION EVALUATIONS = 2922
GRADIENT EVALUATIONS = 2386
MINIMUM =  0.000000  0.000000  -2.000000 
FAIL     PERCENT = 1.63
FUNCTION EVALUATIONS = 2916
GRADIENT EVALUATIONS = 2376
MINIMUM =  -0.000000  -0.000000  -2.000000 
FAIL     PERCENT = 1.21
FUNCTION EVALUATIONS = 3083
GRADIENT EVALUATIONS = 2513
MINIMUM =  0.000000  0.000000  -2.000000 
FAIL     PERCENT = 1.89
FUNCTION EVALUATIONS = 2776
GRADIENT EVALUATIONS = 2262
MINIMUM =  0.000000  -0.000000  -2.000000 
FAIL     PERCENT = 1.70
FUNCTION EVALUATIONS = 2650
GRADIENT EVALUATIONS = 2166
MINIMUM =  0.000000  0.000000  -2.000000 
FAIL     PERCENT = 1.37
FUNCTION EVALUATIONS = 2649
GRADIENT EVALUATIONS = 2163
MINIMUM =  0.000000  -0.000000  -2.000000 
FAIL     PERCENT = 4.41
FUNCTION EVALUATIONS = 3133
GRADIENT EVALUATIONS = 2555
MINIMUM =  0.000000  0.000000  -2.000000 
FAIL     PERCENT = 0.75
FUNCTION EVALUATIONS = 2954
GRADIENT EVALUATIONS = 2394
MINIMUM =  -0.000000  0.000000  -2.000000 
FAIL     PERCENT = 1.55
FUNCTION EVALUATIONS = 3330
GRADIENT EVALUATIONS = 2726
MINIMUM =  -0.000000  -0.000000  -2.000000 
FAIL     PERCENT = 1.43
FUNCTION EVALUATIONS = 3081
GRADIENT EVALUATIONS = 2517
MINIMUM =  -0.000000  -0.000000  -2.000000 
FAIL     PERCENT = 1.92
FUNCTION EVALUATIONS = 2904
GRADIENT EVALUATIONS = 2366
MINIMUM =  -0.000000  0.000000  -2.000000 
FAIL     PERCENT = 2.02
FUNCTION EVALUATIONS = 3357
GRADIENT EVALUATIONS = 2743
MINIMUM =  0.000000  0.000000  -2.000000 
FAIL     PERCENT = 2.77
FUNCTION EVALUATIONS = 2789
GRADIENT EVALUATIONS = 2275
MINIMUM =  -0.000000  -0.000000  -2.000000 
FAIL     PERCENT = 2.53
