FUNCTION EVALUATIONS = 9559
GRADIENT EVALUATIONS = 7629
MINIMUM =  2.094395  2.094395  2.094395  2.094395  2.094395  2.094395  2.094395  2.094395  2.094395  2.094395  2.094395  2.094395  2.094395  2.094395  2.094395  2.094395  -3.500000 
FAIL     PERCENT = 0.00
FUNCTION EVALUATIONS = 9591
GRADIENT EVALUATIONS = 7655
MINIMUM =  2.094395  2.094395  2.094395  2.094395  2.094395  2.094395  2.094395  2.094395  2.094395  2.094395  2.094395  2.094395  2.094395  2.094395  2.094395  2.094395  -3.500000 
FAIL     PERCENT = 0.00
FUNCTION EVALUATIONS = 9560
GRADIENT EVALUATIONS = 7632
MINIMUM =  2.094395  2.094395  2.094395  2.094395  2.094395  2.094395  2.094395  2.094395  2.094395  2.094395  2.094395  2.094395  2.094395  2.094395  2.094395  2.094395  -3.500000 
FAIL     PERCENT = 0.00
FUNCTION EVALUATIONS = 9558
GRADIENT EVALUATIONS = 7628
MINIMUM =  2.094395  2.094395  2.094395  2.094395  2.094395  2.094395  2.094395  2.094395  2.094395  2.094395  2.094395  2.094395  2.094395  2.094395  2.094395  2.094395  -3.500000 
FAIL     PERCENT = 0.00
FUNCTION EVALUATIONS = 9561
GRADIENT EVALUATIONS = 7631
MINIMUM =  2.094395  2.094395  2.094395  2.094395  2.094395  2.094395  2.094395  2.094395  2.094395  2.094395  2.094395  2.094395  2.094395  2.094395  2.094395  2.094395  -3.500000 
FAIL     PERCENT = 0.00
FUNCTION EVALUATIONS = 9534
GRADIENT EVALUATIONS = 7610
MINIMUM =  2.094395  2.094395  2.094395  2.094395  2.094395  2.094395  2.094395  2.094395  2.094395  2.094395  2.094395  2.094395  2.094395  2.094395  2.094395  2.094395  -3.500000 
FAIL     PERCENT = 0.00
FUNCTION EVALUATIONS = 9547
GRADIENT EVALUATIONS = 7621
MINIMUM =  2.094395  2.094395  2.094395  2.094395  2.094395  2.094395  2.094395  2.094395  2.094395  2.094395  2.094395  2.094395  2.094395  2.094395  2.094395  2.094395  -3.500000 
FAIL     PERCENT = 0.00
FUNCTION EVALUATIONS = 9480
GRADIENT EVALUATIONS = 7564
MINIMUM =  2.094395  2.094395  2.094395  2.094395  2.094395  2.094395  2.094395  2.094395  2.094395  2.094395  2.094395  2.094395  2.094395  2.094395  2.094395  2.094395  -3.500000 
FAIL     PERCENT = 0.00
FUNCTION EVALUATIONS = 9570
GRADIENT EVALUATIONS = 7640
MINIMUM =  2.094395  2.094395  2.094395  2.094395  2.094395  2.094395  2.094395  2.094395  2.094395  2.094395  2.094395  2.094395  2.094395  2.094395  2.094395  2.094395  -3.500000 
FAIL     PERCENT = 0.00
FUNCTION EVALUATIONS = 9564
GRADIENT EVALUATIONS = 7634
MINIMUM =  2.094395  2.094395  2.094395  2.094395  2.094395  2.094395  2.094395  2.094395  2.094395  2.094395  2.094395  2.094395  2.094395  2.094395  2.094395  2.094395  -3.500000 
FAIL     PERCENT = 0.00
FUNCTION EVALUATIONS = 9612
GRADIENT EVALUATIONS = 7674
MINIMUM =  2.094395  2.094395  2.094395  2.094395  2.094395  2.094395  2.094395  2.094395  2.094395  2.094395  2.094395  2.094395  2.094395  2.094395  2.094395  2.094395  -3.500000 
FAIL     PERCENT = 0.00
FUNCTION EVALUATIONS = 9345
GRADIENT EVALUATIONS = 7451
MINIMUM =  2.094395  2.094395  2.094395  2.094395  2.094395  2.094395  2.094395  2.094395  2.094395  2.094395  2.094395  2.094395  2.094395  2.094395  2.094395  2.094395  -3.500000 
FAIL     PERCENT = 0.00
FUNCTION EVALUATIONS = 9406
GRADIENT EVALUATIONS = 7502
MINIMUM =  2.094395  2.094395  2.094395  2.094395  2.094395  2.094395  2.094395  2.094395  2.094395  2.094395  2.094395  2.094395  2.094395  2.094395  2.094395  2.094395  -3.500000 
FAIL     PERCENT = 0.00
FUNCTION EVALUATIONS = 9611
GRADIENT EVALUATIONS = 7671
MINIMUM =  2.094395  2.094395  2.094395  2.094395  2.094395  2.094395  2.094395  2.094395  2.094395  2.094395  2.094395  2.094395  2.094395  2.094395  2.094395  2.094395  -3.500000 
FAIL     PERCENT = 0.00
FUNCTION EVALUATIONS = 9551
GRADIENT EVALUATIONS = 7625
MINIMUM =  2.094395  2.094395  2.094395  2.094395  2.094395  2.094395  2.094395  2.094395  2.094395  2.094395  2.094395  2.094395  2.094395  2.094395  2.094395  2.094395  -3.500000 
FAIL     PERCENT = 0.00
FUNCTION EVALUATIONS = 9446
GRADIENT EVALUATIONS = 7534
MINIMUM =  2.094395  2.094395  2.094395  2.094395  2.094395  2.094395  2.094395  2.094395  2.094395  2.094395  2.094395  2.094395  2.094395  2.094395  2.094395  2.094395  -3.500000 
FAIL     PERCENT = 0.00
FUNCTION EVALUATIONS = 9525
GRADIENT EVALUATIONS = 7601
MINIMUM =  2.094395  2.094395  2.094395  2.094395  2.094395  2.094395  2.094395  2.094395  2.094395  2.094395  2.094395  2.094395  2.094395  2.094395  2.094395  2.094395  -3.500000 
FAIL     PERCENT = 0.00
FUNCTION EVALUATIONS = 9638
GRADIENT EVALUATIONS = 7696
MINIMUM =  2.094395  2.094395  2.094395  2.094395  2.094395  2.094395  2.094395  2.094395  2.094395  2.094395  2.094395  2.094395  2.094395  2.094395  2.094395  2.094395  -3.500000 
FAIL     PERCENT = 0.00
FUNCTION EVALUATIONS = 9459
GRADIENT EVALUATIONS = 7547
MINIMUM =  2.094395  2.094395  2.094395  2.094395  2.094395  2.094395  2.094395  2.094395  2.094395  2.094395  2.094395  2.094395  2.094395  2.094395  2.094395  2.094395  -3.500000 
FAIL     PERCENT = 0.00
FUNCTION EVALUATIONS = 9492
GRADIENT EVALUATIONS = 7576
MINIMUM =  2.094395  2.094395  2.094395  2.094395  2.094395  2.094395  2.094395  2.094395  2.094395  2.094395  2.094395  2.094395  2.094395  2.094395  2.094395  2.094395  -3.500000 
FAIL     PERCENT = 0.00
FUNCTION EVALUATIONS = 9598
GRADIENT EVALUATIONS = 7664
MINIMUM =  2.094395  2.094395  2.094395  2.094395  2.094395  2.094395  2.094395  2.094395  2.094395  2.094395  2.094395  2.094395  2.094395  2.094395  2.094395  2.094395  -3.500000 
FAIL     PERCENT = 0.00
FUNCTION EVALUATIONS = 9460
GRADIENT EVALUATIONS = 7548
MINIMUM =  2.094395  2.094395  2.094395  2.094395  2.094395  2.094395  2.094395  2.094395  2.094395  2.094395  2.094395  2.094395  2.094395  2.094395  2.094395  2.094395  -3.500000 
FAIL     PERCENT = 0.00
FUNCTION EVALUATIONS = 9489
GRADIENT EVALUATIONS = 7573
MINIMUM =  2.094395  2.094395  2.094395  2.094395  2.094395  2.094395  2.094395  2.094395  2.094395  2.094395  2.094395  2.094395  2.094395  2.094395  2.094395  2.094395  -3.500000 
FAIL     PERCENT = 0.00
FUNCTION EVALUATIONS = 9512
GRADIENT EVALUATIONS = 7592
MINIMUM =  2.094395  2.094395  2.094395  2.094395  2.094395  2.094395  2.094395  2.094395  2.094395  2.094395  2.094395  2.094395  2.094395  2.094395  2.094395  2.094395  -3.500000 
FAIL     PERCENT = 0.00
FUNCTION EVALUATIONS = 9609
GRADIENT EVALUATIONS = 7671
MINIMUM =  2.094395  2.094395  2.094395  2.094395  2.094395  2.094395  2.094395  2.094395  2.094395  2.094395  2.094395  2.094395  2.094395  2.094395  2.094395  2.094395  -3.500000 
FAIL     PERCENT = 0.00
FUNCTION EVALUATIONS = 9669
GRADIENT EVALUATIONS = 7723
MINIMUM =  2.094395  2.094395  2.094395  2.094395  2.094395  2.094395  2.094395  2.094395  2.094395  2.094395  2.094395  2.094395  2.094395  2.094395  2.094395  2.094395  -3.500000 
FAIL     PERCENT = 0.00
FUNCTION EVALUATIONS = 9533
GRADIENT EVALUATIONS = 7609
MINIMUM =  2.094395  2.094395  2.094395  2.094395  2.094395  2.094395  2.094395  2.094395  2.094395  2.094395  2.094395  2.094395  2.094395  2.094395  2.094395  2.094395  -3.500000 
FAIL     PERCENT = 0.00
FUNCTION EVALUATIONS = 9513
GRADIENT EVALUATIONS = 7589
MINIMUM =  2.094395  2.094395  2.094395  2.094395  2.094395  2.094395  2.094395  2.094395  2.094395  2.094395  2.094395  2.094395  2.094395  2.094395  2.094395  2.094395  -3.500000 
FAIL     PERCENT = 0.00
FUNCTION EVALUATIONS = 9569
GRADIENT EVALUATIONS = 7639
MINIMUM =  2.094395  2.094395  2.094395  2.094395  2.094395  2.094395  2.094395  2.094395  2.094395  2.094395  2.094395  2.094395  2.094395  2.094395  2.094395  2.094395  -3.500000 
FAIL     PERCENT = 0.00
FUNCTION EVALUATIONS = 9602
GRADIENT EVALUATIONS = 7666
MINIMUM =  2.094395  2.094395  2.094395  2.094395  2.094395  2.094395  2.094395  2.094395  2.094395  2.094395  2.094395  2.094395  2.094395  2.094395  2.094395  2.094395  -3.500000 
FAIL     PERCENT = 0.00
