FUNCTION EVALUATIONS = 4879
GRADIENT EVALUATIONS = 3897
MINIMUM =  2.094395  2.094395  2.094395  2.094395  2.094395  2.094395  2.094395  2.094395  -3.500000 
FAIL     PERCENT = 0.00
FUNCTION EVALUATIONS = 4888
GRADIENT EVALUATIONS = 3904
MINIMUM =  2.094395  2.094395  2.094395  2.094395  2.094395  2.094395  2.094395  2.094395  -3.500000 
FAIL     PERCENT = 0.00
FUNCTION EVALUATIONS = 4865
GRADIENT EVALUATIONS = 3885
MINIMUM =  2.094395  2.094395  2.094395  2.094395  2.094395  2.094395  2.094395  2.094395  -3.500000 
FAIL     PERCENT = 0.00
FUNCTION EVALUATIONS = 4922
GRADIENT EVALUATIONS = 3932
MINIMUM =  2.094395  2.094395  2.094395  2.094395  2.094395  2.094395  2.094395  2.094395  -3.500000 
FAIL     PERCENT = 0.00
FUNCTION EVALUATIONS = 4950
GRADIENT EVALUATIONS = 3958
MINIMUM =  2.094395  2.094395  2.094395  2.094395  2.094395  2.094395  2.094395  2.094395  -3.500000 
FAIL     PERCENT = 0.00
FUNCTION EVALUATIONS = 4867
GRADIENT EVALUATIONS = 3887
MINIMUM =  2.094395  2.094395  2.094395  2.094395  2.094395  2.094395  2.094395  2.094395  -3.500000 
FAIL     PERCENT = 0.00
FUNCTION EVALUATIONS = 4995
GRADIENT EVALUATIONS = 3995
MINIMUM =  2.094395  2.094395  2.094395  2.094395  2.094395  2.094395  2.094395  2.094395  -3.500000 
FAIL     PERCENT = 0.00
FUNCTION EVALUATIONS = 5031
GRADIENT EVALUATIONS = 4023
MINIMUM =  2.094395  2.094395  2.094395  2.094395  2.094395  2.094395  2.094395  2.094395  -3.500000 
FAIL     PERCENT = 0.00
FUNCTION EVALUATIONS = 4844
GRADIENT EVALUATIONS = 3868
MINIMUM =  2.094395  2.094395  2.094395  2.094395  2.094395  2.094395  2.094395  2.094395  -3.500000 
FAIL     PERCENT = 0.00
FUNCTION EVALUATIONS = 5018
GRADIENT EVALUATIONS = 4014
MINIMUM =  2.094395  2.094395  2.094395  2.094395  2.094395  2.094395  2.094395  2.094395  -3.500000 
FAIL     PERCENT = 0.00
FUNCTION EVALUATIONS = 4993
GRADIENT EVALUATIONS = 3991
MINIMUM =  2.094395  2.094395  2.094395  2.094395  2.094395  2.094395  2.094395  2.094395  -3.500000 
FAIL     PERCENT = 0.00
FUNCTION EVALUATIONS = 5010
GRADIENT EVALUATIONS = 4006
MINIMUM =  2.094395  2.094395  2.094395  2.094395  2.094395  2.094395  2.094395  2.094395  -3.500000 
FAIL     PERCENT = 0.00
FUNCTION EVALUATIONS = 4793
GRADIENT EVALUATIONS = 3825
MINIMUM =  2.094395  2.094395  2.094395  2.094395  2.094395  2.094395  2.094395  2.094395  -3.500000 
FAIL     PERCENT = 0.00
FUNCTION EVALUATIONS = 4927
GRADIENT EVALUATIONS = 3937
MINIMUM =  2.094395  2.094395  2.094395  2.094395  2.094395  2.094395  2.094395  2.094395  -3.500000 
FAIL     PERCENT = 0.00
FUNCTION EVALUATIONS = 4844
GRADIENT EVALUATIONS = 3866
MINIMUM =  2.094395  2.094395  2.094395  2.094395  2.094395  2.094395  2.094395  2.094395  -3.500000 
FAIL     PERCENT = 0.00
FUNCTION EVALUATIONS = 5004
GRADIENT EVALUATIONS = 4002
MINIMUM =  2.094395  2.094395  2.094395  2.094395  2.094395  2.094395  2.094395  2.094395  -3.500000 
FAIL     PERCENT = 0.00
FUNCTION EVALUATIONS = 4920
GRADIENT EVALUATIONS = 3930
MINIMUM =  2.094395  2.094395  2.094395  2.094395  2.094395  2.094395  2.094395  2.094395  -3.500000 
FAIL     PERCENT = 0.00
FUNCTION EVALUATIONS = 5050
GRADIENT EVALUATIONS = 4040
MINIMUM =  2.094395  2.094395  2.094395  2.094395  2.094395  2.094395  2.094395  2.094395  -3.500000 
FAIL     PERCENT = 0.00
FUNCTION EVALUATIONS = 4939
GRADIENT EVALUATIONS = 3947
MINIMUM =  2.094395  2.094395  2.094395  2.094395  2.094395  2.094395  2.094395  2.094395  -3.500000 
FAIL     PERCENT = 0.00
FUNCTION EVALUATIONS = 4901
GRADIENT EVALUATIONS = 3915
MINIMUM =  2.094395  2.094395  2.094395  2.094395  2.094395  2.094395  2.094395  2.094395  -3.500000 
FAIL     PERCENT = 0.00
FUNCTION EVALUATIONS = 4934
GRADIENT EVALUATIONS = 3942
MINIMUM =  2.094395  2.094395  2.094395  2.094395  2.094395  2.094395  2.094395  2.094395  -3.500000 
FAIL     PERCENT = 0.00
FUNCTION EVALUATIONS = 4934
GRADIENT EVALUATIONS = 3944
MINIMUM =  2.094395  2.094395  2.094395  2.094395  2.094395  2.094395  2.094395  2.094395  -3.500000 
FAIL     PERCENT = 0.00
FUNCTION EVALUATIONS = 4926
GRADIENT EVALUATIONS = 3934
MINIMUM =  2.094395  2.094395  2.094395  2.094395  2.094395  2.094395  2.094395  2.094395  -3.500000 
FAIL     PERCENT = 0.00
FUNCTION EVALUATIONS = 5033
GRADIENT EVALUATIONS = 4025
MINIMUM =  2.094395  2.094395  2.094395  2.094395  2.094395  2.094395  2.094395  2.094395  -3.500000 
FAIL     PERCENT = 0.00
FUNCTION EVALUATIONS = 4994
GRADIENT EVALUATIONS = 3990
MINIMUM =  2.094395  2.094395  2.094395  2.094395  2.094395  2.094395  2.094395  2.094395  -3.500000 
FAIL     PERCENT = 0.00
FUNCTION EVALUATIONS = 5067
GRADIENT EVALUATIONS = 4053
MINIMUM =  2.094395  2.094395  2.094395  2.094395  2.094395  2.094395  2.094395  2.094395  -3.500000 
FAIL     PERCENT = 0.00
FUNCTION EVALUATIONS = 5012
GRADIENT EVALUATIONS = 4010
MINIMUM =  2.094395  2.094395  2.094395  2.094395  2.094395  2.094395  2.094395  2.094395  -3.500000 
FAIL     PERCENT = 0.00
FUNCTION EVALUATIONS = 4945
GRADIENT EVALUATIONS = 3953
MINIMUM =  2.094395  2.094395  2.094395  2.094395  2.094395  2.094395  2.094395  2.094395  -3.500000 
FAIL     PERCENT = 0.00
FUNCTION EVALUATIONS = 4931
GRADIENT EVALUATIONS = 3939
MINIMUM =  2.094395  2.094395  2.094395  2.094395  2.094395  2.094395  2.094395  2.094395  -3.500000 
FAIL     PERCENT = 0.00
FUNCTION EVALUATIONS = 4961
GRADIENT EVALUATIONS = 3965
MINIMUM =  2.094395  2.094395  2.094395  2.094395  2.094395  2.094395  2.094395  2.094395  -3.500000 
FAIL     PERCENT = 0.00
