FUNCTION EVALUATIONS = 100843
GRADIENT EVALUATIONS = 42
MINIMUM =  2.094395  2.094395  2.094395  2.094395  2.094395  2.094395  2.094395  2.094395  2.094395  2.094395  2.094395  2.094395  2.094395  2.094395  2.094395  2.094395  2.094395  2.094395  2.094395  2.094395  2.094395  2.094395  2.094395  2.094395  2.094395  2.094395  2.094395  2.094395  2.094395  2.094395  2.094395  2.094395  -3.500000 
FAIL     PERCENT = 0.00
FUNCTION EVALUATIONS = 100840
GRADIENT EVALUATIONS = 39
MINIMUM =  2.094395  2.094395  2.094395  2.094395  2.094395  2.094395  2.094395  2.094395  2.094395  2.094395  2.094395  2.094395  2.094395  2.094395  2.094395  2.094395  2.094395  2.094395  2.094395  2.094395  2.094395  2.094395  2.094395  2.094395  2.094395  2.094395  2.094395  2.094395  2.094395  2.094395  2.094395  2.094395  -3.500000 
FAIL     PERCENT = 0.00
FUNCTION EVALUATIONS = 100869
GRADIENT EVALUATIONS = 61
MINIMUM =  2.094395  2.094395  2.094395  2.094395  2.094395  2.094395  2.094395  2.094395  2.094395  2.094395  2.094395  2.094395  2.094395  2.094395  2.094395  2.094395  2.094395  2.094395  2.094395  2.094395  2.094395  2.094395  2.094395  2.094395  2.094395  2.094395  2.094395  2.094395  2.094395  2.094395  2.094395  2.094395  -3.500000 
FAIL     PERCENT = 0.00
FUNCTION EVALUATIONS = 100880
GRADIENT EVALUATIONS = 79
MINIMUM =  2.094395  2.094395  2.094395  2.094395  2.094395  2.094395  2.094395  2.094395  2.094395  2.094395  2.094395  2.094395  2.094395  2.094395  2.094395  2.094395  2.094395  2.094395  2.094395  2.094395  2.094395  2.094395  2.094395  2.094395  2.094395  2.094395  2.094395  2.094395  2.094395  2.094395  2.094395  2.094395  -3.500000 
FAIL     PERCENT = 0.00
FUNCTION EVALUATIONS = 100836
GRADIENT EVALUATIONS = 35
MINIMUM =  2.094395  2.094395  2.094395  2.094395  2.094395  2.094395  2.094395  2.094395  2.094395  2.094395  2.094395  2.094395  2.094395  2.094395  2.094395  2.094395  2.094395  2.094395  2.094395  2.094395  2.094395  2.094395  2.094395  2.094395  2.094395  2.094395  2.094395  2.094395  2.094395  2.094395  2.094395  2.094395  -3.500000 
FAIL     PERCENT = 0.00
FUNCTION EVALUATIONS = 100866
GRADIENT EVALUATIONS = 56
MINIMUM =  2.094395  2.094395  2.094395  2.094395  2.094395  2.094395  2.094395  2.094395  2.094395  2.094395  2.094395  2.094395  2.094395  2.094395  2.094395  2.094395  2.094395  2.094395  2.094395  2.094395  2.094395  2.094395  2.094395  2.094395  2.094395  2.094395  2.094395  2.094395  2.094395  2.094395  2.094395  2.094395  -3.500000 
FAIL     PERCENT = 0.00
FUNCTION EVALUATIONS = 89506
GRADIENT EVALUATIONS = 66
MINIMUM =  2.094395  2.094395  2.094395  2.094395  2.094395  2.094395  2.094395  2.094395  2.094395  2.094395  2.094395  2.094395  2.094395  2.094395  2.094395  2.094395  2.094395  2.094395  2.094395  2.094395  2.094395  2.094395  2.094395  2.094395  2.094395  2.094395  2.094395  2.094395  2.094395  2.094395  2.094395  2.094395  -3.500000 
FAIL     PERCENT = 0.00
FUNCTION EVALUATIONS = 100901
GRADIENT EVALUATIONS = 88
MINIMUM =  2.094395  2.094395  2.094395  2.094395  2.094395  2.094395  2.094395  2.094395  2.094395  2.094395  2.094395  2.094395  2.094395  2.094395  2.094395  2.094395  2.094395  2.094395  2.094395  2.094395  2.094395  2.094395  2.094395  2.094395  2.094395  2.094395  2.094395  2.094395  2.094395  2.094395  2.094395  2.094395  -3.500000 
FAIL     PERCENT = 0.00
FUNCTION EVALUATIONS = 100848
GRADIENT EVALUATIONS = 47
MINIMUM =  2.094395  2.094395  2.094395  2.094395  2.094395  2.094395  2.094395  2.094395  2.094395  2.094395  2.094395  2.094395  2.094395  2.094395  2.094395  2.094395  2.094395  2.094395  2.094395  2.094395  2.094395  2.094395  2.094395  2.094395  2.094395  2.094395  2.094395  2.094395  2.094395  2.094395  2.094395  2.094395  -3.500000 
FAIL     PERCENT = 0.00
FUNCTION EVALUATIONS = 81016
GRADIENT EVALUATIONS = 59
MINIMUM =  2.094395  2.094395  2.094395  2.094395  2.094395  2.094395  2.094395  2.094395  2.094395  2.094395  2.094395  2.094395  2.094395  2.094395  2.094395  2.094395  2.094395  2.094395  2.094395  2.094395  2.094395  2.094395  2.094395  2.094395  2.094395  2.094395  2.094395  2.094395  2.094395  2.094395  2.094395  2.094395  -3.500000 
FAIL     PERCENT = 0.00
FUNCTION EVALUATIONS = 100934
GRADIENT EVALUATIONS = 132
MINIMUM =  2.094395  2.094395  2.094395  2.094395  2.094395  2.094395  2.094395  2.094395  2.094395  2.094395  2.094395  2.094395  2.094395  2.094395  2.094395  2.094395  2.094395  2.094395  2.094395  2.094395  2.094395  2.094395  2.094395  2.094395  2.094395  2.094395  2.094395  2.094395  2.094395  2.094395  2.094395  2.094395  -3.500000 
FAIL     PERCENT = 0.00
FUNCTION EVALUATIONS = 51114
GRADIENT EVALUATIONS = 44
MINIMUM =  2.094395  2.094395  2.094395  2.094395  2.094395  2.094395  2.094395  2.094395  2.094395  2.094395  2.094395  2.094395  2.094395  2.094395  2.094395  2.094395  2.094395  2.094395  2.094395  2.094395  2.094395  2.094395  2.094395  2.094395  2.094395  2.094395  2.094395  2.094395  2.094395  2.094395  2.094395  2.094395  -3.500000 
FAIL     PERCENT = 0.00
FUNCTION EVALUATIONS = 100847
GRADIENT EVALUATIONS = 43
MINIMUM =  2.094395  2.094395  2.094395  2.094395  2.094395  2.094395  2.094395  2.094395  2.094395  2.094395  2.094395  2.094395  2.094395  2.094395  2.094395  2.094395  2.094395  2.094395  2.094395  2.094395  2.094395  2.094395  2.094395  2.094395  2.094395  2.094395  2.094395  2.094395  2.094395  2.094395  2.094395  2.094395  -3.500000 
FAIL     PERCENT = 0.00
FUNCTION EVALUATIONS = 100865
GRADIENT EVALUATIONS = 59
MINIMUM =  2.094395  2.094395  2.094395  2.094395  2.094395  2.094395  2.094395  2.094395  2.094395  2.094395  2.094395  2.094395  2.094395  2.094395  2.094395  2.094395  2.094395  2.094395  2.094395  2.094395  2.094395  2.094395  2.094395  2.094395  2.094395  2.094395  2.094395  2.094395  2.094395  2.094395  2.094395  2.094395  -3.500000 
FAIL     PERCENT = 0.00
FUNCTION EVALUATIONS = 53187
GRADIENT EVALUATIONS = 41
MINIMUM =  2.094395  2.094395  2.094395  2.094395  2.094395  2.094395  2.094395  2.094395  2.094395  2.094395  2.094395  2.094395  2.094395  2.094395  2.094395  2.094395  2.094395  2.094395  2.094395  2.094395  2.094395  2.094395  2.094395  2.094395  2.094395  2.094395  2.094395  2.094395  2.094395  2.094395  2.094395  2.094395  -3.500000 
FAIL     PERCENT = 0.00
FUNCTION EVALUATIONS = 100858
GRADIENT EVALUATIONS = 57
MINIMUM =  2.094395  2.094395  2.094395  2.094395  2.094395  2.094395  2.094395  2.094395  2.094395  2.094395  2.094395  2.094395  2.094395  2.094395  2.094395  2.094395  2.094395  2.094395  2.094395  2.094395  2.094395  2.094395  2.094395  2.094395  2.094395  2.094395  2.094395  2.094395  2.094395  2.094395  2.094395  2.094395  -3.500000 
FAIL     PERCENT = 0.00
FUNCTION EVALUATIONS = 72772
GRADIENT EVALUATIONS = 43
MINIMUM =  2.094395  2.094395  2.094395  2.094395  2.094395  2.094395  2.094395  2.094395  2.094395  2.094395  2.094395  2.094395  2.094395  2.094395  2.094395  2.094395  2.094395  2.094395  2.094395  2.094395  2.094395  2.094395  2.094395  2.094395  2.094395  2.094395  2.094395  2.094395  2.094395  2.094395  2.094395  2.094395  -3.500000 
FAIL     PERCENT = 0.00
FUNCTION EVALUATIONS = 100856
GRADIENT EVALUATIONS = 45
MINIMUM =  2.094395  2.094395  2.094395  2.094395  2.094395  2.094395  2.094395  2.094395  2.094395  2.094395  2.094395  2.094395  2.094395  2.094395  2.094395  2.094395  2.094395  2.094395  2.094395  2.094395  2.094395  2.094395  2.094395  2.094395  2.094395  2.094395  2.094395  2.094395  2.094395  2.094395  2.094395  2.094395  -3.500000 
FAIL     PERCENT = 0.00
FUNCTION EVALUATIONS = 62148
GRADIENT EVALUATIONS = 30
MINIMUM =  2.094395  2.094395  2.094395  2.094395  2.094395  2.094395  2.094395  2.094395  2.094395  2.094395  2.094395  2.094395  2.094395  2.094395  2.094395  2.094395  2.094395  2.094395  2.094395  2.094395  2.094395  2.094395  2.094395  2.094395  2.094395  2.094395  2.094395  2.094395  2.094395  2.094395  2.094395  2.094395  -3.500000 
FAIL     PERCENT = 0.00
FUNCTION EVALUATIONS = 100851
GRADIENT EVALUATIONS = 50
MINIMUM =  2.094395  2.094395  2.094395  2.094395  2.094395  2.094395  2.094395  2.094395  2.094395  2.094395  2.094395  2.094395  2.094395  2.094395  2.094395  2.094395  2.094395  2.094395  2.094395  2.094395  2.094395  2.094395  2.094395  2.094395  2.094395  2.094395  2.094395  2.094395  2.094395  2.094395  2.094395  2.094395  -3.500000 
FAIL     PERCENT = 0.00
FUNCTION EVALUATIONS = 100846
GRADIENT EVALUATIONS = 45
MINIMUM =  2.094395  2.094395  2.094395  2.094395  2.094395  2.094395  2.094395  2.094395  2.094395  2.094395  2.094395  2.094395  2.094395  2.094395  2.094395  2.094395  2.094395  2.094395  2.094395  2.094395  2.094395  2.094395  2.094395  2.094395  2.094395  2.094395  2.094395  2.094395  2.094395  2.094395  2.094395  2.094395  -3.500000 
FAIL     PERCENT = 0.00
FUNCTION EVALUATIONS = 100833
GRADIENT EVALUATIONS = 32
MINIMUM =  2.094395  2.094395  2.094395  2.094395  2.094395  2.094395  2.094395  2.094395  2.094395  2.094395  2.094395  2.094395  2.094395  2.094395  2.094395  2.094395  2.094395  2.094395  2.094395  2.094395  2.094395  2.094395  2.094395  2.094395  2.094395  2.094395  2.094395  2.094395  2.094395  2.094395  2.094395  2.094395  -3.500000 
FAIL     PERCENT = 0.00
FUNCTION EVALUATIONS = 93385
GRADIENT EVALUATIONS = 44
MINIMUM =  2.094395  2.094395  2.094395  2.094395  2.094395  2.094395  2.094395  2.094395  2.094395  2.094395  2.094395  2.094395  2.094395  2.094395  2.094395  2.094395  2.094395  2.094395  2.094395  2.094395  2.094395  2.094395  2.094395  2.094395  2.094395  2.094395  2.094395  2.094395  2.094395  2.094395  2.094395  2.094395  -3.500000 
FAIL     PERCENT = 0.00
FUNCTION EVALUATIONS = 93055
GRADIENT EVALUATIONS = 43
MINIMUM =  2.094395  2.094395  2.094395  2.094395  2.094395  2.094395  2.094395  2.094395  2.094395  2.094395  2.094395  2.094395  2.094395  2.094395  2.094395  2.094395  2.094395  2.094395  2.094395  2.094395  2.094395  2.094395  2.094395  2.094395  2.094395  2.094395  2.094395  2.094395  2.094395  2.094395  2.094395  2.094395  -3.500000 
FAIL     PERCENT = 0.00
FUNCTION EVALUATIONS = 100845
GRADIENT EVALUATIONS = 44
MINIMUM =  2.094395  2.094395  2.094395  2.094395  2.094395  2.094395  2.094395  2.094395  2.094395  2.094395  2.094395  2.094395  2.094395  2.094395  2.094395  2.094395  2.094395  2.094395  2.094395  2.094395  2.094395  2.094395  2.094395  2.094395  2.094395  2.094395  2.094395  2.094395  2.094395  2.094395  2.094395  2.094395  -3.500000 
FAIL     PERCENT = 0.00
FUNCTION EVALUATIONS = 66273
GRADIENT EVALUATIONS = 92
MINIMUM =  2.094395  2.094395  2.094395  2.094395  2.094395  2.094395  2.094395  2.094395  2.094395  2.094395  2.094395  2.094395  2.094395  2.094395  2.094395  2.094395  2.094395  2.094395  2.094395  2.094395  2.094395  2.094395  2.094395  2.094395  2.094395  2.094395  2.094395  2.094395  2.094395  2.094395  2.094395  2.094395  -3.500000 
FAIL     PERCENT = 0.00
FUNCTION EVALUATIONS = 69761
GRADIENT EVALUATIONS = 58
MINIMUM =  2.094395  2.094395  2.094395  2.094395  2.094395  2.094395  2.094395  2.094395  2.094395  2.094395  2.094395  2.094395  2.094395  2.094395  2.094395  2.094395  2.094395  2.094395  2.094395  2.094395  2.094395  2.094395  2.094395  2.094395  2.094395  2.094395  2.094395  2.094395  2.094395  2.094395  2.094395  2.094395  -3.500000 
FAIL     PERCENT = 0.00
FUNCTION EVALUATIONS = 91317
GRADIENT EVALUATIONS = 60
MINIMUM =  2.094395  2.094395  2.094395  2.094395  2.094395  2.094395  2.094395  2.094395  2.094395  2.094395  2.094395  2.094395  2.094395  2.094395  2.094395  2.094395  2.094395  2.094395  2.094395  2.094395  2.094395  2.094395  2.094395  2.094395  2.094395  2.094395  2.094395  2.094395  2.094395  2.094395  2.094395  2.094395  -3.500000 
FAIL     PERCENT = 0.00
FUNCTION EVALUATIONS = 100844
GRADIENT EVALUATIONS = 43
MINIMUM =  2.094395  2.094395  2.094395  2.094395  2.094395  2.094395  2.094395  2.094395  2.094395  2.094395  2.094395  2.094395  2.094395  2.094395  2.094395  2.094395  2.094395  2.094395  2.094395  2.094395  2.094395  2.094395  2.094395  2.094395  2.094395  2.094395  2.094395  2.094395  2.094395  2.094395  2.094395  2.094395  -3.500000 
FAIL     PERCENT = 0.00
FUNCTION EVALUATIONS = 100846
GRADIENT EVALUATIONS = 44
MINIMUM =  2.094395  2.094395  2.094395  2.094395  2.094395  2.094395  2.094395  2.094395  2.094395  2.094395  2.094395  2.094395  2.094395  2.094395  2.094395  2.094395  2.094395  2.094395  2.094395  2.094395  2.094395  2.094395  2.094395  2.094395  2.094395  2.094395  2.094395  2.094395  2.094395  2.094395  2.094395  2.094395  -3.500000 
FAIL     PERCENT = 0.00
